[2025-01-06 00:14:22,062] 161 numexpr.utils - INFO - NumExpr defaulting to 4 threads.
[2025-01-06 00:14:23,771] 134 root - INFO - Data Validation has started
[2025-01-06 00:14:23,794] 37 root - INFO - Checking data drift
[2025-01-06 00:14:23,828] 76 root - INFO - Pushing data drifts to dagshub
[2025-01-06 00:14:25,227] 1038 httpx - INFO - HTTP Request: GET https://dagshub.com/api/v1/user "HTTP/1.1 200 OK"
[2025-01-06 00:14:25,232] 107 dagshub - INFO - Accessing as peniel18
[2025-01-06 00:14:25,656] 1038 httpx - INFO - HTTP Request: GET https://dagshub.com/api/v1/repos/peniel18/gold-price-prediction-system "HTTP/1.1 200 OK"
[2025-01-06 00:14:26,182] 1038 httpx - INFO - HTTP Request: GET https://dagshub.com/api/v1/user "HTTP/1.1 200 OK"
[2025-01-06 00:14:26,185] 107 dagshub - INFO - Initialized MLflow to track repo "peniel18/gold-price-prediction-system"
[2025-01-06 00:14:26,186] 107 dagshub - INFO - Repository peniel18/gold-price-prediction-system initialized!
[2025-01-06 00:16:50,501] 107 root - INFO - Validation features and column names
[2025-01-06 00:16:50,502] 112 root - INFO - Expected Columns: ['Date', 'month', 'year', 'day', 'day_week_name', 'is_weekend', 'dayOfyear', 'quarter', 'Close', 'High', 'Low', 'Open', 'Volume', 'Agg_mean', 'Agg_max', 'Agg_std', 'Agg_min', 'Kurt', 'skewness', 'lag_1', 'lag_2', 'lag_3']
[2025-01-06 00:16:50,503] 113 root - INFO - Actual Columns: Index(['Date', 'Close', 'High', 'Low', 'Open', 'Volume', 'Agg_mean', 'Agg_max',
       'Agg_std', 'Agg_min', 'Kurt', 'skewness', 'month', 'year', 'day',
       'dayOfweek', 'is_weekend', 'dayOfyear', 'quarter', 'lag_1', 'lag_2',
       'lag_3'],
      dtype='object')
[2025-01-06 00:16:50,503] 120 root - INFO - Missing Columns Detected: day_week_name
[2025-01-06 00:16:50,504] 127 root - INFO - Column count matches expected configuration
[2025-01-06 00:16:50,504] 129 root - INFO - Feature and Columns Validated Succesfully
[2025-01-06 00:16:50,505] 150 root - INFO - Columns and feature Validation Status: True
