[2025-01-14 18:26:54,740] 161 numexpr.utils - INFO - NumExpr defaulting to 4 threads.
[2025-01-14 18:27:07,197] 134 root - INFO - Data Validation has started
[2025-01-14 18:27:07,545] 37 root - INFO - Checking data drift
[2025-01-14 18:27:07,748] 76 root - INFO - Pushing data drifts to dagshub
[2025-01-14 18:27:08,813] 1038 httpx - INFO - HTTP Request: GET https://dagshub.com/api/v1/user "HTTP/1.1 200 OK"
[2025-01-14 18:27:08,819] 107 dagshub - INFO - Accessing as peniel18
[2025-01-14 18:27:09,364] 1038 httpx - INFO - HTTP Request: GET https://dagshub.com/api/v1/repos/peniel18/gold-price-prediction-system "HTTP/1.1 200 OK"
[2025-01-14 18:27:09,846] 1038 httpx - INFO - HTTP Request: GET https://dagshub.com/api/v1/user "HTTP/1.1 200 OK"
[2025-01-14 18:27:09,849] 107 dagshub - INFO - Initialized MLflow to track repo "peniel18/gold-price-prediction-system"
[2025-01-14 18:27:09,850] 107 dagshub - INFO - Repository peniel18/gold-price-prediction-system initialized!
[2025-01-14 18:29:34,108] 107 root - INFO - Validation features and column names
[2025-01-14 18:29:34,109] 112 root - INFO - Expected Columns: ['Date', 'month', 'year', 'day', 'day_week_name', 'is_weekend', 'dayOfyear', 'quarter', 'Close', 'High', 'Low', 'Open', 'Volume', 'Agg_mean', 'Agg_max', 'Agg_std', 'Agg_min', 'Kurt', 'skewness', 'lag_1', 'lag_2', 'lag_3']
[2025-01-14 18:29:34,136] 113 root - INFO - Actual Columns: Index(['Date', 'Close', 'High', 'Low', 'Open', 'Volume', 'Agg_mean', 'Agg_max',
       'Agg_std', 'Agg_min', 'Kurt', 'skewness', 'month', 'year', 'day',
       'dayOfweek', 'is_weekend', 'dayOfyear', 'quarter', 'lag_1', 'lag_2',
       'lag_3'],
      dtype='object')
[2025-01-14 18:29:34,137] 120 root - INFO - Missing Columns Detected: day_week_name
[2025-01-14 18:29:34,137] 127 root - INFO - Column count matches expected configuration
[2025-01-14 18:29:34,138] 129 root - INFO - Feature and Columns Validated Succesfully
[2025-01-14 18:29:34,138] 150 root - INFO - Columns and feature Validation Status: True
