[2025-01-15 00:21:26,854] 161 numexpr.utils - INFO - NumExpr defaulting to 4 threads.
[2025-01-15 00:21:42,113] 115 great_expectations._docs_decorators - INFO - Skipping registering function get_context because it does not have a class
[2025-01-15 00:21:53,225] 109 great_expectations._docs_decorators - INFO - Skipping registering function DataSourceManager._register_add_datasource.<locals>.crud_method_info because it is a closure
[2025-01-15 00:21:53,226] 109 great_expectations._docs_decorators - INFO - Skipping registering function DataSourceManager._register_update_datasource.<locals>.crud_method_info because it is a closure
[2025-01-15 00:21:53,227] 109 great_expectations._docs_decorators - INFO - Skipping registering function DataSourceManager._register_add_or_update_datasource.<locals>.crud_method_info because it is a closure
[2025-01-15 00:21:53,228] 109 great_expectations._docs_decorators - INFO - Skipping registering function DataSourceManager._register_delete_datasource.<locals>.crud_method_info because it is a closure
[2025-01-15 00:21:53,842] 109 great_expectations._docs_decorators - INFO - Skipping registering function DataSourceManager._bind_asset_factory_method_if_not_present.<locals>._add_asset_factory because it is a closure
[2025-01-15 00:21:53,842] 109 great_expectations._docs_decorators - INFO - Skipping registering function DataSourceManager._bind_asset_factory_method_if_not_present.<locals>._add_asset_factory because it is a closure
[2025-01-15 00:21:53,843] 109 great_expectations._docs_decorators - INFO - Skipping registering function DataSourceManager._bind_asset_factory_method_if_not_present.<locals>._add_asset_factory because it is a closure
[2025-01-15 00:21:53,843] 109 great_expectations._docs_decorators - INFO - Skipping registering function DataSourceManager._bind_asset_factory_method_if_not_present.<locals>._add_asset_factory because it is a closure
[2025-01-15 00:21:53,844] 109 great_expectations._docs_decorators - INFO - Skipping registering function DataSourceManager._bind_asset_factory_method_if_not_present.<locals>._add_asset_factory because it is a closure
[2025-01-15 00:21:53,844] 109 great_expectations._docs_decorators - INFO - Skipping registering function DataSourceManager._bind_asset_factory_method_if_not_present.<locals>._add_asset_factory because it is a closure
[2025-01-15 00:21:53,846] 109 great_expectations._docs_decorators - INFO - Skipping registering function DataSourceManager._bind_asset_factory_method_if_not_present.<locals>._add_asset_factory because it is a closure
[2025-01-15 00:21:53,847] 109 great_expectations._docs_decorators - INFO - Skipping registering function DataSourceManager._bind_asset_factory_method_if_not_present.<locals>._add_asset_factory because it is a closure
[2025-01-15 00:21:53,848] 109 great_expectations._docs_decorators - INFO - Skipping registering function DataSourceManager._bind_asset_factory_method_if_not_present.<locals>._add_asset_factory because it is a closure
[2025-01-15 00:21:53,848] 109 great_expectations._docs_decorators - INFO - Skipping registering function DataSourceManager._bind_asset_factory_method_if_not_present.<locals>._add_asset_factory because it is a closure
[2025-01-15 00:21:53,849] 109 great_expectations._docs_decorators - INFO - Skipping registering function DataSourceManager._bind_asset_factory_method_if_not_present.<locals>._add_asset_factory because it is a closure
[2025-01-15 00:21:53,849] 109 great_expectations._docs_decorators - INFO - Skipping registering function DataSourceManager._bind_asset_factory_method_if_not_present.<locals>._add_asset_factory because it is a closure
[2025-01-15 00:21:53,850] 109 great_expectations._docs_decorators - INFO - Skipping registering function DataSourceManager._bind_asset_factory_method_if_not_present.<locals>._add_asset_factory because it is a closure
[2025-01-15 00:21:53,850] 109 great_expectations._docs_decorators - INFO - Skipping registering function DataSourceManager._bind_asset_factory_method_if_not_present.<locals>._add_asset_factory because it is a closure
[2025-01-15 00:21:53,850] 109 great_expectations._docs_decorators - INFO - Skipping registering function DataSourceManager._register_add_datasource.<locals>.crud_method_info because it is a closure
[2025-01-15 00:21:53,851] 109 great_expectations._docs_decorators - INFO - Skipping registering function DataSourceManager._register_update_datasource.<locals>.crud_method_info because it is a closure
[2025-01-15 00:21:53,851] 109 great_expectations._docs_decorators - INFO - Skipping registering function DataSourceManager._register_add_or_update_datasource.<locals>.crud_method_info because it is a closure
[2025-01-15 00:21:53,852] 109 great_expectations._docs_decorators - INFO - Skipping registering function DataSourceManager._register_delete_datasource.<locals>.crud_method_info because it is a closure
[2025-01-15 00:21:53,856] 109 great_expectations._docs_decorators - INFO - Skipping registering function DataSourceManager._register_add_datasource.<locals>.crud_method_info because it is a closure
[2025-01-15 00:21:53,856] 109 great_expectations._docs_decorators - INFO - Skipping registering function DataSourceManager._register_update_datasource.<locals>.crud_method_info because it is a closure
[2025-01-15 00:21:53,857] 109 great_expectations._docs_decorators - INFO - Skipping registering function DataSourceManager._register_add_or_update_datasource.<locals>.crud_method_info because it is a closure
[2025-01-15 00:21:53,857] 109 great_expectations._docs_decorators - INFO - Skipping registering function DataSourceManager._register_delete_datasource.<locals>.crud_method_info because it is a closure
[2025-01-15 00:21:53,862] 109 great_expectations._docs_decorators - INFO - Skipping registering function DataSourceManager._bind_asset_factory_method_if_not_present.<locals>._add_asset_factory because it is a closure
[2025-01-15 00:21:53,862] 109 great_expectations._docs_decorators - INFO - Skipping registering function DataSourceManager._bind_asset_factory_method_if_not_present.<locals>._add_asset_factory because it is a closure
[2025-01-15 00:21:53,863] 109 great_expectations._docs_decorators - INFO - Skipping registering function DataSourceManager._bind_asset_factory_method_if_not_present.<locals>._add_asset_factory because it is a closure
[2025-01-15 00:21:53,863] 109 great_expectations._docs_decorators - INFO - Skipping registering function DataSourceManager._bind_asset_factory_method_if_not_present.<locals>._add_asset_factory because it is a closure
[2025-01-15 00:21:53,864] 109 great_expectations._docs_decorators - INFO - Skipping registering function DataSourceManager._bind_asset_factory_method_if_not_present.<locals>._add_asset_factory because it is a closure
[2025-01-15 00:21:53,864] 109 great_expectations._docs_decorators - INFO - Skipping registering function DataSourceManager._bind_asset_factory_method_if_not_present.<locals>._add_asset_factory because it is a closure
[2025-01-15 00:21:53,865] 109 great_expectations._docs_decorators - INFO - Skipping registering function DataSourceManager._bind_asset_factory_method_if_not_present.<locals>._add_asset_factory because it is a closure
[2025-01-15 00:21:53,865] 109 great_expectations._docs_decorators - INFO - Skipping registering function DataSourceManager._bind_asset_factory_method_if_not_present.<locals>._add_asset_factory because it is a closure
[2025-01-15 00:21:53,866] 109 great_expectations._docs_decorators - INFO - Skipping registering function DataSourceManager._bind_asset_factory_method_if_not_present.<locals>._add_asset_factory because it is a closure
[2025-01-15 00:21:53,866] 109 great_expectations._docs_decorators - INFO - Skipping registering function DataSourceManager._bind_asset_factory_method_if_not_present.<locals>._add_asset_factory because it is a closure
[2025-01-15 00:21:53,867] 109 great_expectations._docs_decorators - INFO - Skipping registering function DataSourceManager._bind_asset_factory_method_if_not_present.<locals>._add_asset_factory because it is a closure
[2025-01-15 00:21:53,867] 109 great_expectations._docs_decorators - INFO - Skipping registering function DataSourceManager._bind_asset_factory_method_if_not_present.<locals>._add_asset_factory because it is a closure
[2025-01-15 00:21:53,868] 109 great_expectations._docs_decorators - INFO - Skipping registering function DataSourceManager._bind_asset_factory_method_if_not_present.<locals>._add_asset_factory because it is a closure
[2025-01-15 00:21:53,868] 109 great_expectations._docs_decorators - INFO - Skipping registering function DataSourceManager._bind_asset_factory_method_if_not_present.<locals>._add_asset_factory because it is a closure
[2025-01-15 00:21:53,869] 109 great_expectations._docs_decorators - INFO - Skipping registering function DataSourceManager._register_add_datasource.<locals>.crud_method_info because it is a closure
[2025-01-15 00:21:53,869] 109 great_expectations._docs_decorators - INFO - Skipping registering function DataSourceManager._register_update_datasource.<locals>.crud_method_info because it is a closure
[2025-01-15 00:21:53,870] 109 great_expectations._docs_decorators - INFO - Skipping registering function DataSourceManager._register_add_or_update_datasource.<locals>.crud_method_info because it is a closure
[2025-01-15 00:21:53,870] 109 great_expectations._docs_decorators - INFO - Skipping registering function DataSourceManager._register_delete_datasource.<locals>.crud_method_info because it is a closure
[2025-01-15 00:21:53,875] 109 great_expectations._docs_decorators - INFO - Skipping registering function DataSourceManager._bind_asset_factory_method_if_not_present.<locals>._add_asset_factory because it is a closure
[2025-01-15 00:21:53,875] 109 great_expectations._docs_decorators - INFO - Skipping registering function DataSourceManager._bind_asset_factory_method_if_not_present.<locals>._add_asset_factory because it is a closure
[2025-01-15 00:21:53,876] 109 great_expectations._docs_decorators - INFO - Skipping registering function DataSourceManager._bind_asset_factory_method_if_not_present.<locals>._add_asset_factory because it is a closure
[2025-01-15 00:21:53,877] 109 great_expectations._docs_decorators - INFO - Skipping registering function DataSourceManager._bind_asset_factory_method_if_not_present.<locals>._add_asset_factory because it is a closure
[2025-01-15 00:21:53,877] 109 great_expectations._docs_decorators - INFO - Skipping registering function DataSourceManager._bind_asset_factory_method_if_not_present.<locals>._add_asset_factory because it is a closure
[2025-01-15 00:21:53,878] 109 great_expectations._docs_decorators - INFO - Skipping registering function DataSourceManager._bind_asset_factory_method_if_not_present.<locals>._add_asset_factory because it is a closure
[2025-01-15 00:21:53,878] 109 great_expectations._docs_decorators - INFO - Skipping registering function DataSourceManager._bind_asset_factory_method_if_not_present.<locals>._add_asset_factory because it is a closure
[2025-01-15 00:21:53,878] 109 great_expectations._docs_decorators - INFO - Skipping registering function DataSourceManager._bind_asset_factory_method_if_not_present.<locals>._add_asset_factory because it is a closure
[2025-01-15 00:21:53,879] 109 great_expectations._docs_decorators - INFO - Skipping registering function DataSourceManager._bind_asset_factory_method_if_not_present.<locals>._add_asset_factory because it is a closure
[2025-01-15 00:21:53,879] 109 great_expectations._docs_decorators - INFO - Skipping registering function DataSourceManager._bind_asset_factory_method_if_not_present.<locals>._add_asset_factory because it is a closure
[2025-01-15 00:21:53,880] 109 great_expectations._docs_decorators - INFO - Skipping registering function DataSourceManager._bind_asset_factory_method_if_not_present.<locals>._add_asset_factory because it is a closure
[2025-01-15 00:21:53,880] 109 great_expectations._docs_decorators - INFO - Skipping registering function DataSourceManager._bind_asset_factory_method_if_not_present.<locals>._add_asset_factory because it is a closure
[2025-01-15 00:21:53,880] 109 great_expectations._docs_decorators - INFO - Skipping registering function DataSourceManager._bind_asset_factory_method_if_not_present.<locals>._add_asset_factory because it is a closure
[2025-01-15 00:21:53,881] 109 great_expectations._docs_decorators - INFO - Skipping registering function DataSourceManager._bind_asset_factory_method_if_not_present.<locals>._add_asset_factory because it is a closure
[2025-01-15 00:21:53,881] 109 great_expectations._docs_decorators - INFO - Skipping registering function DataSourceManager._register_add_datasource.<locals>.crud_method_info because it is a closure
[2025-01-15 00:21:53,881] 109 great_expectations._docs_decorators - INFO - Skipping registering function DataSourceManager._register_update_datasource.<locals>.crud_method_info because it is a closure
[2025-01-15 00:21:53,882] 109 great_expectations._docs_decorators - INFO - Skipping registering function DataSourceManager._register_add_or_update_datasource.<locals>.crud_method_info because it is a closure
[2025-01-15 00:21:53,882] 109 great_expectations._docs_decorators - INFO - Skipping registering function DataSourceManager._register_delete_datasource.<locals>.crud_method_info because it is a closure
[2025-01-15 00:21:53,887] 109 great_expectations._docs_decorators - INFO - Skipping registering function DataSourceManager._bind_asset_factory_method_if_not_present.<locals>._add_asset_factory because it is a closure
[2025-01-15 00:21:53,887] 109 great_expectations._docs_decorators - INFO - Skipping registering function DataSourceManager._bind_asset_factory_method_if_not_present.<locals>._add_asset_factory because it is a closure
[2025-01-15 00:21:53,888] 109 great_expectations._docs_decorators - INFO - Skipping registering function DataSourceManager._bind_asset_factory_method_if_not_present.<locals>._add_asset_factory because it is a closure
[2025-01-15 00:21:53,889] 109 great_expectations._docs_decorators - INFO - Skipping registering function DataSourceManager._bind_asset_factory_method_if_not_present.<locals>._add_asset_factory because it is a closure
[2025-01-15 00:21:53,889] 109 great_expectations._docs_decorators - INFO - Skipping registering function DataSourceManager._bind_asset_factory_method_if_not_present.<locals>._add_asset_factory because it is a closure
[2025-01-15 00:21:53,890] 109 great_expectations._docs_decorators - INFO - Skipping registering function DataSourceManager._bind_asset_factory_method_if_not_present.<locals>._add_asset_factory because it is a closure
[2025-01-15 00:21:53,890] 109 great_expectations._docs_decorators - INFO - Skipping registering function DataSourceManager._bind_asset_factory_method_if_not_present.<locals>._add_asset_factory because it is a closure
[2025-01-15 00:21:53,891] 109 great_expectations._docs_decorators - INFO - Skipping registering function DataSourceManager._bind_asset_factory_method_if_not_present.<locals>._add_asset_factory because it is a closure
[2025-01-15 00:21:53,891] 109 great_expectations._docs_decorators - INFO - Skipping registering function DataSourceManager._bind_asset_factory_method_if_not_present.<locals>._add_asset_factory because it is a closure
[2025-01-15 00:21:53,892] 109 great_expectations._docs_decorators - INFO - Skipping registering function DataSourceManager._bind_asset_factory_method_if_not_present.<locals>._add_asset_factory because it is a closure
[2025-01-15 00:21:53,892] 109 great_expectations._docs_decorators - INFO - Skipping registering function DataSourceManager._bind_asset_factory_method_if_not_present.<locals>._add_asset_factory because it is a closure
[2025-01-15 00:21:53,893] 109 great_expectations._docs_decorators - INFO - Skipping registering function DataSourceManager._bind_asset_factory_method_if_not_present.<locals>._add_asset_factory because it is a closure
[2025-01-15 00:21:53,893] 109 great_expectations._docs_decorators - INFO - Skipping registering function DataSourceManager._bind_asset_factory_method_if_not_present.<locals>._add_asset_factory because it is a closure
[2025-01-15 00:21:53,894] 109 great_expectations._docs_decorators - INFO - Skipping registering function DataSourceManager._bind_asset_factory_method_if_not_present.<locals>._add_asset_factory because it is a closure
[2025-01-15 00:21:53,894] 109 great_expectations._docs_decorators - INFO - Skipping registering function DataSourceManager._register_add_datasource.<locals>.crud_method_info because it is a closure
[2025-01-15 00:21:53,894] 109 great_expectations._docs_decorators - INFO - Skipping registering function DataSourceManager._register_update_datasource.<locals>.crud_method_info because it is a closure
[2025-01-15 00:21:53,895] 109 great_expectations._docs_decorators - INFO - Skipping registering function DataSourceManager._register_add_or_update_datasource.<locals>.crud_method_info because it is a closure
[2025-01-15 00:21:53,895] 109 great_expectations._docs_decorators - INFO - Skipping registering function DataSourceManager._register_delete_datasource.<locals>.crud_method_info because it is a closure
[2025-01-15 00:21:53,908] 109 great_expectations._docs_decorators - INFO - Skipping registering function DataSourceManager._register_add_datasource.<locals>.crud_method_info because it is a closure
[2025-01-15 00:21:53,909] 109 great_expectations._docs_decorators - INFO - Skipping registering function DataSourceManager._register_update_datasource.<locals>.crud_method_info because it is a closure
[2025-01-15 00:21:53,910] 109 great_expectations._docs_decorators - INFO - Skipping registering function DataSourceManager._register_add_or_update_datasource.<locals>.crud_method_info because it is a closure
[2025-01-15 00:21:53,910] 109 great_expectations._docs_decorators - INFO - Skipping registering function DataSourceManager._register_delete_datasource.<locals>.crud_method_info because it is a closure
[2025-01-15 00:21:53,938] 109 great_expectations._docs_decorators - INFO - Skipping registering function DataSourceManager._register_add_datasource.<locals>.crud_method_info because it is a closure
[2025-01-15 00:21:53,938] 109 great_expectations._docs_decorators - INFO - Skipping registering function DataSourceManager._register_update_datasource.<locals>.crud_method_info because it is a closure
[2025-01-15 00:21:53,939] 109 great_expectations._docs_decorators - INFO - Skipping registering function DataSourceManager._register_add_or_update_datasource.<locals>.crud_method_info because it is a closure
[2025-01-15 00:21:53,939] 109 great_expectations._docs_decorators - INFO - Skipping registering function DataSourceManager._register_delete_datasource.<locals>.crud_method_info because it is a closure
[2025-01-15 00:21:53,943] 109 great_expectations._docs_decorators - INFO - Skipping registering function DataSourceManager._register_add_datasource.<locals>.crud_method_info because it is a closure
[2025-01-15 00:21:53,944] 109 great_expectations._docs_decorators - INFO - Skipping registering function DataSourceManager._register_update_datasource.<locals>.crud_method_info because it is a closure
[2025-01-15 00:21:53,944] 109 great_expectations._docs_decorators - INFO - Skipping registering function DataSourceManager._register_add_or_update_datasource.<locals>.crud_method_info because it is a closure
[2025-01-15 00:21:53,945] 109 great_expectations._docs_decorators - INFO - Skipping registering function DataSourceManager._register_delete_datasource.<locals>.crud_method_info because it is a closure
[2025-01-15 00:21:53,954] 109 great_expectations._docs_decorators - INFO - Skipping registering function DataSourceManager._register_add_datasource.<locals>.crud_method_info because it is a closure
[2025-01-15 00:21:53,954] 109 great_expectations._docs_decorators - INFO - Skipping registering function DataSourceManager._register_update_datasource.<locals>.crud_method_info because it is a closure
[2025-01-15 00:21:53,954] 109 great_expectations._docs_decorators - INFO - Skipping registering function DataSourceManager._register_add_or_update_datasource.<locals>.crud_method_info because it is a closure
[2025-01-15 00:21:53,955] 109 great_expectations._docs_decorators - INFO - Skipping registering function DataSourceManager._register_delete_datasource.<locals>.crud_method_info because it is a closure
[2025-01-15 00:21:54,169] 109 great_expectations._docs_decorators - INFO - Skipping registering function DataSourceManager._bind_asset_factory_method_if_not_present.<locals>._add_asset_factory because it is a closure
[2025-01-15 00:21:54,170] 109 great_expectations._docs_decorators - INFO - Skipping registering function DataSourceManager._bind_asset_factory_method_if_not_present.<locals>._add_asset_factory because it is a closure
[2025-01-15 00:21:54,171] 109 great_expectations._docs_decorators - INFO - Skipping registering function DataSourceManager._bind_asset_factory_method_if_not_present.<locals>._add_asset_factory because it is a closure
[2025-01-15 00:21:54,171] 109 great_expectations._docs_decorators - INFO - Skipping registering function DataSourceManager._bind_asset_factory_method_if_not_present.<locals>._add_asset_factory because it is a closure
[2025-01-15 00:21:54,172] 109 great_expectations._docs_decorators - INFO - Skipping registering function DataSourceManager._bind_asset_factory_method_if_not_present.<locals>._add_asset_factory because it is a closure
[2025-01-15 00:21:54,172] 109 great_expectations._docs_decorators - INFO - Skipping registering function DataSourceManager._bind_asset_factory_method_if_not_present.<locals>._add_asset_factory because it is a closure
[2025-01-15 00:21:54,173] 109 great_expectations._docs_decorators - INFO - Skipping registering function DataSourceManager._bind_asset_factory_method_if_not_present.<locals>._add_asset_factory because it is a closure
[2025-01-15 00:21:54,173] 109 great_expectations._docs_decorators - INFO - Skipping registering function DataSourceManager._bind_asset_factory_method_if_not_present.<locals>._add_asset_factory because it is a closure
[2025-01-15 00:21:54,174] 109 great_expectations._docs_decorators - INFO - Skipping registering function DataSourceManager._bind_asset_factory_method_if_not_present.<locals>._add_asset_factory because it is a closure
[2025-01-15 00:21:54,174] 109 great_expectations._docs_decorators - INFO - Skipping registering function DataSourceManager._bind_asset_factory_method_if_not_present.<locals>._add_asset_factory because it is a closure
[2025-01-15 00:21:54,175] 109 great_expectations._docs_decorators - INFO - Skipping registering function DataSourceManager._bind_asset_factory_method_if_not_present.<locals>._add_asset_factory because it is a closure
[2025-01-15 00:21:54,176] 109 great_expectations._docs_decorators - INFO - Skipping registering function DataSourceManager._bind_asset_factory_method_if_not_present.<locals>._add_asset_factory because it is a closure
[2025-01-15 00:21:54,176] 109 great_expectations._docs_decorators - INFO - Skipping registering function DataSourceManager._register_add_datasource.<locals>.crud_method_info because it is a closure
[2025-01-15 00:21:54,177] 109 great_expectations._docs_decorators - INFO - Skipping registering function DataSourceManager._register_update_datasource.<locals>.crud_method_info because it is a closure
[2025-01-15 00:21:54,177] 109 great_expectations._docs_decorators - INFO - Skipping registering function DataSourceManager._register_add_or_update_datasource.<locals>.crud_method_info because it is a closure
[2025-01-15 00:21:54,178] 109 great_expectations._docs_decorators - INFO - Skipping registering function DataSourceManager._register_delete_datasource.<locals>.crud_method_info because it is a closure
[2025-01-15 00:21:54,187] 109 great_expectations._docs_decorators - INFO - Skipping registering function DataSourceManager._register_add_datasource.<locals>.crud_method_info because it is a closure
[2025-01-15 00:21:54,188] 109 great_expectations._docs_decorators - INFO - Skipping registering function DataSourceManager._register_update_datasource.<locals>.crud_method_info because it is a closure
[2025-01-15 00:21:54,189] 109 great_expectations._docs_decorators - INFO - Skipping registering function DataSourceManager._register_add_or_update_datasource.<locals>.crud_method_info because it is a closure
[2025-01-15 00:21:54,189] 109 great_expectations._docs_decorators - INFO - Skipping registering function DataSourceManager._register_delete_datasource.<locals>.crud_method_info because it is a closure
[2025-01-15 00:21:54,196] 109 great_expectations._docs_decorators - INFO - Skipping registering function DataSourceManager._bind_asset_factory_method_if_not_present.<locals>._add_asset_factory because it is a closure
[2025-01-15 00:21:54,197] 109 great_expectations._docs_decorators - INFO - Skipping registering function DataSourceManager._bind_asset_factory_method_if_not_present.<locals>._add_asset_factory because it is a closure
[2025-01-15 00:21:54,198] 109 great_expectations._docs_decorators - INFO - Skipping registering function DataSourceManager._bind_asset_factory_method_if_not_present.<locals>._add_asset_factory because it is a closure
[2025-01-15 00:21:54,198] 109 great_expectations._docs_decorators - INFO - Skipping registering function DataSourceManager._bind_asset_factory_method_if_not_present.<locals>._add_asset_factory because it is a closure
[2025-01-15 00:21:54,199] 109 great_expectations._docs_decorators - INFO - Skipping registering function DataSourceManager._bind_asset_factory_method_if_not_present.<locals>._add_asset_factory because it is a closure
[2025-01-15 00:21:54,200] 109 great_expectations._docs_decorators - INFO - Skipping registering function DataSourceManager._bind_asset_factory_method_if_not_present.<locals>._add_asset_factory because it is a closure
[2025-01-15 00:21:54,201] 109 great_expectations._docs_decorators - INFO - Skipping registering function DataSourceManager._bind_asset_factory_method_if_not_present.<locals>._add_asset_factory because it is a closure
[2025-01-15 00:21:54,201] 109 great_expectations._docs_decorators - INFO - Skipping registering function DataSourceManager._bind_asset_factory_method_if_not_present.<locals>._add_asset_factory because it is a closure
[2025-01-15 00:21:54,202] 109 great_expectations._docs_decorators - INFO - Skipping registering function DataSourceManager._bind_asset_factory_method_if_not_present.<locals>._add_asset_factory because it is a closure
[2025-01-15 00:21:54,202] 109 great_expectations._docs_decorators - INFO - Skipping registering function DataSourceManager._bind_asset_factory_method_if_not_present.<locals>._add_asset_factory because it is a closure
[2025-01-15 00:21:54,203] 109 great_expectations._docs_decorators - INFO - Skipping registering function DataSourceManager._bind_asset_factory_method_if_not_present.<locals>._add_asset_factory because it is a closure
[2025-01-15 00:21:54,203] 109 great_expectations._docs_decorators - INFO - Skipping registering function DataSourceManager._bind_asset_factory_method_if_not_present.<locals>._add_asset_factory because it is a closure
[2025-01-15 00:21:54,204] 109 great_expectations._docs_decorators - INFO - Skipping registering function DataSourceManager._register_add_datasource.<locals>.crud_method_info because it is a closure
[2025-01-15 00:21:54,204] 109 great_expectations._docs_decorators - INFO - Skipping registering function DataSourceManager._register_update_datasource.<locals>.crud_method_info because it is a closure
[2025-01-15 00:21:54,204] 109 great_expectations._docs_decorators - INFO - Skipping registering function DataSourceManager._register_add_or_update_datasource.<locals>.crud_method_info because it is a closure
[2025-01-15 00:21:54,205] 109 great_expectations._docs_decorators - INFO - Skipping registering function DataSourceManager._register_delete_datasource.<locals>.crud_method_info because it is a closure
[2025-01-15 00:21:54,211] 109 great_expectations._docs_decorators - INFO - Skipping registering function DataSourceManager._bind_asset_factory_method_if_not_present.<locals>._add_asset_factory because it is a closure
[2025-01-15 00:21:54,212] 109 great_expectations._docs_decorators - INFO - Skipping registering function DataSourceManager._bind_asset_factory_method_if_not_present.<locals>._add_asset_factory because it is a closure
[2025-01-15 00:21:54,213] 109 great_expectations._docs_decorators - INFO - Skipping registering function DataSourceManager._bind_asset_factory_method_if_not_present.<locals>._add_asset_factory because it is a closure
[2025-01-15 00:21:54,213] 109 great_expectations._docs_decorators - INFO - Skipping registering function DataSourceManager._bind_asset_factory_method_if_not_present.<locals>._add_asset_factory because it is a closure
[2025-01-15 00:21:54,214] 109 great_expectations._docs_decorators - INFO - Skipping registering function DataSourceManager._bind_asset_factory_method_if_not_present.<locals>._add_asset_factory because it is a closure
[2025-01-15 00:21:54,215] 109 great_expectations._docs_decorators - INFO - Skipping registering function DataSourceManager._bind_asset_factory_method_if_not_present.<locals>._add_asset_factory because it is a closure
[2025-01-15 00:21:54,215] 109 great_expectations._docs_decorators - INFO - Skipping registering function DataSourceManager._bind_asset_factory_method_if_not_present.<locals>._add_asset_factory because it is a closure
[2025-01-15 00:21:54,216] 109 great_expectations._docs_decorators - INFO - Skipping registering function DataSourceManager._bind_asset_factory_method_if_not_present.<locals>._add_asset_factory because it is a closure
[2025-01-15 00:21:54,216] 109 great_expectations._docs_decorators - INFO - Skipping registering function DataSourceManager._bind_asset_factory_method_if_not_present.<locals>._add_asset_factory because it is a closure
[2025-01-15 00:21:54,217] 109 great_expectations._docs_decorators - INFO - Skipping registering function DataSourceManager._bind_asset_factory_method_if_not_present.<locals>._add_asset_factory because it is a closure
[2025-01-15 00:21:54,217] 109 great_expectations._docs_decorators - INFO - Skipping registering function DataSourceManager._bind_asset_factory_method_if_not_present.<locals>._add_asset_factory because it is a closure
[2025-01-15 00:21:54,218] 109 great_expectations._docs_decorators - INFO - Skipping registering function DataSourceManager._bind_asset_factory_method_if_not_present.<locals>._add_asset_factory because it is a closure
[2025-01-15 00:21:54,218] 109 great_expectations._docs_decorators - INFO - Skipping registering function DataSourceManager._register_add_datasource.<locals>.crud_method_info because it is a closure
[2025-01-15 00:21:54,219] 109 great_expectations._docs_decorators - INFO - Skipping registering function DataSourceManager._register_update_datasource.<locals>.crud_method_info because it is a closure
[2025-01-15 00:21:54,219] 109 great_expectations._docs_decorators - INFO - Skipping registering function DataSourceManager._register_add_or_update_datasource.<locals>.crud_method_info because it is a closure
[2025-01-15 00:21:54,219] 109 great_expectations._docs_decorators - INFO - Skipping registering function DataSourceManager._register_delete_datasource.<locals>.crud_method_info because it is a closure
[2025-01-15 00:21:54,226] 109 great_expectations._docs_decorators - INFO - Skipping registering function DataSourceManager._bind_asset_factory_method_if_not_present.<locals>._add_asset_factory because it is a closure
[2025-01-15 00:21:54,227] 109 great_expectations._docs_decorators - INFO - Skipping registering function DataSourceManager._bind_asset_factory_method_if_not_present.<locals>._add_asset_factory because it is a closure
[2025-01-15 00:21:54,227] 109 great_expectations._docs_decorators - INFO - Skipping registering function DataSourceManager._bind_asset_factory_method_if_not_present.<locals>._add_asset_factory because it is a closure
[2025-01-15 00:21:54,228] 109 great_expectations._docs_decorators - INFO - Skipping registering function DataSourceManager._bind_asset_factory_method_if_not_present.<locals>._add_asset_factory because it is a closure
[2025-01-15 00:21:54,228] 109 great_expectations._docs_decorators - INFO - Skipping registering function DataSourceManager._bind_asset_factory_method_if_not_present.<locals>._add_asset_factory because it is a closure
[2025-01-15 00:21:54,229] 109 great_expectations._docs_decorators - INFO - Skipping registering function DataSourceManager._bind_asset_factory_method_if_not_present.<locals>._add_asset_factory because it is a closure
[2025-01-15 00:21:54,230] 109 great_expectations._docs_decorators - INFO - Skipping registering function DataSourceManager._bind_asset_factory_method_if_not_present.<locals>._add_asset_factory because it is a closure
[2025-01-15 00:21:54,231] 109 great_expectations._docs_decorators - INFO - Skipping registering function DataSourceManager._bind_asset_factory_method_if_not_present.<locals>._add_asset_factory because it is a closure
[2025-01-15 00:21:54,232] 109 great_expectations._docs_decorators - INFO - Skipping registering function DataSourceManager._bind_asset_factory_method_if_not_present.<locals>._add_asset_factory because it is a closure
[2025-01-15 00:21:54,233] 109 great_expectations._docs_decorators - INFO - Skipping registering function DataSourceManager._bind_asset_factory_method_if_not_present.<locals>._add_asset_factory because it is a closure
[2025-01-15 00:21:54,233] 109 great_expectations._docs_decorators - INFO - Skipping registering function DataSourceManager._bind_asset_factory_method_if_not_present.<locals>._add_asset_factory because it is a closure
[2025-01-15 00:21:54,234] 109 great_expectations._docs_decorators - INFO - Skipping registering function DataSourceManager._bind_asset_factory_method_if_not_present.<locals>._add_asset_factory because it is a closure
[2025-01-15 00:21:54,234] 109 great_expectations._docs_decorators - INFO - Skipping registering function DataSourceManager._register_add_datasource.<locals>.crud_method_info because it is a closure
[2025-01-15 00:21:54,235] 109 great_expectations._docs_decorators - INFO - Skipping registering function DataSourceManager._register_update_datasource.<locals>.crud_method_info because it is a closure
[2025-01-15 00:21:54,235] 109 great_expectations._docs_decorators - INFO - Skipping registering function DataSourceManager._register_add_or_update_datasource.<locals>.crud_method_info because it is a closure
[2025-01-15 00:21:54,235] 109 great_expectations._docs_decorators - INFO - Skipping registering function DataSourceManager._register_delete_datasource.<locals>.crud_method_info because it is a closure
[2025-01-15 00:21:54,248] 109 great_expectations._docs_decorators - INFO - Skipping registering function DataSourceManager._register_add_datasource.<locals>.crud_method_info because it is a closure
[2025-01-15 00:21:54,249] 109 great_expectations._docs_decorators - INFO - Skipping registering function DataSourceManager._register_update_datasource.<locals>.crud_method_info because it is a closure
[2025-01-15 00:21:54,250] 109 great_expectations._docs_decorators - INFO - Skipping registering function DataSourceManager._register_add_or_update_datasource.<locals>.crud_method_info because it is a closure
[2025-01-15 00:21:54,250] 109 great_expectations._docs_decorators - INFO - Skipping registering function DataSourceManager._register_delete_datasource.<locals>.crud_method_info because it is a closure
[2025-01-15 00:21:54,258] 109 great_expectations._docs_decorators - INFO - Skipping registering function DataSourceManager._register_add_datasource.<locals>.crud_method_info because it is a closure
[2025-01-15 00:21:54,258] 109 great_expectations._docs_decorators - INFO - Skipping registering function DataSourceManager._register_update_datasource.<locals>.crud_method_info because it is a closure
[2025-01-15 00:21:54,258] 109 great_expectations._docs_decorators - INFO - Skipping registering function DataSourceManager._register_add_or_update_datasource.<locals>.crud_method_info because it is a closure
[2025-01-15 00:21:54,259] 109 great_expectations._docs_decorators - INFO - Skipping registering function DataSourceManager._register_delete_datasource.<locals>.crud_method_info because it is a closure
[2025-01-15 00:21:54,270] 109 great_expectations._docs_decorators - INFO - Skipping registering function DataSourceManager._register_add_datasource.<locals>.crud_method_info because it is a closure
[2025-01-15 00:21:54,271] 109 great_expectations._docs_decorators - INFO - Skipping registering function DataSourceManager._register_update_datasource.<locals>.crud_method_info because it is a closure
[2025-01-15 00:21:54,271] 109 great_expectations._docs_decorators - INFO - Skipping registering function DataSourceManager._register_add_or_update_datasource.<locals>.crud_method_info because it is a closure
[2025-01-15 00:21:54,271] 109 great_expectations._docs_decorators - INFO - Skipping registering function DataSourceManager._register_delete_datasource.<locals>.crud_method_info because it is a closure
[2025-01-15 00:21:56,539] 52 hopsworks_common.client.external - INFO - Initializing external client
[2025-01-15 00:21:56,539] 59 hopsworks_common.client.external - INFO - Base URL: https://c.app.hopsworks.ai:443
[2025-01-15 00:22:00,357] 134 hsfs.engine.python - INFO - Python Engine initialized.
[2025-01-15 00:22:02,423] 43 root - INFO - Creating a feature view on hopsworks
[2025-01-15 00:22:04,232] 233 hopsworks_common.client.external - INFO - Closing external client and cleaning up certificates.
