[2025-01-18 13:47:34,182] 161 numexpr.utils - INFO - NumExpr defaulting to 4 threads.
[2025-01-18 13:47:35,741] 115 great_expectations._docs_decorators - INFO - Skipping registering function get_context because it does not have a class
[2025-01-18 13:47:36,745] 109 great_expectations._docs_decorators - INFO - Skipping registering function DataSourceManager._register_add_datasource.<locals>.crud_method_info because it is a closure
[2025-01-18 13:47:36,746] 109 great_expectations._docs_decorators - INFO - Skipping registering function DataSourceManager._register_update_datasource.<locals>.crud_method_info because it is a closure
[2025-01-18 13:47:36,746] 109 great_expectations._docs_decorators - INFO - Skipping registering function DataSourceManager._register_add_or_update_datasource.<locals>.crud_method_info because it is a closure
[2025-01-18 13:47:36,747] 109 great_expectations._docs_decorators - INFO - Skipping registering function DataSourceManager._register_delete_datasource.<locals>.crud_method_info because it is a closure
[2025-01-18 13:47:36,825] 109 great_expectations._docs_decorators - INFO - Skipping registering function DataSourceManager._bind_asset_factory_method_if_not_present.<locals>._add_asset_factory because it is a closure
[2025-01-18 13:47:36,826] 109 great_expectations._docs_decorators - INFO - Skipping registering function DataSourceManager._bind_asset_factory_method_if_not_present.<locals>._add_asset_factory because it is a closure
[2025-01-18 13:47:36,826] 109 great_expectations._docs_decorators - INFO - Skipping registering function DataSourceManager._bind_asset_factory_method_if_not_present.<locals>._add_asset_factory because it is a closure
[2025-01-18 13:47:36,827] 109 great_expectations._docs_decorators - INFO - Skipping registering function DataSourceManager._bind_asset_factory_method_if_not_present.<locals>._add_asset_factory because it is a closure
[2025-01-18 13:47:36,827] 109 great_expectations._docs_decorators - INFO - Skipping registering function DataSourceManager._bind_asset_factory_method_if_not_present.<locals>._add_asset_factory because it is a closure
[2025-01-18 13:47:36,828] 109 great_expectations._docs_decorators - INFO - Skipping registering function DataSourceManager._bind_asset_factory_method_if_not_present.<locals>._add_asset_factory because it is a closure
[2025-01-18 13:47:36,828] 109 great_expectations._docs_decorators - INFO - Skipping registering function DataSourceManager._bind_asset_factory_method_if_not_present.<locals>._add_asset_factory because it is a closure
[2025-01-18 13:47:36,829] 109 great_expectations._docs_decorators - INFO - Skipping registering function DataSourceManager._bind_asset_factory_method_if_not_present.<locals>._add_asset_factory because it is a closure
[2025-01-18 13:47:36,829] 109 great_expectations._docs_decorators - INFO - Skipping registering function DataSourceManager._bind_asset_factory_method_if_not_present.<locals>._add_asset_factory because it is a closure
[2025-01-18 13:47:36,830] 109 great_expectations._docs_decorators - INFO - Skipping registering function DataSourceManager._bind_asset_factory_method_if_not_present.<locals>._add_asset_factory because it is a closure
[2025-01-18 13:47:36,831] 109 great_expectations._docs_decorators - INFO - Skipping registering function DataSourceManager._bind_asset_factory_method_if_not_present.<locals>._add_asset_factory because it is a closure
[2025-01-18 13:47:36,831] 109 great_expectations._docs_decorators - INFO - Skipping registering function DataSourceManager._bind_asset_factory_method_if_not_present.<locals>._add_asset_factory because it is a closure
[2025-01-18 13:47:36,832] 109 great_expectations._docs_decorators - INFO - Skipping registering function DataSourceManager._bind_asset_factory_method_if_not_present.<locals>._add_asset_factory because it is a closure
[2025-01-18 13:47:36,832] 109 great_expectations._docs_decorators - INFO - Skipping registering function DataSourceManager._bind_asset_factory_method_if_not_present.<locals>._add_asset_factory because it is a closure
[2025-01-18 13:47:36,833] 109 great_expectations._docs_decorators - INFO - Skipping registering function DataSourceManager._register_add_datasource.<locals>.crud_method_info because it is a closure
[2025-01-18 13:47:36,833] 109 great_expectations._docs_decorators - INFO - Skipping registering function DataSourceManager._register_update_datasource.<locals>.crud_method_info because it is a closure
[2025-01-18 13:47:36,834] 109 great_expectations._docs_decorators - INFO - Skipping registering function DataSourceManager._register_add_or_update_datasource.<locals>.crud_method_info because it is a closure
[2025-01-18 13:47:36,834] 109 great_expectations._docs_decorators - INFO - Skipping registering function DataSourceManager._register_delete_datasource.<locals>.crud_method_info because it is a closure
[2025-01-18 13:47:36,837] 109 great_expectations._docs_decorators - INFO - Skipping registering function DataSourceManager._register_add_datasource.<locals>.crud_method_info because it is a closure
[2025-01-18 13:47:36,838] 109 great_expectations._docs_decorators - INFO - Skipping registering function DataSourceManager._register_update_datasource.<locals>.crud_method_info because it is a closure
[2025-01-18 13:47:36,838] 109 great_expectations._docs_decorators - INFO - Skipping registering function DataSourceManager._register_add_or_update_datasource.<locals>.crud_method_info because it is a closure
[2025-01-18 13:47:36,839] 109 great_expectations._docs_decorators - INFO - Skipping registering function DataSourceManager._register_delete_datasource.<locals>.crud_method_info because it is a closure
[2025-01-18 13:47:36,843] 109 great_expectations._docs_decorators - INFO - Skipping registering function DataSourceManager._bind_asset_factory_method_if_not_present.<locals>._add_asset_factory because it is a closure
[2025-01-18 13:47:36,844] 109 great_expectations._docs_decorators - INFO - Skipping registering function DataSourceManager._bind_asset_factory_method_if_not_present.<locals>._add_asset_factory because it is a closure
[2025-01-18 13:47:36,844] 109 great_expectations._docs_decorators - INFO - Skipping registering function DataSourceManager._bind_asset_factory_method_if_not_present.<locals>._add_asset_factory because it is a closure
[2025-01-18 13:47:36,844] 109 great_expectations._docs_decorators - INFO - Skipping registering function DataSourceManager._bind_asset_factory_method_if_not_present.<locals>._add_asset_factory because it is a closure
[2025-01-18 13:47:36,845] 109 great_expectations._docs_decorators - INFO - Skipping registering function DataSourceManager._bind_asset_factory_method_if_not_present.<locals>._add_asset_factory because it is a closure
[2025-01-18 13:47:36,845] 109 great_expectations._docs_decorators - INFO - Skipping registering function DataSourceManager._bind_asset_factory_method_if_not_present.<locals>._add_asset_factory because it is a closure
[2025-01-18 13:47:36,846] 109 great_expectations._docs_decorators - INFO - Skipping registering function DataSourceManager._bind_asset_factory_method_if_not_present.<locals>._add_asset_factory because it is a closure
[2025-01-18 13:47:36,846] 109 great_expectations._docs_decorators - INFO - Skipping registering function DataSourceManager._bind_asset_factory_method_if_not_present.<locals>._add_asset_factory because it is a closure
[2025-01-18 13:47:36,847] 109 great_expectations._docs_decorators - INFO - Skipping registering function DataSourceManager._bind_asset_factory_method_if_not_present.<locals>._add_asset_factory because it is a closure
[2025-01-18 13:47:36,847] 109 great_expectations._docs_decorators - INFO - Skipping registering function DataSourceManager._bind_asset_factory_method_if_not_present.<locals>._add_asset_factory because it is a closure
[2025-01-18 13:47:36,848] 109 great_expectations._docs_decorators - INFO - Skipping registering function DataSourceManager._bind_asset_factory_method_if_not_present.<locals>._add_asset_factory because it is a closure
[2025-01-18 13:47:36,849] 109 great_expectations._docs_decorators - INFO - Skipping registering function DataSourceManager._bind_asset_factory_method_if_not_present.<locals>._add_asset_factory because it is a closure
[2025-01-18 13:47:36,849] 109 great_expectations._docs_decorators - INFO - Skipping registering function DataSourceManager._bind_asset_factory_method_if_not_present.<locals>._add_asset_factory because it is a closure
[2025-01-18 13:47:36,850] 109 great_expectations._docs_decorators - INFO - Skipping registering function DataSourceManager._bind_asset_factory_method_if_not_present.<locals>._add_asset_factory because it is a closure
[2025-01-18 13:47:36,850] 109 great_expectations._docs_decorators - INFO - Skipping registering function DataSourceManager._register_add_datasource.<locals>.crud_method_info because it is a closure
[2025-01-18 13:47:36,851] 109 great_expectations._docs_decorators - INFO - Skipping registering function DataSourceManager._register_update_datasource.<locals>.crud_method_info because it is a closure
[2025-01-18 13:47:36,851] 109 great_expectations._docs_decorators - INFO - Skipping registering function DataSourceManager._register_add_or_update_datasource.<locals>.crud_method_info because it is a closure
[2025-01-18 13:47:36,852] 109 great_expectations._docs_decorators - INFO - Skipping registering function DataSourceManager._register_delete_datasource.<locals>.crud_method_info because it is a closure
[2025-01-18 13:47:36,856] 109 great_expectations._docs_decorators - INFO - Skipping registering function DataSourceManager._bind_asset_factory_method_if_not_present.<locals>._add_asset_factory because it is a closure
[2025-01-18 13:47:36,856] 109 great_expectations._docs_decorators - INFO - Skipping registering function DataSourceManager._bind_asset_factory_method_if_not_present.<locals>._add_asset_factory because it is a closure
[2025-01-18 13:47:36,857] 109 great_expectations._docs_decorators - INFO - Skipping registering function DataSourceManager._bind_asset_factory_method_if_not_present.<locals>._add_asset_factory because it is a closure
[2025-01-18 13:47:36,857] 109 great_expectations._docs_decorators - INFO - Skipping registering function DataSourceManager._bind_asset_factory_method_if_not_present.<locals>._add_asset_factory because it is a closure
[2025-01-18 13:47:36,858] 109 great_expectations._docs_decorators - INFO - Skipping registering function DataSourceManager._bind_asset_factory_method_if_not_present.<locals>._add_asset_factory because it is a closure
[2025-01-18 13:47:36,858] 109 great_expectations._docs_decorators - INFO - Skipping registering function DataSourceManager._bind_asset_factory_method_if_not_present.<locals>._add_asset_factory because it is a closure
[2025-01-18 13:47:36,858] 109 great_expectations._docs_decorators - INFO - Skipping registering function DataSourceManager._bind_asset_factory_method_if_not_present.<locals>._add_asset_factory because it is a closure
[2025-01-18 13:47:36,859] 109 great_expectations._docs_decorators - INFO - Skipping registering function DataSourceManager._bind_asset_factory_method_if_not_present.<locals>._add_asset_factory because it is a closure
[2025-01-18 13:47:36,859] 109 great_expectations._docs_decorators - INFO - Skipping registering function DataSourceManager._bind_asset_factory_method_if_not_present.<locals>._add_asset_factory because it is a closure
[2025-01-18 13:47:36,860] 109 great_expectations._docs_decorators - INFO - Skipping registering function DataSourceManager._bind_asset_factory_method_if_not_present.<locals>._add_asset_factory because it is a closure
[2025-01-18 13:47:36,860] 109 great_expectations._docs_decorators - INFO - Skipping registering function DataSourceManager._bind_asset_factory_method_if_not_present.<locals>._add_asset_factory because it is a closure
[2025-01-18 13:47:36,861] 109 great_expectations._docs_decorators - INFO - Skipping registering function DataSourceManager._bind_asset_factory_method_if_not_present.<locals>._add_asset_factory because it is a closure
[2025-01-18 13:47:36,861] 109 great_expectations._docs_decorators - INFO - Skipping registering function DataSourceManager._bind_asset_factory_method_if_not_present.<locals>._add_asset_factory because it is a closure
[2025-01-18 13:47:36,862] 109 great_expectations._docs_decorators - INFO - Skipping registering function DataSourceManager._bind_asset_factory_method_if_not_present.<locals>._add_asset_factory because it is a closure
[2025-01-18 13:47:36,862] 109 great_expectations._docs_decorators - INFO - Skipping registering function DataSourceManager._register_add_datasource.<locals>.crud_method_info because it is a closure
[2025-01-18 13:47:36,863] 109 great_expectations._docs_decorators - INFO - Skipping registering function DataSourceManager._register_update_datasource.<locals>.crud_method_info because it is a closure
[2025-01-18 13:47:36,863] 109 great_expectations._docs_decorators - INFO - Skipping registering function DataSourceManager._register_add_or_update_datasource.<locals>.crud_method_info because it is a closure
[2025-01-18 13:47:36,864] 109 great_expectations._docs_decorators - INFO - Skipping registering function DataSourceManager._register_delete_datasource.<locals>.crud_method_info because it is a closure
[2025-01-18 13:47:36,868] 109 great_expectations._docs_decorators - INFO - Skipping registering function DataSourceManager._bind_asset_factory_method_if_not_present.<locals>._add_asset_factory because it is a closure
[2025-01-18 13:47:36,868] 109 great_expectations._docs_decorators - INFO - Skipping registering function DataSourceManager._bind_asset_factory_method_if_not_present.<locals>._add_asset_factory because it is a closure
[2025-01-18 13:47:36,869] 109 great_expectations._docs_decorators - INFO - Skipping registering function DataSourceManager._bind_asset_factory_method_if_not_present.<locals>._add_asset_factory because it is a closure
[2025-01-18 13:47:36,869] 109 great_expectations._docs_decorators - INFO - Skipping registering function DataSourceManager._bind_asset_factory_method_if_not_present.<locals>._add_asset_factory because it is a closure
[2025-01-18 13:47:36,869] 109 great_expectations._docs_decorators - INFO - Skipping registering function DataSourceManager._bind_asset_factory_method_if_not_present.<locals>._add_asset_factory because it is a closure
[2025-01-18 13:47:36,870] 109 great_expectations._docs_decorators - INFO - Skipping registering function DataSourceManager._bind_asset_factory_method_if_not_present.<locals>._add_asset_factory because it is a closure
[2025-01-18 13:47:36,870] 109 great_expectations._docs_decorators - INFO - Skipping registering function DataSourceManager._bind_asset_factory_method_if_not_present.<locals>._add_asset_factory because it is a closure
[2025-01-18 13:47:36,871] 109 great_expectations._docs_decorators - INFO - Skipping registering function DataSourceManager._bind_asset_factory_method_if_not_present.<locals>._add_asset_factory because it is a closure
[2025-01-18 13:47:36,871] 109 great_expectations._docs_decorators - INFO - Skipping registering function DataSourceManager._bind_asset_factory_method_if_not_present.<locals>._add_asset_factory because it is a closure
[2025-01-18 13:47:36,872] 109 great_expectations._docs_decorators - INFO - Skipping registering function DataSourceManager._bind_asset_factory_method_if_not_present.<locals>._add_asset_factory because it is a closure
[2025-01-18 13:47:36,872] 109 great_expectations._docs_decorators - INFO - Skipping registering function DataSourceManager._bind_asset_factory_method_if_not_present.<locals>._add_asset_factory because it is a closure
[2025-01-18 13:47:36,873] 109 great_expectations._docs_decorators - INFO - Skipping registering function DataSourceManager._bind_asset_factory_method_if_not_present.<locals>._add_asset_factory because it is a closure
[2025-01-18 13:47:36,873] 109 great_expectations._docs_decorators - INFO - Skipping registering function DataSourceManager._bind_asset_factory_method_if_not_present.<locals>._add_asset_factory because it is a closure
[2025-01-18 13:47:36,874] 109 great_expectations._docs_decorators - INFO - Skipping registering function DataSourceManager._bind_asset_factory_method_if_not_present.<locals>._add_asset_factory because it is a closure
[2025-01-18 13:47:36,874] 109 great_expectations._docs_decorators - INFO - Skipping registering function DataSourceManager._register_add_datasource.<locals>.crud_method_info because it is a closure
[2025-01-18 13:47:36,875] 109 great_expectations._docs_decorators - INFO - Skipping registering function DataSourceManager._register_update_datasource.<locals>.crud_method_info because it is a closure
[2025-01-18 13:47:36,875] 109 great_expectations._docs_decorators - INFO - Skipping registering function DataSourceManager._register_add_or_update_datasource.<locals>.crud_method_info because it is a closure
[2025-01-18 13:47:36,875] 109 great_expectations._docs_decorators - INFO - Skipping registering function DataSourceManager._register_delete_datasource.<locals>.crud_method_info because it is a closure
[2025-01-18 13:47:36,888] 109 great_expectations._docs_decorators - INFO - Skipping registering function DataSourceManager._register_add_datasource.<locals>.crud_method_info because it is a closure
[2025-01-18 13:47:36,889] 109 great_expectations._docs_decorators - INFO - Skipping registering function DataSourceManager._register_update_datasource.<locals>.crud_method_info because it is a closure
[2025-01-18 13:47:36,889] 109 great_expectations._docs_decorators - INFO - Skipping registering function DataSourceManager._register_add_or_update_datasource.<locals>.crud_method_info because it is a closure
[2025-01-18 13:47:36,890] 109 great_expectations._docs_decorators - INFO - Skipping registering function DataSourceManager._register_delete_datasource.<locals>.crud_method_info because it is a closure
[2025-01-18 13:47:36,916] 109 great_expectations._docs_decorators - INFO - Skipping registering function DataSourceManager._register_add_datasource.<locals>.crud_method_info because it is a closure
[2025-01-18 13:47:36,917] 109 great_expectations._docs_decorators - INFO - Skipping registering function DataSourceManager._register_update_datasource.<locals>.crud_method_info because it is a closure
[2025-01-18 13:47:36,917] 109 great_expectations._docs_decorators - INFO - Skipping registering function DataSourceManager._register_add_or_update_datasource.<locals>.crud_method_info because it is a closure
[2025-01-18 13:47:36,917] 109 great_expectations._docs_decorators - INFO - Skipping registering function DataSourceManager._register_delete_datasource.<locals>.crud_method_info because it is a closure
[2025-01-18 13:47:36,922] 109 great_expectations._docs_decorators - INFO - Skipping registering function DataSourceManager._register_add_datasource.<locals>.crud_method_info because it is a closure
[2025-01-18 13:47:36,923] 109 great_expectations._docs_decorators - INFO - Skipping registering function DataSourceManager._register_update_datasource.<locals>.crud_method_info because it is a closure
[2025-01-18 13:47:36,923] 109 great_expectations._docs_decorators - INFO - Skipping registering function DataSourceManager._register_add_or_update_datasource.<locals>.crud_method_info because it is a closure
[2025-01-18 13:47:36,924] 109 great_expectations._docs_decorators - INFO - Skipping registering function DataSourceManager._register_delete_datasource.<locals>.crud_method_info because it is a closure
[2025-01-18 13:47:36,933] 109 great_expectations._docs_decorators - INFO - Skipping registering function DataSourceManager._register_add_datasource.<locals>.crud_method_info because it is a closure
[2025-01-18 13:47:36,934] 109 great_expectations._docs_decorators - INFO - Skipping registering function DataSourceManager._register_update_datasource.<locals>.crud_method_info because it is a closure
[2025-01-18 13:47:36,934] 109 great_expectations._docs_decorators - INFO - Skipping registering function DataSourceManager._register_add_or_update_datasource.<locals>.crud_method_info because it is a closure
[2025-01-18 13:47:36,935] 109 great_expectations._docs_decorators - INFO - Skipping registering function DataSourceManager._register_delete_datasource.<locals>.crud_method_info because it is a closure
[2025-01-18 13:47:37,058] 109 great_expectations._docs_decorators - INFO - Skipping registering function DataSourceManager._bind_asset_factory_method_if_not_present.<locals>._add_asset_factory because it is a closure
[2025-01-18 13:47:37,059] 109 great_expectations._docs_decorators - INFO - Skipping registering function DataSourceManager._bind_asset_factory_method_if_not_present.<locals>._add_asset_factory because it is a closure
[2025-01-18 13:47:37,059] 109 great_expectations._docs_decorators - INFO - Skipping registering function DataSourceManager._bind_asset_factory_method_if_not_present.<locals>._add_asset_factory because it is a closure
[2025-01-18 13:47:37,060] 109 great_expectations._docs_decorators - INFO - Skipping registering function DataSourceManager._bind_asset_factory_method_if_not_present.<locals>._add_asset_factory because it is a closure
[2025-01-18 13:47:37,060] 109 great_expectations._docs_decorators - INFO - Skipping registering function DataSourceManager._bind_asset_factory_method_if_not_present.<locals>._add_asset_factory because it is a closure
[2025-01-18 13:47:37,061] 109 great_expectations._docs_decorators - INFO - Skipping registering function DataSourceManager._bind_asset_factory_method_if_not_present.<locals>._add_asset_factory because it is a closure
[2025-01-18 13:47:37,061] 109 great_expectations._docs_decorators - INFO - Skipping registering function DataSourceManager._bind_asset_factory_method_if_not_present.<locals>._add_asset_factory because it is a closure
[2025-01-18 13:47:37,062] 109 great_expectations._docs_decorators - INFO - Skipping registering function DataSourceManager._bind_asset_factory_method_if_not_present.<locals>._add_asset_factory because it is a closure
[2025-01-18 13:47:37,063] 109 great_expectations._docs_decorators - INFO - Skipping registering function DataSourceManager._bind_asset_factory_method_if_not_present.<locals>._add_asset_factory because it is a closure
[2025-01-18 13:47:37,063] 109 great_expectations._docs_decorators - INFO - Skipping registering function DataSourceManager._bind_asset_factory_method_if_not_present.<locals>._add_asset_factory because it is a closure
[2025-01-18 13:47:37,064] 109 great_expectations._docs_decorators - INFO - Skipping registering function DataSourceManager._bind_asset_factory_method_if_not_present.<locals>._add_asset_factory because it is a closure
[2025-01-18 13:47:37,064] 109 great_expectations._docs_decorators - INFO - Skipping registering function DataSourceManager._bind_asset_factory_method_if_not_present.<locals>._add_asset_factory because it is a closure
[2025-01-18 13:47:37,065] 109 great_expectations._docs_decorators - INFO - Skipping registering function DataSourceManager._register_add_datasource.<locals>.crud_method_info because it is a closure
[2025-01-18 13:47:37,065] 109 great_expectations._docs_decorators - INFO - Skipping registering function DataSourceManager._register_update_datasource.<locals>.crud_method_info because it is a closure
[2025-01-18 13:47:37,066] 109 great_expectations._docs_decorators - INFO - Skipping registering function DataSourceManager._register_add_or_update_datasource.<locals>.crud_method_info because it is a closure
[2025-01-18 13:47:37,066] 109 great_expectations._docs_decorators - INFO - Skipping registering function DataSourceManager._register_delete_datasource.<locals>.crud_method_info because it is a closure
[2025-01-18 13:47:37,072] 109 great_expectations._docs_decorators - INFO - Skipping registering function DataSourceManager._register_add_datasource.<locals>.crud_method_info because it is a closure
[2025-01-18 13:47:37,072] 109 great_expectations._docs_decorators - INFO - Skipping registering function DataSourceManager._register_update_datasource.<locals>.crud_method_info because it is a closure
[2025-01-18 13:47:37,072] 109 great_expectations._docs_decorators - INFO - Skipping registering function DataSourceManager._register_add_or_update_datasource.<locals>.crud_method_info because it is a closure
[2025-01-18 13:47:37,073] 109 great_expectations._docs_decorators - INFO - Skipping registering function DataSourceManager._register_delete_datasource.<locals>.crud_method_info because it is a closure
[2025-01-18 13:47:37,079] 109 great_expectations._docs_decorators - INFO - Skipping registering function DataSourceManager._bind_asset_factory_method_if_not_present.<locals>._add_asset_factory because it is a closure
[2025-01-18 13:47:37,079] 109 great_expectations._docs_decorators - INFO - Skipping registering function DataSourceManager._bind_asset_factory_method_if_not_present.<locals>._add_asset_factory because it is a closure
[2025-01-18 13:47:37,079] 109 great_expectations._docs_decorators - INFO - Skipping registering function DataSourceManager._bind_asset_factory_method_if_not_present.<locals>._add_asset_factory because it is a closure
[2025-01-18 13:47:37,080] 109 great_expectations._docs_decorators - INFO - Skipping registering function DataSourceManager._bind_asset_factory_method_if_not_present.<locals>._add_asset_factory because it is a closure
[2025-01-18 13:47:37,080] 109 great_expectations._docs_decorators - INFO - Skipping registering function DataSourceManager._bind_asset_factory_method_if_not_present.<locals>._add_asset_factory because it is a closure
[2025-01-18 13:47:37,081] 109 great_expectations._docs_decorators - INFO - Skipping registering function DataSourceManager._bind_asset_factory_method_if_not_present.<locals>._add_asset_factory because it is a closure
[2025-01-18 13:47:37,082] 109 great_expectations._docs_decorators - INFO - Skipping registering function DataSourceManager._bind_asset_factory_method_if_not_present.<locals>._add_asset_factory because it is a closure
[2025-01-18 13:47:37,082] 109 great_expectations._docs_decorators - INFO - Skipping registering function DataSourceManager._bind_asset_factory_method_if_not_present.<locals>._add_asset_factory because it is a closure
[2025-01-18 13:47:37,082] 109 great_expectations._docs_decorators - INFO - Skipping registering function DataSourceManager._bind_asset_factory_method_if_not_present.<locals>._add_asset_factory because it is a closure
[2025-01-18 13:47:37,083] 109 great_expectations._docs_decorators - INFO - Skipping registering function DataSourceManager._bind_asset_factory_method_if_not_present.<locals>._add_asset_factory because it is a closure
[2025-01-18 13:47:37,083] 109 great_expectations._docs_decorators - INFO - Skipping registering function DataSourceManager._bind_asset_factory_method_if_not_present.<locals>._add_asset_factory because it is a closure
[2025-01-18 13:47:37,084] 109 great_expectations._docs_decorators - INFO - Skipping registering function DataSourceManager._bind_asset_factory_method_if_not_present.<locals>._add_asset_factory because it is a closure
[2025-01-18 13:47:37,084] 109 great_expectations._docs_decorators - INFO - Skipping registering function DataSourceManager._register_add_datasource.<locals>.crud_method_info because it is a closure
[2025-01-18 13:47:37,085] 109 great_expectations._docs_decorators - INFO - Skipping registering function DataSourceManager._register_update_datasource.<locals>.crud_method_info because it is a closure
[2025-01-18 13:47:37,085] 109 great_expectations._docs_decorators - INFO - Skipping registering function DataSourceManager._register_add_or_update_datasource.<locals>.crud_method_info because it is a closure
[2025-01-18 13:47:37,085] 109 great_expectations._docs_decorators - INFO - Skipping registering function DataSourceManager._register_delete_datasource.<locals>.crud_method_info because it is a closure
[2025-01-18 13:47:37,091] 109 great_expectations._docs_decorators - INFO - Skipping registering function DataSourceManager._bind_asset_factory_method_if_not_present.<locals>._add_asset_factory because it is a closure
[2025-01-18 13:47:37,092] 109 great_expectations._docs_decorators - INFO - Skipping registering function DataSourceManager._bind_asset_factory_method_if_not_present.<locals>._add_asset_factory because it is a closure
[2025-01-18 13:47:37,092] 109 great_expectations._docs_decorators - INFO - Skipping registering function DataSourceManager._bind_asset_factory_method_if_not_present.<locals>._add_asset_factory because it is a closure
[2025-01-18 13:47:37,093] 109 great_expectations._docs_decorators - INFO - Skipping registering function DataSourceManager._bind_asset_factory_method_if_not_present.<locals>._add_asset_factory because it is a closure
[2025-01-18 13:47:37,093] 109 great_expectations._docs_decorators - INFO - Skipping registering function DataSourceManager._bind_asset_factory_method_if_not_present.<locals>._add_asset_factory because it is a closure
[2025-01-18 13:47:37,094] 109 great_expectations._docs_decorators - INFO - Skipping registering function DataSourceManager._bind_asset_factory_method_if_not_present.<locals>._add_asset_factory because it is a closure
[2025-01-18 13:47:37,094] 109 great_expectations._docs_decorators - INFO - Skipping registering function DataSourceManager._bind_asset_factory_method_if_not_present.<locals>._add_asset_factory because it is a closure
[2025-01-18 13:47:37,095] 109 great_expectations._docs_decorators - INFO - Skipping registering function DataSourceManager._bind_asset_factory_method_if_not_present.<locals>._add_asset_factory because it is a closure
[2025-01-18 13:47:37,095] 109 great_expectations._docs_decorators - INFO - Skipping registering function DataSourceManager._bind_asset_factory_method_if_not_present.<locals>._add_asset_factory because it is a closure
[2025-01-18 13:47:37,096] 109 great_expectations._docs_decorators - INFO - Skipping registering function DataSourceManager._bind_asset_factory_method_if_not_present.<locals>._add_asset_factory because it is a closure
[2025-01-18 13:47:37,096] 109 great_expectations._docs_decorators - INFO - Skipping registering function DataSourceManager._bind_asset_factory_method_if_not_present.<locals>._add_asset_factory because it is a closure
[2025-01-18 13:47:37,096] 109 great_expectations._docs_decorators - INFO - Skipping registering function DataSourceManager._bind_asset_factory_method_if_not_present.<locals>._add_asset_factory because it is a closure
[2025-01-18 13:47:37,097] 109 great_expectations._docs_decorators - INFO - Skipping registering function DataSourceManager._register_add_datasource.<locals>.crud_method_info because it is a closure
[2025-01-18 13:47:37,097] 109 great_expectations._docs_decorators - INFO - Skipping registering function DataSourceManager._register_update_datasource.<locals>.crud_method_info because it is a closure
[2025-01-18 13:47:37,098] 109 great_expectations._docs_decorators - INFO - Skipping registering function DataSourceManager._register_add_or_update_datasource.<locals>.crud_method_info because it is a closure
[2025-01-18 13:47:37,098] 109 great_expectations._docs_decorators - INFO - Skipping registering function DataSourceManager._register_delete_datasource.<locals>.crud_method_info because it is a closure
[2025-01-18 13:47:37,104] 109 great_expectations._docs_decorators - INFO - Skipping registering function DataSourceManager._bind_asset_factory_method_if_not_present.<locals>._add_asset_factory because it is a closure
[2025-01-18 13:47:37,104] 109 great_expectations._docs_decorators - INFO - Skipping registering function DataSourceManager._bind_asset_factory_method_if_not_present.<locals>._add_asset_factory because it is a closure
[2025-01-18 13:47:37,105] 109 great_expectations._docs_decorators - INFO - Skipping registering function DataSourceManager._bind_asset_factory_method_if_not_present.<locals>._add_asset_factory because it is a closure
[2025-01-18 13:47:37,105] 109 great_expectations._docs_decorators - INFO - Skipping registering function DataSourceManager._bind_asset_factory_method_if_not_present.<locals>._add_asset_factory because it is a closure
[2025-01-18 13:47:37,106] 109 great_expectations._docs_decorators - INFO - Skipping registering function DataSourceManager._bind_asset_factory_method_if_not_present.<locals>._add_asset_factory because it is a closure
[2025-01-18 13:47:37,106] 109 great_expectations._docs_decorators - INFO - Skipping registering function DataSourceManager._bind_asset_factory_method_if_not_present.<locals>._add_asset_factory because it is a closure
[2025-01-18 13:47:37,107] 109 great_expectations._docs_decorators - INFO - Skipping registering function DataSourceManager._bind_asset_factory_method_if_not_present.<locals>._add_asset_factory because it is a closure
[2025-01-18 13:47:37,107] 109 great_expectations._docs_decorators - INFO - Skipping registering function DataSourceManager._bind_asset_factory_method_if_not_present.<locals>._add_asset_factory because it is a closure
[2025-01-18 13:47:37,108] 109 great_expectations._docs_decorators - INFO - Skipping registering function DataSourceManager._bind_asset_factory_method_if_not_present.<locals>._add_asset_factory because it is a closure
[2025-01-18 13:47:37,108] 109 great_expectations._docs_decorators - INFO - Skipping registering function DataSourceManager._bind_asset_factory_method_if_not_present.<locals>._add_asset_factory because it is a closure
[2025-01-18 13:47:37,109] 109 great_expectations._docs_decorators - INFO - Skipping registering function DataSourceManager._bind_asset_factory_method_if_not_present.<locals>._add_asset_factory because it is a closure
[2025-01-18 13:47:37,109] 109 great_expectations._docs_decorators - INFO - Skipping registering function DataSourceManager._bind_asset_factory_method_if_not_present.<locals>._add_asset_factory because it is a closure
[2025-01-18 13:47:37,110] 109 great_expectations._docs_decorators - INFO - Skipping registering function DataSourceManager._register_add_datasource.<locals>.crud_method_info because it is a closure
[2025-01-18 13:47:37,110] 109 great_expectations._docs_decorators - INFO - Skipping registering function DataSourceManager._register_update_datasource.<locals>.crud_method_info because it is a closure
[2025-01-18 13:47:37,111] 109 great_expectations._docs_decorators - INFO - Skipping registering function DataSourceManager._register_add_or_update_datasource.<locals>.crud_method_info because it is a closure
[2025-01-18 13:47:37,111] 109 great_expectations._docs_decorators - INFO - Skipping registering function DataSourceManager._register_delete_datasource.<locals>.crud_method_info because it is a closure
[2025-01-18 13:47:37,120] 109 great_expectations._docs_decorators - INFO - Skipping registering function DataSourceManager._register_add_datasource.<locals>.crud_method_info because it is a closure
[2025-01-18 13:47:37,121] 109 great_expectations._docs_decorators - INFO - Skipping registering function DataSourceManager._register_update_datasource.<locals>.crud_method_info because it is a closure
[2025-01-18 13:47:37,121] 109 great_expectations._docs_decorators - INFO - Skipping registering function DataSourceManager._register_add_or_update_datasource.<locals>.crud_method_info because it is a closure
[2025-01-18 13:47:37,122] 109 great_expectations._docs_decorators - INFO - Skipping registering function DataSourceManager._register_delete_datasource.<locals>.crud_method_info because it is a closure
[2025-01-18 13:47:37,128] 109 great_expectations._docs_decorators - INFO - Skipping registering function DataSourceManager._register_add_datasource.<locals>.crud_method_info because it is a closure
[2025-01-18 13:47:37,128] 109 great_expectations._docs_decorators - INFO - Skipping registering function DataSourceManager._register_update_datasource.<locals>.crud_method_info because it is a closure
[2025-01-18 13:47:37,128] 109 great_expectations._docs_decorators - INFO - Skipping registering function DataSourceManager._register_add_or_update_datasource.<locals>.crud_method_info because it is a closure
[2025-01-18 13:47:37,129] 109 great_expectations._docs_decorators - INFO - Skipping registering function DataSourceManager._register_delete_datasource.<locals>.crud_method_info because it is a closure
[2025-01-18 13:47:37,136] 109 great_expectations._docs_decorators - INFO - Skipping registering function DataSourceManager._register_add_datasource.<locals>.crud_method_info because it is a closure
[2025-01-18 13:47:37,137] 109 great_expectations._docs_decorators - INFO - Skipping registering function DataSourceManager._register_update_datasource.<locals>.crud_method_info because it is a closure
[2025-01-18 13:47:37,137] 109 great_expectations._docs_decorators - INFO - Skipping registering function DataSourceManager._register_add_or_update_datasource.<locals>.crud_method_info because it is a closure
[2025-01-18 13:47:37,138] 109 great_expectations._docs_decorators - INFO - Skipping registering function DataSourceManager._register_delete_datasource.<locals>.crud_method_info because it is a closure
[2025-01-18 13:47:37,373] 52 hopsworks_common.client.external - INFO - Initializing external client
[2025-01-18 13:47:37,373] 59 hopsworks_common.client.external - INFO - Base URL: https://c.app.hopsworks.ai:443
[2025-01-18 13:47:41,713] 134 hsfs.engine.python - INFO - Python Engine initialized.
[2025-01-18 13:47:43,924] 47 root - INFO - Get Feature View on Hopsworks 
[2025-01-18 13:47:53,672] 233 hopsworks_common.client.external - INFO - Closing external client and cleaning up certificates.
