[2025-02-10 19:41:25,955] 161 numexpr.utils - INFO - NumExpr defaulting to 4 threads.
[2025-02-10 19:41:28,993] 115 great_expectations._docs_decorators - INFO - Skipping registering function get_context because it does not have a class
[2025-02-10 19:41:29,819] 109 great_expectations._docs_decorators - INFO - Skipping registering function DataSourceManager._register_add_datasource.<locals>.crud_method_info because it is a closure
[2025-02-10 19:41:29,820] 109 great_expectations._docs_decorators - INFO - Skipping registering function DataSourceManager._register_update_datasource.<locals>.crud_method_info because it is a closure
[2025-02-10 19:41:29,821] 109 great_expectations._docs_decorators - INFO - Skipping registering function DataSourceManager._register_add_or_update_datasource.<locals>.crud_method_info because it is a closure
[2025-02-10 19:41:29,821] 109 great_expectations._docs_decorators - INFO - Skipping registering function DataSourceManager._register_delete_datasource.<locals>.crud_method_info because it is a closure
[2025-02-10 19:41:29,891] 109 great_expectations._docs_decorators - INFO - Skipping registering function DataSourceManager._bind_asset_factory_method_if_not_present.<locals>._add_asset_factory because it is a closure
[2025-02-10 19:41:29,891] 109 great_expectations._docs_decorators - INFO - Skipping registering function DataSourceManager._bind_asset_factory_method_if_not_present.<locals>._add_asset_factory because it is a closure
[2025-02-10 19:41:29,892] 109 great_expectations._docs_decorators - INFO - Skipping registering function DataSourceManager._bind_asset_factory_method_if_not_present.<locals>._add_asset_factory because it is a closure
[2025-02-10 19:41:29,892] 109 great_expectations._docs_decorators - INFO - Skipping registering function DataSourceManager._bind_asset_factory_method_if_not_present.<locals>._add_asset_factory because it is a closure
[2025-02-10 19:41:29,892] 109 great_expectations._docs_decorators - INFO - Skipping registering function DataSourceManager._bind_asset_factory_method_if_not_present.<locals>._add_asset_factory because it is a closure
[2025-02-10 19:41:29,893] 109 great_expectations._docs_decorators - INFO - Skipping registering function DataSourceManager._bind_asset_factory_method_if_not_present.<locals>._add_asset_factory because it is a closure
[2025-02-10 19:41:29,893] 109 great_expectations._docs_decorators - INFO - Skipping registering function DataSourceManager._bind_asset_factory_method_if_not_present.<locals>._add_asset_factory because it is a closure
[2025-02-10 19:41:29,894] 109 great_expectations._docs_decorators - INFO - Skipping registering function DataSourceManager._bind_asset_factory_method_if_not_present.<locals>._add_asset_factory because it is a closure
[2025-02-10 19:41:29,894] 109 great_expectations._docs_decorators - INFO - Skipping registering function DataSourceManager._bind_asset_factory_method_if_not_present.<locals>._add_asset_factory because it is a closure
[2025-02-10 19:41:29,895] 109 great_expectations._docs_decorators - INFO - Skipping registering function DataSourceManager._bind_asset_factory_method_if_not_present.<locals>._add_asset_factory because it is a closure
[2025-02-10 19:41:29,895] 109 great_expectations._docs_decorators - INFO - Skipping registering function DataSourceManager._bind_asset_factory_method_if_not_present.<locals>._add_asset_factory because it is a closure
[2025-02-10 19:41:29,895] 109 great_expectations._docs_decorators - INFO - Skipping registering function DataSourceManager._bind_asset_factory_method_if_not_present.<locals>._add_asset_factory because it is a closure
[2025-02-10 19:41:29,896] 109 great_expectations._docs_decorators - INFO - Skipping registering function DataSourceManager._bind_asset_factory_method_if_not_present.<locals>._add_asset_factory because it is a closure
[2025-02-10 19:41:29,896] 109 great_expectations._docs_decorators - INFO - Skipping registering function DataSourceManager._bind_asset_factory_method_if_not_present.<locals>._add_asset_factory because it is a closure
[2025-02-10 19:41:29,897] 109 great_expectations._docs_decorators - INFO - Skipping registering function DataSourceManager._register_add_datasource.<locals>.crud_method_info because it is a closure
[2025-02-10 19:41:29,897] 109 great_expectations._docs_decorators - INFO - Skipping registering function DataSourceManager._register_update_datasource.<locals>.crud_method_info because it is a closure
[2025-02-10 19:41:29,897] 109 great_expectations._docs_decorators - INFO - Skipping registering function DataSourceManager._register_add_or_update_datasource.<locals>.crud_method_info because it is a closure
[2025-02-10 19:41:29,898] 109 great_expectations._docs_decorators - INFO - Skipping registering function DataSourceManager._register_delete_datasource.<locals>.crud_method_info because it is a closure
[2025-02-10 19:41:29,903] 109 great_expectations._docs_decorators - INFO - Skipping registering function DataSourceManager._register_add_datasource.<locals>.crud_method_info because it is a closure
[2025-02-10 19:41:29,903] 109 great_expectations._docs_decorators - INFO - Skipping registering function DataSourceManager._register_update_datasource.<locals>.crud_method_info because it is a closure
[2025-02-10 19:41:29,903] 109 great_expectations._docs_decorators - INFO - Skipping registering function DataSourceManager._register_add_or_update_datasource.<locals>.crud_method_info because it is a closure
[2025-02-10 19:41:29,904] 109 great_expectations._docs_decorators - INFO - Skipping registering function DataSourceManager._register_delete_datasource.<locals>.crud_method_info because it is a closure
[2025-02-10 19:41:29,908] 109 great_expectations._docs_decorators - INFO - Skipping registering function DataSourceManager._bind_asset_factory_method_if_not_present.<locals>._add_asset_factory because it is a closure
[2025-02-10 19:41:29,909] 109 great_expectations._docs_decorators - INFO - Skipping registering function DataSourceManager._bind_asset_factory_method_if_not_present.<locals>._add_asset_factory because it is a closure
[2025-02-10 19:41:29,909] 109 great_expectations._docs_decorators - INFO - Skipping registering function DataSourceManager._bind_asset_factory_method_if_not_present.<locals>._add_asset_factory because it is a closure
[2025-02-10 19:41:29,910] 109 great_expectations._docs_decorators - INFO - Skipping registering function DataSourceManager._bind_asset_factory_method_if_not_present.<locals>._add_asset_factory because it is a closure
[2025-02-10 19:41:29,910] 109 great_expectations._docs_decorators - INFO - Skipping registering function DataSourceManager._bind_asset_factory_method_if_not_present.<locals>._add_asset_factory because it is a closure
[2025-02-10 19:41:29,910] 109 great_expectations._docs_decorators - INFO - Skipping registering function DataSourceManager._bind_asset_factory_method_if_not_present.<locals>._add_asset_factory because it is a closure
[2025-02-10 19:41:29,911] 109 great_expectations._docs_decorators - INFO - Skipping registering function DataSourceManager._bind_asset_factory_method_if_not_present.<locals>._add_asset_factory because it is a closure
[2025-02-10 19:41:29,911] 109 great_expectations._docs_decorators - INFO - Skipping registering function DataSourceManager._bind_asset_factory_method_if_not_present.<locals>._add_asset_factory because it is a closure
[2025-02-10 19:41:29,911] 109 great_expectations._docs_decorators - INFO - Skipping registering function DataSourceManager._bind_asset_factory_method_if_not_present.<locals>._add_asset_factory because it is a closure
[2025-02-10 19:41:29,912] 109 great_expectations._docs_decorators - INFO - Skipping registering function DataSourceManager._bind_asset_factory_method_if_not_present.<locals>._add_asset_factory because it is a closure
[2025-02-10 19:41:29,912] 109 great_expectations._docs_decorators - INFO - Skipping registering function DataSourceManager._bind_asset_factory_method_if_not_present.<locals>._add_asset_factory because it is a closure
[2025-02-10 19:41:29,913] 109 great_expectations._docs_decorators - INFO - Skipping registering function DataSourceManager._bind_asset_factory_method_if_not_present.<locals>._add_asset_factory because it is a closure
[2025-02-10 19:41:29,913] 109 great_expectations._docs_decorators - INFO - Skipping registering function DataSourceManager._bind_asset_factory_method_if_not_present.<locals>._add_asset_factory because it is a closure
[2025-02-10 19:41:29,913] 109 great_expectations._docs_decorators - INFO - Skipping registering function DataSourceManager._bind_asset_factory_method_if_not_present.<locals>._add_asset_factory because it is a closure
[2025-02-10 19:41:29,914] 109 great_expectations._docs_decorators - INFO - Skipping registering function DataSourceManager._register_add_datasource.<locals>.crud_method_info because it is a closure
[2025-02-10 19:41:29,914] 109 great_expectations._docs_decorators - INFO - Skipping registering function DataSourceManager._register_update_datasource.<locals>.crud_method_info because it is a closure
[2025-02-10 19:41:29,914] 109 great_expectations._docs_decorators - INFO - Skipping registering function DataSourceManager._register_add_or_update_datasource.<locals>.crud_method_info because it is a closure
[2025-02-10 19:41:29,915] 109 great_expectations._docs_decorators - INFO - Skipping registering function DataSourceManager._register_delete_datasource.<locals>.crud_method_info because it is a closure
[2025-02-10 19:41:29,918] 109 great_expectations._docs_decorators - INFO - Skipping registering function DataSourceManager._bind_asset_factory_method_if_not_present.<locals>._add_asset_factory because it is a closure
[2025-02-10 19:41:29,919] 109 great_expectations._docs_decorators - INFO - Skipping registering function DataSourceManager._bind_asset_factory_method_if_not_present.<locals>._add_asset_factory because it is a closure
[2025-02-10 19:41:29,919] 109 great_expectations._docs_decorators - INFO - Skipping registering function DataSourceManager._bind_asset_factory_method_if_not_present.<locals>._add_asset_factory because it is a closure
[2025-02-10 19:41:29,919] 109 great_expectations._docs_decorators - INFO - Skipping registering function DataSourceManager._bind_asset_factory_method_if_not_present.<locals>._add_asset_factory because it is a closure
[2025-02-10 19:41:29,920] 109 great_expectations._docs_decorators - INFO - Skipping registering function DataSourceManager._bind_asset_factory_method_if_not_present.<locals>._add_asset_factory because it is a closure
[2025-02-10 19:41:29,920] 109 great_expectations._docs_decorators - INFO - Skipping registering function DataSourceManager._bind_asset_factory_method_if_not_present.<locals>._add_asset_factory because it is a closure
[2025-02-10 19:41:29,920] 109 great_expectations._docs_decorators - INFO - Skipping registering function DataSourceManager._bind_asset_factory_method_if_not_present.<locals>._add_asset_factory because it is a closure
[2025-02-10 19:41:29,921] 109 great_expectations._docs_decorators - INFO - Skipping registering function DataSourceManager._bind_asset_factory_method_if_not_present.<locals>._add_asset_factory because it is a closure
[2025-02-10 19:41:29,921] 109 great_expectations._docs_decorators - INFO - Skipping registering function DataSourceManager._bind_asset_factory_method_if_not_present.<locals>._add_asset_factory because it is a closure
[2025-02-10 19:41:29,922] 109 great_expectations._docs_decorators - INFO - Skipping registering function DataSourceManager._bind_asset_factory_method_if_not_present.<locals>._add_asset_factory because it is a closure
[2025-02-10 19:41:29,922] 109 great_expectations._docs_decorators - INFO - Skipping registering function DataSourceManager._bind_asset_factory_method_if_not_present.<locals>._add_asset_factory because it is a closure
[2025-02-10 19:41:29,922] 109 great_expectations._docs_decorators - INFO - Skipping registering function DataSourceManager._bind_asset_factory_method_if_not_present.<locals>._add_asset_factory because it is a closure
[2025-02-10 19:41:29,923] 109 great_expectations._docs_decorators - INFO - Skipping registering function DataSourceManager._bind_asset_factory_method_if_not_present.<locals>._add_asset_factory because it is a closure
[2025-02-10 19:41:29,923] 109 great_expectations._docs_decorators - INFO - Skipping registering function DataSourceManager._bind_asset_factory_method_if_not_present.<locals>._add_asset_factory because it is a closure
[2025-02-10 19:41:29,923] 109 great_expectations._docs_decorators - INFO - Skipping registering function DataSourceManager._register_add_datasource.<locals>.crud_method_info because it is a closure
[2025-02-10 19:41:29,924] 109 great_expectations._docs_decorators - INFO - Skipping registering function DataSourceManager._register_update_datasource.<locals>.crud_method_info because it is a closure
[2025-02-10 19:41:29,924] 109 great_expectations._docs_decorators - INFO - Skipping registering function DataSourceManager._register_add_or_update_datasource.<locals>.crud_method_info because it is a closure
[2025-02-10 19:41:29,924] 109 great_expectations._docs_decorators - INFO - Skipping registering function DataSourceManager._register_delete_datasource.<locals>.crud_method_info because it is a closure
[2025-02-10 19:41:29,927] 109 great_expectations._docs_decorators - INFO - Skipping registering function DataSourceManager._bind_asset_factory_method_if_not_present.<locals>._add_asset_factory because it is a closure
[2025-02-10 19:41:29,928] 109 great_expectations._docs_decorators - INFO - Skipping registering function DataSourceManager._bind_asset_factory_method_if_not_present.<locals>._add_asset_factory because it is a closure
[2025-02-10 19:41:29,928] 109 great_expectations._docs_decorators - INFO - Skipping registering function DataSourceManager._bind_asset_factory_method_if_not_present.<locals>._add_asset_factory because it is a closure
[2025-02-10 19:41:29,929] 109 great_expectations._docs_decorators - INFO - Skipping registering function DataSourceManager._bind_asset_factory_method_if_not_present.<locals>._add_asset_factory because it is a closure
[2025-02-10 19:41:29,929] 109 great_expectations._docs_decorators - INFO - Skipping registering function DataSourceManager._bind_asset_factory_method_if_not_present.<locals>._add_asset_factory because it is a closure
[2025-02-10 19:41:29,929] 109 great_expectations._docs_decorators - INFO - Skipping registering function DataSourceManager._bind_asset_factory_method_if_not_present.<locals>._add_asset_factory because it is a closure
[2025-02-10 19:41:29,930] 109 great_expectations._docs_decorators - INFO - Skipping registering function DataSourceManager._bind_asset_factory_method_if_not_present.<locals>._add_asset_factory because it is a closure
[2025-02-10 19:41:29,930] 109 great_expectations._docs_decorators - INFO - Skipping registering function DataSourceManager._bind_asset_factory_method_if_not_present.<locals>._add_asset_factory because it is a closure
[2025-02-10 19:41:29,931] 109 great_expectations._docs_decorators - INFO - Skipping registering function DataSourceManager._bind_asset_factory_method_if_not_present.<locals>._add_asset_factory because it is a closure
[2025-02-10 19:41:29,931] 109 great_expectations._docs_decorators - INFO - Skipping registering function DataSourceManager._bind_asset_factory_method_if_not_present.<locals>._add_asset_factory because it is a closure
[2025-02-10 19:41:29,931] 109 great_expectations._docs_decorators - INFO - Skipping registering function DataSourceManager._bind_asset_factory_method_if_not_present.<locals>._add_asset_factory because it is a closure
[2025-02-10 19:41:29,932] 109 great_expectations._docs_decorators - INFO - Skipping registering function DataSourceManager._bind_asset_factory_method_if_not_present.<locals>._add_asset_factory because it is a closure
[2025-02-10 19:41:29,932] 109 great_expectations._docs_decorators - INFO - Skipping registering function DataSourceManager._bind_asset_factory_method_if_not_present.<locals>._add_asset_factory because it is a closure
[2025-02-10 19:41:29,933] 109 great_expectations._docs_decorators - INFO - Skipping registering function DataSourceManager._bind_asset_factory_method_if_not_present.<locals>._add_asset_factory because it is a closure
[2025-02-10 19:41:29,933] 109 great_expectations._docs_decorators - INFO - Skipping registering function DataSourceManager._register_add_datasource.<locals>.crud_method_info because it is a closure
[2025-02-10 19:41:29,933] 109 great_expectations._docs_decorators - INFO - Skipping registering function DataSourceManager._register_update_datasource.<locals>.crud_method_info because it is a closure
[2025-02-10 19:41:29,933] 109 great_expectations._docs_decorators - INFO - Skipping registering function DataSourceManager._register_add_or_update_datasource.<locals>.crud_method_info because it is a closure
[2025-02-10 19:41:29,934] 109 great_expectations._docs_decorators - INFO - Skipping registering function DataSourceManager._register_delete_datasource.<locals>.crud_method_info because it is a closure
[2025-02-10 19:41:29,948] 109 great_expectations._docs_decorators - INFO - Skipping registering function DataSourceManager._register_add_datasource.<locals>.crud_method_info because it is a closure
[2025-02-10 19:41:29,948] 109 great_expectations._docs_decorators - INFO - Skipping registering function DataSourceManager._register_update_datasource.<locals>.crud_method_info because it is a closure
[2025-02-10 19:41:29,949] 109 great_expectations._docs_decorators - INFO - Skipping registering function DataSourceManager._register_add_or_update_datasource.<locals>.crud_method_info because it is a closure
[2025-02-10 19:41:29,949] 109 great_expectations._docs_decorators - INFO - Skipping registering function DataSourceManager._register_delete_datasource.<locals>.crud_method_info because it is a closure
[2025-02-10 19:41:29,974] 109 great_expectations._docs_decorators - INFO - Skipping registering function DataSourceManager._register_add_datasource.<locals>.crud_method_info because it is a closure
[2025-02-10 19:41:29,974] 109 great_expectations._docs_decorators - INFO - Skipping registering function DataSourceManager._register_update_datasource.<locals>.crud_method_info because it is a closure
[2025-02-10 19:41:29,974] 109 great_expectations._docs_decorators - INFO - Skipping registering function DataSourceManager._register_add_or_update_datasource.<locals>.crud_method_info because it is a closure
[2025-02-10 19:41:29,975] 109 great_expectations._docs_decorators - INFO - Skipping registering function DataSourceManager._register_delete_datasource.<locals>.crud_method_info because it is a closure
[2025-02-10 19:41:29,979] 109 great_expectations._docs_decorators - INFO - Skipping registering function DataSourceManager._register_add_datasource.<locals>.crud_method_info because it is a closure
[2025-02-10 19:41:29,979] 109 great_expectations._docs_decorators - INFO - Skipping registering function DataSourceManager._register_update_datasource.<locals>.crud_method_info because it is a closure
[2025-02-10 19:41:29,979] 109 great_expectations._docs_decorators - INFO - Skipping registering function DataSourceManager._register_add_or_update_datasource.<locals>.crud_method_info because it is a closure
[2025-02-10 19:41:29,980] 109 great_expectations._docs_decorators - INFO - Skipping registering function DataSourceManager._register_delete_datasource.<locals>.crud_method_info because it is a closure
[2025-02-10 19:41:29,987] 109 great_expectations._docs_decorators - INFO - Skipping registering function DataSourceManager._register_add_datasource.<locals>.crud_method_info because it is a closure
[2025-02-10 19:41:29,987] 109 great_expectations._docs_decorators - INFO - Skipping registering function DataSourceManager._register_update_datasource.<locals>.crud_method_info because it is a closure
[2025-02-10 19:41:29,987] 109 great_expectations._docs_decorators - INFO - Skipping registering function DataSourceManager._register_add_or_update_datasource.<locals>.crud_method_info because it is a closure
[2025-02-10 19:41:29,988] 109 great_expectations._docs_decorators - INFO - Skipping registering function DataSourceManager._register_delete_datasource.<locals>.crud_method_info because it is a closure
[2025-02-10 19:41:30,102] 109 great_expectations._docs_decorators - INFO - Skipping registering function DataSourceManager._bind_asset_factory_method_if_not_present.<locals>._add_asset_factory because it is a closure
[2025-02-10 19:41:30,103] 109 great_expectations._docs_decorators - INFO - Skipping registering function DataSourceManager._bind_asset_factory_method_if_not_present.<locals>._add_asset_factory because it is a closure
[2025-02-10 19:41:30,103] 109 great_expectations._docs_decorators - INFO - Skipping registering function DataSourceManager._bind_asset_factory_method_if_not_present.<locals>._add_asset_factory because it is a closure
[2025-02-10 19:41:30,103] 109 great_expectations._docs_decorators - INFO - Skipping registering function DataSourceManager._bind_asset_factory_method_if_not_present.<locals>._add_asset_factory because it is a closure
[2025-02-10 19:41:30,104] 109 great_expectations._docs_decorators - INFO - Skipping registering function DataSourceManager._bind_asset_factory_method_if_not_present.<locals>._add_asset_factory because it is a closure
[2025-02-10 19:41:30,104] 109 great_expectations._docs_decorators - INFO - Skipping registering function DataSourceManager._bind_asset_factory_method_if_not_present.<locals>._add_asset_factory because it is a closure
[2025-02-10 19:41:30,105] 109 great_expectations._docs_decorators - INFO - Skipping registering function DataSourceManager._bind_asset_factory_method_if_not_present.<locals>._add_asset_factory because it is a closure
[2025-02-10 19:41:30,105] 109 great_expectations._docs_decorators - INFO - Skipping registering function DataSourceManager._bind_asset_factory_method_if_not_present.<locals>._add_asset_factory because it is a closure
[2025-02-10 19:41:30,105] 109 great_expectations._docs_decorators - INFO - Skipping registering function DataSourceManager._bind_asset_factory_method_if_not_present.<locals>._add_asset_factory because it is a closure
[2025-02-10 19:41:30,106] 109 great_expectations._docs_decorators - INFO - Skipping registering function DataSourceManager._bind_asset_factory_method_if_not_present.<locals>._add_asset_factory because it is a closure
[2025-02-10 19:41:30,106] 109 great_expectations._docs_decorators - INFO - Skipping registering function DataSourceManager._bind_asset_factory_method_if_not_present.<locals>._add_asset_factory because it is a closure
[2025-02-10 19:41:30,107] 109 great_expectations._docs_decorators - INFO - Skipping registering function DataSourceManager._bind_asset_factory_method_if_not_present.<locals>._add_asset_factory because it is a closure
[2025-02-10 19:41:30,107] 109 great_expectations._docs_decorators - INFO - Skipping registering function DataSourceManager._register_add_datasource.<locals>.crud_method_info because it is a closure
[2025-02-10 19:41:30,107] 109 great_expectations._docs_decorators - INFO - Skipping registering function DataSourceManager._register_update_datasource.<locals>.crud_method_info because it is a closure
[2025-02-10 19:41:30,108] 109 great_expectations._docs_decorators - INFO - Skipping registering function DataSourceManager._register_add_or_update_datasource.<locals>.crud_method_info because it is a closure
[2025-02-10 19:41:30,108] 109 great_expectations._docs_decorators - INFO - Skipping registering function DataSourceManager._register_delete_datasource.<locals>.crud_method_info because it is a closure
[2025-02-10 19:41:30,113] 109 great_expectations._docs_decorators - INFO - Skipping registering function DataSourceManager._register_add_datasource.<locals>.crud_method_info because it is a closure
[2025-02-10 19:41:30,113] 109 great_expectations._docs_decorators - INFO - Skipping registering function DataSourceManager._register_update_datasource.<locals>.crud_method_info because it is a closure
[2025-02-10 19:41:30,113] 109 great_expectations._docs_decorators - INFO - Skipping registering function DataSourceManager._register_add_or_update_datasource.<locals>.crud_method_info because it is a closure
[2025-02-10 19:41:30,114] 109 great_expectations._docs_decorators - INFO - Skipping registering function DataSourceManager._register_delete_datasource.<locals>.crud_method_info because it is a closure
[2025-02-10 19:41:30,119] 109 great_expectations._docs_decorators - INFO - Skipping registering function DataSourceManager._bind_asset_factory_method_if_not_present.<locals>._add_asset_factory because it is a closure
[2025-02-10 19:41:30,119] 109 great_expectations._docs_decorators - INFO - Skipping registering function DataSourceManager._bind_asset_factory_method_if_not_present.<locals>._add_asset_factory because it is a closure
[2025-02-10 19:41:30,120] 109 great_expectations._docs_decorators - INFO - Skipping registering function DataSourceManager._bind_asset_factory_method_if_not_present.<locals>._add_asset_factory because it is a closure
[2025-02-10 19:41:30,120] 109 great_expectations._docs_decorators - INFO - Skipping registering function DataSourceManager._bind_asset_factory_method_if_not_present.<locals>._add_asset_factory because it is a closure
[2025-02-10 19:41:30,121] 109 great_expectations._docs_decorators - INFO - Skipping registering function DataSourceManager._bind_asset_factory_method_if_not_present.<locals>._add_asset_factory because it is a closure
[2025-02-10 19:41:30,121] 109 great_expectations._docs_decorators - INFO - Skipping registering function DataSourceManager._bind_asset_factory_method_if_not_present.<locals>._add_asset_factory because it is a closure
[2025-02-10 19:41:30,121] 109 great_expectations._docs_decorators - INFO - Skipping registering function DataSourceManager._bind_asset_factory_method_if_not_present.<locals>._add_asset_factory because it is a closure
[2025-02-10 19:41:30,122] 109 great_expectations._docs_decorators - INFO - Skipping registering function DataSourceManager._bind_asset_factory_method_if_not_present.<locals>._add_asset_factory because it is a closure
[2025-02-10 19:41:30,122] 109 great_expectations._docs_decorators - INFO - Skipping registering function DataSourceManager._bind_asset_factory_method_if_not_present.<locals>._add_asset_factory because it is a closure
[2025-02-10 19:41:30,123] 109 great_expectations._docs_decorators - INFO - Skipping registering function DataSourceManager._bind_asset_factory_method_if_not_present.<locals>._add_asset_factory because it is a closure
[2025-02-10 19:41:30,123] 109 great_expectations._docs_decorators - INFO - Skipping registering function DataSourceManager._bind_asset_factory_method_if_not_present.<locals>._add_asset_factory because it is a closure
[2025-02-10 19:41:30,123] 109 great_expectations._docs_decorators - INFO - Skipping registering function DataSourceManager._bind_asset_factory_method_if_not_present.<locals>._add_asset_factory because it is a closure
[2025-02-10 19:41:30,124] 109 great_expectations._docs_decorators - INFO - Skipping registering function DataSourceManager._register_add_datasource.<locals>.crud_method_info because it is a closure
[2025-02-10 19:41:30,124] 109 great_expectations._docs_decorators - INFO - Skipping registering function DataSourceManager._register_update_datasource.<locals>.crud_method_info because it is a closure
[2025-02-10 19:41:30,125] 109 great_expectations._docs_decorators - INFO - Skipping registering function DataSourceManager._register_add_or_update_datasource.<locals>.crud_method_info because it is a closure
[2025-02-10 19:41:30,125] 109 great_expectations._docs_decorators - INFO - Skipping registering function DataSourceManager._register_delete_datasource.<locals>.crud_method_info because it is a closure
[2025-02-10 19:41:30,130] 109 great_expectations._docs_decorators - INFO - Skipping registering function DataSourceManager._bind_asset_factory_method_if_not_present.<locals>._add_asset_factory because it is a closure
[2025-02-10 19:41:30,131] 109 great_expectations._docs_decorators - INFO - Skipping registering function DataSourceManager._bind_asset_factory_method_if_not_present.<locals>._add_asset_factory because it is a closure
[2025-02-10 19:41:30,131] 109 great_expectations._docs_decorators - INFO - Skipping registering function DataSourceManager._bind_asset_factory_method_if_not_present.<locals>._add_asset_factory because it is a closure
[2025-02-10 19:41:30,132] 109 great_expectations._docs_decorators - INFO - Skipping registering function DataSourceManager._bind_asset_factory_method_if_not_present.<locals>._add_asset_factory because it is a closure
[2025-02-10 19:41:30,132] 109 great_expectations._docs_decorators - INFO - Skipping registering function DataSourceManager._bind_asset_factory_method_if_not_present.<locals>._add_asset_factory because it is a closure
[2025-02-10 19:41:30,133] 109 great_expectations._docs_decorators - INFO - Skipping registering function DataSourceManager._bind_asset_factory_method_if_not_present.<locals>._add_asset_factory because it is a closure
[2025-02-10 19:41:30,133] 109 great_expectations._docs_decorators - INFO - Skipping registering function DataSourceManager._bind_asset_factory_method_if_not_present.<locals>._add_asset_factory because it is a closure
[2025-02-10 19:41:30,134] 109 great_expectations._docs_decorators - INFO - Skipping registering function DataSourceManager._bind_asset_factory_method_if_not_present.<locals>._add_asset_factory because it is a closure
[2025-02-10 19:41:30,134] 109 great_expectations._docs_decorators - INFO - Skipping registering function DataSourceManager._bind_asset_factory_method_if_not_present.<locals>._add_asset_factory because it is a closure
[2025-02-10 19:41:30,134] 109 great_expectations._docs_decorators - INFO - Skipping registering function DataSourceManager._bind_asset_factory_method_if_not_present.<locals>._add_asset_factory because it is a closure
[2025-02-10 19:41:30,135] 109 great_expectations._docs_decorators - INFO - Skipping registering function DataSourceManager._bind_asset_factory_method_if_not_present.<locals>._add_asset_factory because it is a closure
[2025-02-10 19:41:30,135] 109 great_expectations._docs_decorators - INFO - Skipping registering function DataSourceManager._bind_asset_factory_method_if_not_present.<locals>._add_asset_factory because it is a closure
[2025-02-10 19:41:30,135] 109 great_expectations._docs_decorators - INFO - Skipping registering function DataSourceManager._register_add_datasource.<locals>.crud_method_info because it is a closure
[2025-02-10 19:41:30,136] 109 great_expectations._docs_decorators - INFO - Skipping registering function DataSourceManager._register_update_datasource.<locals>.crud_method_info because it is a closure
[2025-02-10 19:41:30,136] 109 great_expectations._docs_decorators - INFO - Skipping registering function DataSourceManager._register_add_or_update_datasource.<locals>.crud_method_info because it is a closure
[2025-02-10 19:41:30,136] 109 great_expectations._docs_decorators - INFO - Skipping registering function DataSourceManager._register_delete_datasource.<locals>.crud_method_info because it is a closure
[2025-02-10 19:41:30,141] 109 great_expectations._docs_decorators - INFO - Skipping registering function DataSourceManager._bind_asset_factory_method_if_not_present.<locals>._add_asset_factory because it is a closure
[2025-02-10 19:41:30,142] 109 great_expectations._docs_decorators - INFO - Skipping registering function DataSourceManager._bind_asset_factory_method_if_not_present.<locals>._add_asset_factory because it is a closure
[2025-02-10 19:41:30,142] 109 great_expectations._docs_decorators - INFO - Skipping registering function DataSourceManager._bind_asset_factory_method_if_not_present.<locals>._add_asset_factory because it is a closure
[2025-02-10 19:41:30,143] 109 great_expectations._docs_decorators - INFO - Skipping registering function DataSourceManager._bind_asset_factory_method_if_not_present.<locals>._add_asset_factory because it is a closure
[2025-02-10 19:41:30,143] 109 great_expectations._docs_decorators - INFO - Skipping registering function DataSourceManager._bind_asset_factory_method_if_not_present.<locals>._add_asset_factory because it is a closure
[2025-02-10 19:41:30,144] 109 great_expectations._docs_decorators - INFO - Skipping registering function DataSourceManager._bind_asset_factory_method_if_not_present.<locals>._add_asset_factory because it is a closure
[2025-02-10 19:41:30,144] 109 great_expectations._docs_decorators - INFO - Skipping registering function DataSourceManager._bind_asset_factory_method_if_not_present.<locals>._add_asset_factory because it is a closure
[2025-02-10 19:41:30,145] 109 great_expectations._docs_decorators - INFO - Skipping registering function DataSourceManager._bind_asset_factory_method_if_not_present.<locals>._add_asset_factory because it is a closure
[2025-02-10 19:41:30,145] 109 great_expectations._docs_decorators - INFO - Skipping registering function DataSourceManager._bind_asset_factory_method_if_not_present.<locals>._add_asset_factory because it is a closure
[2025-02-10 19:41:30,146] 109 great_expectations._docs_decorators - INFO - Skipping registering function DataSourceManager._bind_asset_factory_method_if_not_present.<locals>._add_asset_factory because it is a closure
[2025-02-10 19:41:30,146] 109 great_expectations._docs_decorators - INFO - Skipping registering function DataSourceManager._bind_asset_factory_method_if_not_present.<locals>._add_asset_factory because it is a closure
[2025-02-10 19:41:30,147] 109 great_expectations._docs_decorators - INFO - Skipping registering function DataSourceManager._bind_asset_factory_method_if_not_present.<locals>._add_asset_factory because it is a closure
[2025-02-10 19:41:30,147] 109 great_expectations._docs_decorators - INFO - Skipping registering function DataSourceManager._register_add_datasource.<locals>.crud_method_info because it is a closure
[2025-02-10 19:41:30,147] 109 great_expectations._docs_decorators - INFO - Skipping registering function DataSourceManager._register_update_datasource.<locals>.crud_method_info because it is a closure
[2025-02-10 19:41:30,147] 109 great_expectations._docs_decorators - INFO - Skipping registering function DataSourceManager._register_add_or_update_datasource.<locals>.crud_method_info because it is a closure
[2025-02-10 19:41:30,148] 109 great_expectations._docs_decorators - INFO - Skipping registering function DataSourceManager._register_delete_datasource.<locals>.crud_method_info because it is a closure
[2025-02-10 19:41:30,156] 109 great_expectations._docs_decorators - INFO - Skipping registering function DataSourceManager._register_add_datasource.<locals>.crud_method_info because it is a closure
[2025-02-10 19:41:30,156] 109 great_expectations._docs_decorators - INFO - Skipping registering function DataSourceManager._register_update_datasource.<locals>.crud_method_info because it is a closure
[2025-02-10 19:41:30,157] 109 great_expectations._docs_decorators - INFO - Skipping registering function DataSourceManager._register_add_or_update_datasource.<locals>.crud_method_info because it is a closure
[2025-02-10 19:41:30,157] 109 great_expectations._docs_decorators - INFO - Skipping registering function DataSourceManager._register_delete_datasource.<locals>.crud_method_info because it is a closure
[2025-02-10 19:41:30,163] 109 great_expectations._docs_decorators - INFO - Skipping registering function DataSourceManager._register_add_datasource.<locals>.crud_method_info because it is a closure
[2025-02-10 19:41:30,163] 109 great_expectations._docs_decorators - INFO - Skipping registering function DataSourceManager._register_update_datasource.<locals>.crud_method_info because it is a closure
[2025-02-10 19:41:30,164] 109 great_expectations._docs_decorators - INFO - Skipping registering function DataSourceManager._register_add_or_update_datasource.<locals>.crud_method_info because it is a closure
[2025-02-10 19:41:30,164] 109 great_expectations._docs_decorators - INFO - Skipping registering function DataSourceManager._register_delete_datasource.<locals>.crud_method_info because it is a closure
[2025-02-10 19:41:30,172] 109 great_expectations._docs_decorators - INFO - Skipping registering function DataSourceManager._register_add_datasource.<locals>.crud_method_info because it is a closure
[2025-02-10 19:41:30,173] 109 great_expectations._docs_decorators - INFO - Skipping registering function DataSourceManager._register_update_datasource.<locals>.crud_method_info because it is a closure
[2025-02-10 19:41:30,173] 109 great_expectations._docs_decorators - INFO - Skipping registering function DataSourceManager._register_add_or_update_datasource.<locals>.crud_method_info because it is a closure
[2025-02-10 19:41:30,174] 109 great_expectations._docs_decorators - INFO - Skipping registering function DataSourceManager._register_delete_datasource.<locals>.crud_method_info because it is a closure
[2025-02-10 19:41:30,972] 52 hopsworks_common.client.external - INFO - Initializing external client
[2025-02-10 19:41:30,973] 59 hopsworks_common.client.external - INFO - Base URL: https://c.app.hopsworks.ai:443
[2025-02-10 19:41:33,029] 134 hsfs.engine.python - INFO - Python Engine initialized.
[2025-02-10 19:41:34,972] 54 root - INFO - Get Feature View on Hopsworks 
[2025-02-10 19:41:42,926] 219 root - INFO - Training model with default parameters
[2025-02-10 19:41:42,988] 299 root - INFO - Error Occured during training model
[2025-02-10 19:41:43,444] 233 hopsworks_common.client.external - INFO - Closing external client and cleaning up certificates.
