[2025-02-28 11:53:18,474] 161 numexpr.utils - INFO - NumExpr defaulting to 4 threads.
[2025-02-28 11:53:21,638] 115 great_expectations._docs_decorators - INFO - Skipping registering function get_context because it does not have a class
[2025-02-28 11:53:22,885] 109 great_expectations._docs_decorators - INFO - Skipping registering function DataSourceManager._register_add_datasource.<locals>.crud_method_info because it is a closure
[2025-02-28 11:53:22,886] 109 great_expectations._docs_decorators - INFO - Skipping registering function DataSourceManager._register_update_datasource.<locals>.crud_method_info because it is a closure
[2025-02-28 11:53:22,887] 109 great_expectations._docs_decorators - INFO - Skipping registering function DataSourceManager._register_add_or_update_datasource.<locals>.crud_method_info because it is a closure
[2025-02-28 11:53:22,887] 109 great_expectations._docs_decorators - INFO - Skipping registering function DataSourceManager._register_delete_datasource.<locals>.crud_method_info because it is a closure
[2025-02-28 11:53:22,973] 109 great_expectations._docs_decorators - INFO - Skipping registering function DataSourceManager._bind_asset_factory_method_if_not_present.<locals>._add_asset_factory because it is a closure
[2025-02-28 11:53:22,974] 109 great_expectations._docs_decorators - INFO - Skipping registering function DataSourceManager._bind_asset_factory_method_if_not_present.<locals>._add_asset_factory because it is a closure
[2025-02-28 11:53:22,974] 109 great_expectations._docs_decorators - INFO - Skipping registering function DataSourceManager._bind_asset_factory_method_if_not_present.<locals>._add_asset_factory because it is a closure
[2025-02-28 11:53:22,975] 109 great_expectations._docs_decorators - INFO - Skipping registering function DataSourceManager._bind_asset_factory_method_if_not_present.<locals>._add_asset_factory because it is a closure
[2025-02-28 11:53:22,975] 109 great_expectations._docs_decorators - INFO - Skipping registering function DataSourceManager._bind_asset_factory_method_if_not_present.<locals>._add_asset_factory because it is a closure
[2025-02-28 11:53:22,976] 109 great_expectations._docs_decorators - INFO - Skipping registering function DataSourceManager._bind_asset_factory_method_if_not_present.<locals>._add_asset_factory because it is a closure
[2025-02-28 11:53:22,977] 109 great_expectations._docs_decorators - INFO - Skipping registering function DataSourceManager._bind_asset_factory_method_if_not_present.<locals>._add_asset_factory because it is a closure
[2025-02-28 11:53:22,977] 109 great_expectations._docs_decorators - INFO - Skipping registering function DataSourceManager._bind_asset_factory_method_if_not_present.<locals>._add_asset_factory because it is a closure
[2025-02-28 11:53:22,978] 109 great_expectations._docs_decorators - INFO - Skipping registering function DataSourceManager._bind_asset_factory_method_if_not_present.<locals>._add_asset_factory because it is a closure
[2025-02-28 11:53:22,979] 109 great_expectations._docs_decorators - INFO - Skipping registering function DataSourceManager._bind_asset_factory_method_if_not_present.<locals>._add_asset_factory because it is a closure
[2025-02-28 11:53:22,979] 109 great_expectations._docs_decorators - INFO - Skipping registering function DataSourceManager._bind_asset_factory_method_if_not_present.<locals>._add_asset_factory because it is a closure
[2025-02-28 11:53:22,980] 109 great_expectations._docs_decorators - INFO - Skipping registering function DataSourceManager._bind_asset_factory_method_if_not_present.<locals>._add_asset_factory because it is a closure
[2025-02-28 11:53:22,980] 109 great_expectations._docs_decorators - INFO - Skipping registering function DataSourceManager._bind_asset_factory_method_if_not_present.<locals>._add_asset_factory because it is a closure
[2025-02-28 11:53:22,981] 109 great_expectations._docs_decorators - INFO - Skipping registering function DataSourceManager._bind_asset_factory_method_if_not_present.<locals>._add_asset_factory because it is a closure
[2025-02-28 11:53:22,981] 109 great_expectations._docs_decorators - INFO - Skipping registering function DataSourceManager._register_add_datasource.<locals>.crud_method_info because it is a closure
[2025-02-28 11:53:22,981] 109 great_expectations._docs_decorators - INFO - Skipping registering function DataSourceManager._register_update_datasource.<locals>.crud_method_info because it is a closure
[2025-02-28 11:53:22,982] 109 great_expectations._docs_decorators - INFO - Skipping registering function DataSourceManager._register_add_or_update_datasource.<locals>.crud_method_info because it is a closure
[2025-02-28 11:53:22,982] 109 great_expectations._docs_decorators - INFO - Skipping registering function DataSourceManager._register_delete_datasource.<locals>.crud_method_info because it is a closure
[2025-02-28 11:53:22,985] 109 great_expectations._docs_decorators - INFO - Skipping registering function DataSourceManager._register_add_datasource.<locals>.crud_method_info because it is a closure
[2025-02-28 11:53:22,986] 109 great_expectations._docs_decorators - INFO - Skipping registering function DataSourceManager._register_update_datasource.<locals>.crud_method_info because it is a closure
[2025-02-28 11:53:22,986] 109 great_expectations._docs_decorators - INFO - Skipping registering function DataSourceManager._register_add_or_update_datasource.<locals>.crud_method_info because it is a closure
[2025-02-28 11:53:22,987] 109 great_expectations._docs_decorators - INFO - Skipping registering function DataSourceManager._register_delete_datasource.<locals>.crud_method_info because it is a closure
[2025-02-28 11:53:22,990] 109 great_expectations._docs_decorators - INFO - Skipping registering function DataSourceManager._bind_asset_factory_method_if_not_present.<locals>._add_asset_factory because it is a closure
[2025-02-28 11:53:22,991] 109 great_expectations._docs_decorators - INFO - Skipping registering function DataSourceManager._bind_asset_factory_method_if_not_present.<locals>._add_asset_factory because it is a closure
[2025-02-28 11:53:22,991] 109 great_expectations._docs_decorators - INFO - Skipping registering function DataSourceManager._bind_asset_factory_method_if_not_present.<locals>._add_asset_factory because it is a closure
[2025-02-28 11:53:22,992] 109 great_expectations._docs_decorators - INFO - Skipping registering function DataSourceManager._bind_asset_factory_method_if_not_present.<locals>._add_asset_factory because it is a closure
[2025-02-28 11:53:22,992] 109 great_expectations._docs_decorators - INFO - Skipping registering function DataSourceManager._bind_asset_factory_method_if_not_present.<locals>._add_asset_factory because it is a closure
[2025-02-28 11:53:22,993] 109 great_expectations._docs_decorators - INFO - Skipping registering function DataSourceManager._bind_asset_factory_method_if_not_present.<locals>._add_asset_factory because it is a closure
[2025-02-28 11:53:22,993] 109 great_expectations._docs_decorators - INFO - Skipping registering function DataSourceManager._bind_asset_factory_method_if_not_present.<locals>._add_asset_factory because it is a closure
[2025-02-28 11:53:22,994] 109 great_expectations._docs_decorators - INFO - Skipping registering function DataSourceManager._bind_asset_factory_method_if_not_present.<locals>._add_asset_factory because it is a closure
[2025-02-28 11:53:22,994] 109 great_expectations._docs_decorators - INFO - Skipping registering function DataSourceManager._bind_asset_factory_method_if_not_present.<locals>._add_asset_factory because it is a closure
[2025-02-28 11:53:22,995] 109 great_expectations._docs_decorators - INFO - Skipping registering function DataSourceManager._bind_asset_factory_method_if_not_present.<locals>._add_asset_factory because it is a closure
[2025-02-28 11:53:22,995] 109 great_expectations._docs_decorators - INFO - Skipping registering function DataSourceManager._bind_asset_factory_method_if_not_present.<locals>._add_asset_factory because it is a closure
[2025-02-28 11:53:22,996] 109 great_expectations._docs_decorators - INFO - Skipping registering function DataSourceManager._bind_asset_factory_method_if_not_present.<locals>._add_asset_factory because it is a closure
[2025-02-28 11:53:22,996] 109 great_expectations._docs_decorators - INFO - Skipping registering function DataSourceManager._bind_asset_factory_method_if_not_present.<locals>._add_asset_factory because it is a closure
[2025-02-28 11:53:22,997] 109 great_expectations._docs_decorators - INFO - Skipping registering function DataSourceManager._bind_asset_factory_method_if_not_present.<locals>._add_asset_factory because it is a closure
[2025-02-28 11:53:22,997] 109 great_expectations._docs_decorators - INFO - Skipping registering function DataSourceManager._register_add_datasource.<locals>.crud_method_info because it is a closure
[2025-02-28 11:53:22,997] 109 great_expectations._docs_decorators - INFO - Skipping registering function DataSourceManager._register_update_datasource.<locals>.crud_method_info because it is a closure
[2025-02-28 11:53:22,998] 109 great_expectations._docs_decorators - INFO - Skipping registering function DataSourceManager._register_add_or_update_datasource.<locals>.crud_method_info because it is a closure
[2025-02-28 11:53:22,998] 109 great_expectations._docs_decorators - INFO - Skipping registering function DataSourceManager._register_delete_datasource.<locals>.crud_method_info because it is a closure
[2025-02-28 11:53:23,002] 109 great_expectations._docs_decorators - INFO - Skipping registering function DataSourceManager._bind_asset_factory_method_if_not_present.<locals>._add_asset_factory because it is a closure
[2025-02-28 11:53:23,003] 109 great_expectations._docs_decorators - INFO - Skipping registering function DataSourceManager._bind_asset_factory_method_if_not_present.<locals>._add_asset_factory because it is a closure
[2025-02-28 11:53:23,004] 109 great_expectations._docs_decorators - INFO - Skipping registering function DataSourceManager._bind_asset_factory_method_if_not_present.<locals>._add_asset_factory because it is a closure
[2025-02-28 11:53:23,004] 109 great_expectations._docs_decorators - INFO - Skipping registering function DataSourceManager._bind_asset_factory_method_if_not_present.<locals>._add_asset_factory because it is a closure
[2025-02-28 11:53:23,005] 109 great_expectations._docs_decorators - INFO - Skipping registering function DataSourceManager._bind_asset_factory_method_if_not_present.<locals>._add_asset_factory because it is a closure
[2025-02-28 11:53:23,005] 109 great_expectations._docs_decorators - INFO - Skipping registering function DataSourceManager._bind_asset_factory_method_if_not_present.<locals>._add_asset_factory because it is a closure
[2025-02-28 11:53:23,006] 109 great_expectations._docs_decorators - INFO - Skipping registering function DataSourceManager._bind_asset_factory_method_if_not_present.<locals>._add_asset_factory because it is a closure
[2025-02-28 11:53:23,006] 109 great_expectations._docs_decorators - INFO - Skipping registering function DataSourceManager._bind_asset_factory_method_if_not_present.<locals>._add_asset_factory because it is a closure
[2025-02-28 11:53:23,007] 109 great_expectations._docs_decorators - INFO - Skipping registering function DataSourceManager._bind_asset_factory_method_if_not_present.<locals>._add_asset_factory because it is a closure
[2025-02-28 11:53:23,007] 109 great_expectations._docs_decorators - INFO - Skipping registering function DataSourceManager._bind_asset_factory_method_if_not_present.<locals>._add_asset_factory because it is a closure
[2025-02-28 11:53:23,008] 109 great_expectations._docs_decorators - INFO - Skipping registering function DataSourceManager._bind_asset_factory_method_if_not_present.<locals>._add_asset_factory because it is a closure
[2025-02-28 11:53:23,008] 109 great_expectations._docs_decorators - INFO - Skipping registering function DataSourceManager._bind_asset_factory_method_if_not_present.<locals>._add_asset_factory because it is a closure
[2025-02-28 11:53:23,008] 109 great_expectations._docs_decorators - INFO - Skipping registering function DataSourceManager._bind_asset_factory_method_if_not_present.<locals>._add_asset_factory because it is a closure
[2025-02-28 11:53:23,009] 109 great_expectations._docs_decorators - INFO - Skipping registering function DataSourceManager._bind_asset_factory_method_if_not_present.<locals>._add_asset_factory because it is a closure
[2025-02-28 11:53:23,009] 109 great_expectations._docs_decorators - INFO - Skipping registering function DataSourceManager._register_add_datasource.<locals>.crud_method_info because it is a closure
[2025-02-28 11:53:23,010] 109 great_expectations._docs_decorators - INFO - Skipping registering function DataSourceManager._register_update_datasource.<locals>.crud_method_info because it is a closure
[2025-02-28 11:53:23,010] 109 great_expectations._docs_decorators - INFO - Skipping registering function DataSourceManager._register_add_or_update_datasource.<locals>.crud_method_info because it is a closure
[2025-02-28 11:53:23,010] 109 great_expectations._docs_decorators - INFO - Skipping registering function DataSourceManager._register_delete_datasource.<locals>.crud_method_info because it is a closure
[2025-02-28 11:53:23,014] 109 great_expectations._docs_decorators - INFO - Skipping registering function DataSourceManager._bind_asset_factory_method_if_not_present.<locals>._add_asset_factory because it is a closure
[2025-02-28 11:53:23,015] 109 great_expectations._docs_decorators - INFO - Skipping registering function DataSourceManager._bind_asset_factory_method_if_not_present.<locals>._add_asset_factory because it is a closure
[2025-02-28 11:53:23,015] 109 great_expectations._docs_decorators - INFO - Skipping registering function DataSourceManager._bind_asset_factory_method_if_not_present.<locals>._add_asset_factory because it is a closure
[2025-02-28 11:53:23,016] 109 great_expectations._docs_decorators - INFO - Skipping registering function DataSourceManager._bind_asset_factory_method_if_not_present.<locals>._add_asset_factory because it is a closure
[2025-02-28 11:53:23,016] 109 great_expectations._docs_decorators - INFO - Skipping registering function DataSourceManager._bind_asset_factory_method_if_not_present.<locals>._add_asset_factory because it is a closure
[2025-02-28 11:53:23,017] 109 great_expectations._docs_decorators - INFO - Skipping registering function DataSourceManager._bind_asset_factory_method_if_not_present.<locals>._add_asset_factory because it is a closure
[2025-02-28 11:53:23,017] 109 great_expectations._docs_decorators - INFO - Skipping registering function DataSourceManager._bind_asset_factory_method_if_not_present.<locals>._add_asset_factory because it is a closure
[2025-02-28 11:53:23,018] 109 great_expectations._docs_decorators - INFO - Skipping registering function DataSourceManager._bind_asset_factory_method_if_not_present.<locals>._add_asset_factory because it is a closure
[2025-02-28 11:53:23,018] 109 great_expectations._docs_decorators - INFO - Skipping registering function DataSourceManager._bind_asset_factory_method_if_not_present.<locals>._add_asset_factory because it is a closure
[2025-02-28 11:53:23,019] 109 great_expectations._docs_decorators - INFO - Skipping registering function DataSourceManager._bind_asset_factory_method_if_not_present.<locals>._add_asset_factory because it is a closure
[2025-02-28 11:53:23,019] 109 great_expectations._docs_decorators - INFO - Skipping registering function DataSourceManager._bind_asset_factory_method_if_not_present.<locals>._add_asset_factory because it is a closure
[2025-02-28 11:53:23,020] 109 great_expectations._docs_decorators - INFO - Skipping registering function DataSourceManager._bind_asset_factory_method_if_not_present.<locals>._add_asset_factory because it is a closure
[2025-02-28 11:53:23,020] 109 great_expectations._docs_decorators - INFO - Skipping registering function DataSourceManager._bind_asset_factory_method_if_not_present.<locals>._add_asset_factory because it is a closure
[2025-02-28 11:53:23,021] 109 great_expectations._docs_decorators - INFO - Skipping registering function DataSourceManager._bind_asset_factory_method_if_not_present.<locals>._add_asset_factory because it is a closure
[2025-02-28 11:53:23,021] 109 great_expectations._docs_decorators - INFO - Skipping registering function DataSourceManager._register_add_datasource.<locals>.crud_method_info because it is a closure
[2025-02-28 11:53:23,022] 109 great_expectations._docs_decorators - INFO - Skipping registering function DataSourceManager._register_update_datasource.<locals>.crud_method_info because it is a closure
[2025-02-28 11:53:23,022] 109 great_expectations._docs_decorators - INFO - Skipping registering function DataSourceManager._register_add_or_update_datasource.<locals>.crud_method_info because it is a closure
[2025-02-28 11:53:23,022] 109 great_expectations._docs_decorators - INFO - Skipping registering function DataSourceManager._register_delete_datasource.<locals>.crud_method_info because it is a closure
[2025-02-28 11:53:23,035] 109 great_expectations._docs_decorators - INFO - Skipping registering function DataSourceManager._register_add_datasource.<locals>.crud_method_info because it is a closure
[2025-02-28 11:53:23,035] 109 great_expectations._docs_decorators - INFO - Skipping registering function DataSourceManager._register_update_datasource.<locals>.crud_method_info because it is a closure
[2025-02-28 11:53:23,036] 109 great_expectations._docs_decorators - INFO - Skipping registering function DataSourceManager._register_add_or_update_datasource.<locals>.crud_method_info because it is a closure
[2025-02-28 11:53:23,036] 109 great_expectations._docs_decorators - INFO - Skipping registering function DataSourceManager._register_delete_datasource.<locals>.crud_method_info because it is a closure
[2025-02-28 11:53:23,063] 109 great_expectations._docs_decorators - INFO - Skipping registering function DataSourceManager._register_add_datasource.<locals>.crud_method_info because it is a closure
[2025-02-28 11:53:23,063] 109 great_expectations._docs_decorators - INFO - Skipping registering function DataSourceManager._register_update_datasource.<locals>.crud_method_info because it is a closure
[2025-02-28 11:53:23,064] 109 great_expectations._docs_decorators - INFO - Skipping registering function DataSourceManager._register_add_or_update_datasource.<locals>.crud_method_info because it is a closure
[2025-02-28 11:53:23,064] 109 great_expectations._docs_decorators - INFO - Skipping registering function DataSourceManager._register_delete_datasource.<locals>.crud_method_info because it is a closure
[2025-02-28 11:53:23,069] 109 great_expectations._docs_decorators - INFO - Skipping registering function DataSourceManager._register_add_datasource.<locals>.crud_method_info because it is a closure
[2025-02-28 11:53:23,070] 109 great_expectations._docs_decorators - INFO - Skipping registering function DataSourceManager._register_update_datasource.<locals>.crud_method_info because it is a closure
[2025-02-28 11:53:23,070] 109 great_expectations._docs_decorators - INFO - Skipping registering function DataSourceManager._register_add_or_update_datasource.<locals>.crud_method_info because it is a closure
[2025-02-28 11:53:23,071] 109 great_expectations._docs_decorators - INFO - Skipping registering function DataSourceManager._register_delete_datasource.<locals>.crud_method_info because it is a closure
[2025-02-28 11:53:23,079] 109 great_expectations._docs_decorators - INFO - Skipping registering function DataSourceManager._register_add_datasource.<locals>.crud_method_info because it is a closure
[2025-02-28 11:53:23,079] 109 great_expectations._docs_decorators - INFO - Skipping registering function DataSourceManager._register_update_datasource.<locals>.crud_method_info because it is a closure
[2025-02-28 11:53:23,080] 109 great_expectations._docs_decorators - INFO - Skipping registering function DataSourceManager._register_add_or_update_datasource.<locals>.crud_method_info because it is a closure
[2025-02-28 11:53:23,080] 109 great_expectations._docs_decorators - INFO - Skipping registering function DataSourceManager._register_delete_datasource.<locals>.crud_method_info because it is a closure
[2025-02-28 11:53:23,200] 109 great_expectations._docs_decorators - INFO - Skipping registering function DataSourceManager._bind_asset_factory_method_if_not_present.<locals>._add_asset_factory because it is a closure
[2025-02-28 11:53:23,201] 109 great_expectations._docs_decorators - INFO - Skipping registering function DataSourceManager._bind_asset_factory_method_if_not_present.<locals>._add_asset_factory because it is a closure
[2025-02-28 11:53:23,201] 109 great_expectations._docs_decorators - INFO - Skipping registering function DataSourceManager._bind_asset_factory_method_if_not_present.<locals>._add_asset_factory because it is a closure
[2025-02-28 11:53:23,202] 109 great_expectations._docs_decorators - INFO - Skipping registering function DataSourceManager._bind_asset_factory_method_if_not_present.<locals>._add_asset_factory because it is a closure
[2025-02-28 11:53:23,202] 109 great_expectations._docs_decorators - INFO - Skipping registering function DataSourceManager._bind_asset_factory_method_if_not_present.<locals>._add_asset_factory because it is a closure
[2025-02-28 11:53:23,203] 109 great_expectations._docs_decorators - INFO - Skipping registering function DataSourceManager._bind_asset_factory_method_if_not_present.<locals>._add_asset_factory because it is a closure
[2025-02-28 11:53:23,204] 109 great_expectations._docs_decorators - INFO - Skipping registering function DataSourceManager._bind_asset_factory_method_if_not_present.<locals>._add_asset_factory because it is a closure
[2025-02-28 11:53:23,204] 109 great_expectations._docs_decorators - INFO - Skipping registering function DataSourceManager._bind_asset_factory_method_if_not_present.<locals>._add_asset_factory because it is a closure
[2025-02-28 11:53:23,205] 109 great_expectations._docs_decorators - INFO - Skipping registering function DataSourceManager._bind_asset_factory_method_if_not_present.<locals>._add_asset_factory because it is a closure
[2025-02-28 11:53:23,205] 109 great_expectations._docs_decorators - INFO - Skipping registering function DataSourceManager._bind_asset_factory_method_if_not_present.<locals>._add_asset_factory because it is a closure
[2025-02-28 11:53:23,206] 109 great_expectations._docs_decorators - INFO - Skipping registering function DataSourceManager._bind_asset_factory_method_if_not_present.<locals>._add_asset_factory because it is a closure
[2025-02-28 11:53:23,206] 109 great_expectations._docs_decorators - INFO - Skipping registering function DataSourceManager._bind_asset_factory_method_if_not_present.<locals>._add_asset_factory because it is a closure
[2025-02-28 11:53:23,207] 109 great_expectations._docs_decorators - INFO - Skipping registering function DataSourceManager._register_add_datasource.<locals>.crud_method_info because it is a closure
[2025-02-28 11:53:23,207] 109 great_expectations._docs_decorators - INFO - Skipping registering function DataSourceManager._register_update_datasource.<locals>.crud_method_info because it is a closure
[2025-02-28 11:53:23,208] 109 great_expectations._docs_decorators - INFO - Skipping registering function DataSourceManager._register_add_or_update_datasource.<locals>.crud_method_info because it is a closure
[2025-02-28 11:53:23,208] 109 great_expectations._docs_decorators - INFO - Skipping registering function DataSourceManager._register_delete_datasource.<locals>.crud_method_info because it is a closure
[2025-02-28 11:53:23,214] 109 great_expectations._docs_decorators - INFO - Skipping registering function DataSourceManager._register_add_datasource.<locals>.crud_method_info because it is a closure
[2025-02-28 11:53:23,214] 109 great_expectations._docs_decorators - INFO - Skipping registering function DataSourceManager._register_update_datasource.<locals>.crud_method_info because it is a closure
[2025-02-28 11:53:23,215] 109 great_expectations._docs_decorators - INFO - Skipping registering function DataSourceManager._register_add_or_update_datasource.<locals>.crud_method_info because it is a closure
[2025-02-28 11:53:23,215] 109 great_expectations._docs_decorators - INFO - Skipping registering function DataSourceManager._register_delete_datasource.<locals>.crud_method_info because it is a closure
[2025-02-28 11:53:23,221] 109 great_expectations._docs_decorators - INFO - Skipping registering function DataSourceManager._bind_asset_factory_method_if_not_present.<locals>._add_asset_factory because it is a closure
[2025-02-28 11:53:23,221] 109 great_expectations._docs_decorators - INFO - Skipping registering function DataSourceManager._bind_asset_factory_method_if_not_present.<locals>._add_asset_factory because it is a closure
[2025-02-28 11:53:23,222] 109 great_expectations._docs_decorators - INFO - Skipping registering function DataSourceManager._bind_asset_factory_method_if_not_present.<locals>._add_asset_factory because it is a closure
[2025-02-28 11:53:23,223] 109 great_expectations._docs_decorators - INFO - Skipping registering function DataSourceManager._bind_asset_factory_method_if_not_present.<locals>._add_asset_factory because it is a closure
[2025-02-28 11:53:23,223] 109 great_expectations._docs_decorators - INFO - Skipping registering function DataSourceManager._bind_asset_factory_method_if_not_present.<locals>._add_asset_factory because it is a closure
[2025-02-28 11:53:23,224] 109 great_expectations._docs_decorators - INFO - Skipping registering function DataSourceManager._bind_asset_factory_method_if_not_present.<locals>._add_asset_factory because it is a closure
[2025-02-28 11:53:23,224] 109 great_expectations._docs_decorators - INFO - Skipping registering function DataSourceManager._bind_asset_factory_method_if_not_present.<locals>._add_asset_factory because it is a closure
[2025-02-28 11:53:23,225] 109 great_expectations._docs_decorators - INFO - Skipping registering function DataSourceManager._bind_asset_factory_method_if_not_present.<locals>._add_asset_factory because it is a closure
[2025-02-28 11:53:23,225] 109 great_expectations._docs_decorators - INFO - Skipping registering function DataSourceManager._bind_asset_factory_method_if_not_present.<locals>._add_asset_factory because it is a closure
[2025-02-28 11:53:23,226] 109 great_expectations._docs_decorators - INFO - Skipping registering function DataSourceManager._bind_asset_factory_method_if_not_present.<locals>._add_asset_factory because it is a closure
[2025-02-28 11:53:23,226] 109 great_expectations._docs_decorators - INFO - Skipping registering function DataSourceManager._bind_asset_factory_method_if_not_present.<locals>._add_asset_factory because it is a closure
[2025-02-28 11:53:23,227] 109 great_expectations._docs_decorators - INFO - Skipping registering function DataSourceManager._bind_asset_factory_method_if_not_present.<locals>._add_asset_factory because it is a closure
[2025-02-28 11:53:23,227] 109 great_expectations._docs_decorators - INFO - Skipping registering function DataSourceManager._register_add_datasource.<locals>.crud_method_info because it is a closure
[2025-02-28 11:53:23,227] 109 great_expectations._docs_decorators - INFO - Skipping registering function DataSourceManager._register_update_datasource.<locals>.crud_method_info because it is a closure
[2025-02-28 11:53:23,228] 109 great_expectations._docs_decorators - INFO - Skipping registering function DataSourceManager._register_add_or_update_datasource.<locals>.crud_method_info because it is a closure
[2025-02-28 11:53:23,228] 109 great_expectations._docs_decorators - INFO - Skipping registering function DataSourceManager._register_delete_datasource.<locals>.crud_method_info because it is a closure
[2025-02-28 11:53:23,234] 109 great_expectations._docs_decorators - INFO - Skipping registering function DataSourceManager._bind_asset_factory_method_if_not_present.<locals>._add_asset_factory because it is a closure
[2025-02-28 11:53:23,234] 109 great_expectations._docs_decorators - INFO - Skipping registering function DataSourceManager._bind_asset_factory_method_if_not_present.<locals>._add_asset_factory because it is a closure
[2025-02-28 11:53:23,235] 109 great_expectations._docs_decorators - INFO - Skipping registering function DataSourceManager._bind_asset_factory_method_if_not_present.<locals>._add_asset_factory because it is a closure
[2025-02-28 11:53:23,235] 109 great_expectations._docs_decorators - INFO - Skipping registering function DataSourceManager._bind_asset_factory_method_if_not_present.<locals>._add_asset_factory because it is a closure
[2025-02-28 11:53:23,236] 109 great_expectations._docs_decorators - INFO - Skipping registering function DataSourceManager._bind_asset_factory_method_if_not_present.<locals>._add_asset_factory because it is a closure
[2025-02-28 11:53:23,237] 109 great_expectations._docs_decorators - INFO - Skipping registering function DataSourceManager._bind_asset_factory_method_if_not_present.<locals>._add_asset_factory because it is a closure
[2025-02-28 11:53:23,237] 109 great_expectations._docs_decorators - INFO - Skipping registering function DataSourceManager._bind_asset_factory_method_if_not_present.<locals>._add_asset_factory because it is a closure
[2025-02-28 11:53:23,238] 109 great_expectations._docs_decorators - INFO - Skipping registering function DataSourceManager._bind_asset_factory_method_if_not_present.<locals>._add_asset_factory because it is a closure
[2025-02-28 11:53:23,238] 109 great_expectations._docs_decorators - INFO - Skipping registering function DataSourceManager._bind_asset_factory_method_if_not_present.<locals>._add_asset_factory because it is a closure
[2025-02-28 11:53:23,239] 109 great_expectations._docs_decorators - INFO - Skipping registering function DataSourceManager._bind_asset_factory_method_if_not_present.<locals>._add_asset_factory because it is a closure
[2025-02-28 11:53:23,239] 109 great_expectations._docs_decorators - INFO - Skipping registering function DataSourceManager._bind_asset_factory_method_if_not_present.<locals>._add_asset_factory because it is a closure
[2025-02-28 11:53:23,240] 109 great_expectations._docs_decorators - INFO - Skipping registering function DataSourceManager._bind_asset_factory_method_if_not_present.<locals>._add_asset_factory because it is a closure
[2025-02-28 11:53:23,240] 109 great_expectations._docs_decorators - INFO - Skipping registering function DataSourceManager._register_add_datasource.<locals>.crud_method_info because it is a closure
[2025-02-28 11:53:23,241] 109 great_expectations._docs_decorators - INFO - Skipping registering function DataSourceManager._register_update_datasource.<locals>.crud_method_info because it is a closure
[2025-02-28 11:53:23,241] 109 great_expectations._docs_decorators - INFO - Skipping registering function DataSourceManager._register_add_or_update_datasource.<locals>.crud_method_info because it is a closure
[2025-02-28 11:53:23,241] 109 great_expectations._docs_decorators - INFO - Skipping registering function DataSourceManager._register_delete_datasource.<locals>.crud_method_info because it is a closure
[2025-02-28 11:53:23,247] 109 great_expectations._docs_decorators - INFO - Skipping registering function DataSourceManager._bind_asset_factory_method_if_not_present.<locals>._add_asset_factory because it is a closure
[2025-02-28 11:53:23,248] 109 great_expectations._docs_decorators - INFO - Skipping registering function DataSourceManager._bind_asset_factory_method_if_not_present.<locals>._add_asset_factory because it is a closure
[2025-02-28 11:53:23,248] 109 great_expectations._docs_decorators - INFO - Skipping registering function DataSourceManager._bind_asset_factory_method_if_not_present.<locals>._add_asset_factory because it is a closure
[2025-02-28 11:53:23,249] 109 great_expectations._docs_decorators - INFO - Skipping registering function DataSourceManager._bind_asset_factory_method_if_not_present.<locals>._add_asset_factory because it is a closure
[2025-02-28 11:53:23,249] 109 great_expectations._docs_decorators - INFO - Skipping registering function DataSourceManager._bind_asset_factory_method_if_not_present.<locals>._add_asset_factory because it is a closure
[2025-02-28 11:53:23,250] 109 great_expectations._docs_decorators - INFO - Skipping registering function DataSourceManager._bind_asset_factory_method_if_not_present.<locals>._add_asset_factory because it is a closure
[2025-02-28 11:53:23,251] 109 great_expectations._docs_decorators - INFO - Skipping registering function DataSourceManager._bind_asset_factory_method_if_not_present.<locals>._add_asset_factory because it is a closure
[2025-02-28 11:53:23,251] 109 great_expectations._docs_decorators - INFO - Skipping registering function DataSourceManager._bind_asset_factory_method_if_not_present.<locals>._add_asset_factory because it is a closure
[2025-02-28 11:53:23,252] 109 great_expectations._docs_decorators - INFO - Skipping registering function DataSourceManager._bind_asset_factory_method_if_not_present.<locals>._add_asset_factory because it is a closure
[2025-02-28 11:53:23,252] 109 great_expectations._docs_decorators - INFO - Skipping registering function DataSourceManager._bind_asset_factory_method_if_not_present.<locals>._add_asset_factory because it is a closure
[2025-02-28 11:53:23,252] 109 great_expectations._docs_decorators - INFO - Skipping registering function DataSourceManager._bind_asset_factory_method_if_not_present.<locals>._add_asset_factory because it is a closure
[2025-02-28 11:53:23,253] 109 great_expectations._docs_decorators - INFO - Skipping registering function DataSourceManager._bind_asset_factory_method_if_not_present.<locals>._add_asset_factory because it is a closure
[2025-02-28 11:53:23,253] 109 great_expectations._docs_decorators - INFO - Skipping registering function DataSourceManager._register_add_datasource.<locals>.crud_method_info because it is a closure
[2025-02-28 11:53:23,253] 109 great_expectations._docs_decorators - INFO - Skipping registering function DataSourceManager._register_update_datasource.<locals>.crud_method_info because it is a closure
[2025-02-28 11:53:23,254] 109 great_expectations._docs_decorators - INFO - Skipping registering function DataSourceManager._register_add_or_update_datasource.<locals>.crud_method_info because it is a closure
[2025-02-28 11:53:23,254] 109 great_expectations._docs_decorators - INFO - Skipping registering function DataSourceManager._register_delete_datasource.<locals>.crud_method_info because it is a closure
[2025-02-28 11:53:23,263] 109 great_expectations._docs_decorators - INFO - Skipping registering function DataSourceManager._register_add_datasource.<locals>.crud_method_info because it is a closure
[2025-02-28 11:53:23,264] 109 great_expectations._docs_decorators - INFO - Skipping registering function DataSourceManager._register_update_datasource.<locals>.crud_method_info because it is a closure
[2025-02-28 11:53:23,265] 109 great_expectations._docs_decorators - INFO - Skipping registering function DataSourceManager._register_add_or_update_datasource.<locals>.crud_method_info because it is a closure
[2025-02-28 11:53:23,265] 109 great_expectations._docs_decorators - INFO - Skipping registering function DataSourceManager._register_delete_datasource.<locals>.crud_method_info because it is a closure
[2025-02-28 11:53:23,272] 109 great_expectations._docs_decorators - INFO - Skipping registering function DataSourceManager._register_add_datasource.<locals>.crud_method_info because it is a closure
[2025-02-28 11:53:23,273] 109 great_expectations._docs_decorators - INFO - Skipping registering function DataSourceManager._register_update_datasource.<locals>.crud_method_info because it is a closure
[2025-02-28 11:53:23,273] 109 great_expectations._docs_decorators - INFO - Skipping registering function DataSourceManager._register_add_or_update_datasource.<locals>.crud_method_info because it is a closure
[2025-02-28 11:53:23,274] 109 great_expectations._docs_decorators - INFO - Skipping registering function DataSourceManager._register_delete_datasource.<locals>.crud_method_info because it is a closure
[2025-02-28 11:53:23,281] 109 great_expectations._docs_decorators - INFO - Skipping registering function DataSourceManager._register_add_datasource.<locals>.crud_method_info because it is a closure
[2025-02-28 11:53:23,282] 109 great_expectations._docs_decorators - INFO - Skipping registering function DataSourceManager._register_update_datasource.<locals>.crud_method_info because it is a closure
[2025-02-28 11:53:23,282] 109 great_expectations._docs_decorators - INFO - Skipping registering function DataSourceManager._register_add_or_update_datasource.<locals>.crud_method_info because it is a closure
[2025-02-28 11:53:23,283] 109 great_expectations._docs_decorators - INFO - Skipping registering function DataSourceManager._register_delete_datasource.<locals>.crud_method_info because it is a closure
[2025-02-28 11:53:29,432] 176 yfinance - ERROR - 
1 Failed download:
[2025-02-28 11:53:29,432] 189 yfinance - ERROR - ['GC=F']: JSONDecodeError('Expecting value: line 1 column 1 (char 0)')
[2025-02-28 11:53:32,500] 176 yfinance - ERROR - 
1 Failed download:
[2025-02-28 11:53:32,501] 189 yfinance - ERROR - ['GC=F']: JSONDecodeError('Expecting value: line 1 column 1 (char 0)')
[2025-02-28 11:53:32,505] 56 root - ERROR - Error occurred in function get_data_from_yfinance
[2025-02-28 11:53:32,505] 25 root - ERROR - Error Occured in TrainingPipeline at Data Ingestion Stage
[2025-02-28 11:53:47,058] 161 numexpr.utils - INFO - NumExpr defaulting to 4 threads.
[2025-02-28 11:53:50,229] 115 great_expectations._docs_decorators - INFO - Skipping registering function get_context because it does not have a class
[2025-02-28 11:53:51,465] 109 great_expectations._docs_decorators - INFO - Skipping registering function DataSourceManager._register_add_datasource.<locals>.crud_method_info because it is a closure
[2025-02-28 11:53:51,466] 109 great_expectations._docs_decorators - INFO - Skipping registering function DataSourceManager._register_update_datasource.<locals>.crud_method_info because it is a closure
[2025-02-28 11:53:51,466] 109 great_expectations._docs_decorators - INFO - Skipping registering function DataSourceManager._register_add_or_update_datasource.<locals>.crud_method_info because it is a closure
[2025-02-28 11:53:51,467] 109 great_expectations._docs_decorators - INFO - Skipping registering function DataSourceManager._register_delete_datasource.<locals>.crud_method_info because it is a closure
[2025-02-28 11:53:51,548] 109 great_expectations._docs_decorators - INFO - Skipping registering function DataSourceManager._bind_asset_factory_method_if_not_present.<locals>._add_asset_factory because it is a closure
[2025-02-28 11:53:51,549] 109 great_expectations._docs_decorators - INFO - Skipping registering function DataSourceManager._bind_asset_factory_method_if_not_present.<locals>._add_asset_factory because it is a closure
[2025-02-28 11:53:51,549] 109 great_expectations._docs_decorators - INFO - Skipping registering function DataSourceManager._bind_asset_factory_method_if_not_present.<locals>._add_asset_factory because it is a closure
[2025-02-28 11:53:51,550] 109 great_expectations._docs_decorators - INFO - Skipping registering function DataSourceManager._bind_asset_factory_method_if_not_present.<locals>._add_asset_factory because it is a closure
[2025-02-28 11:53:51,550] 109 great_expectations._docs_decorators - INFO - Skipping registering function DataSourceManager._bind_asset_factory_method_if_not_present.<locals>._add_asset_factory because it is a closure
[2025-02-28 11:53:51,551] 109 great_expectations._docs_decorators - INFO - Skipping registering function DataSourceManager._bind_asset_factory_method_if_not_present.<locals>._add_asset_factory because it is a closure
[2025-02-28 11:53:51,551] 109 great_expectations._docs_decorators - INFO - Skipping registering function DataSourceManager._bind_asset_factory_method_if_not_present.<locals>._add_asset_factory because it is a closure
[2025-02-28 11:53:51,552] 109 great_expectations._docs_decorators - INFO - Skipping registering function DataSourceManager._bind_asset_factory_method_if_not_present.<locals>._add_asset_factory because it is a closure
[2025-02-28 11:53:51,552] 109 great_expectations._docs_decorators - INFO - Skipping registering function DataSourceManager._bind_asset_factory_method_if_not_present.<locals>._add_asset_factory because it is a closure
[2025-02-28 11:53:51,553] 109 great_expectations._docs_decorators - INFO - Skipping registering function DataSourceManager._bind_asset_factory_method_if_not_present.<locals>._add_asset_factory because it is a closure
[2025-02-28 11:53:51,553] 109 great_expectations._docs_decorators - INFO - Skipping registering function DataSourceManager._bind_asset_factory_method_if_not_present.<locals>._add_asset_factory because it is a closure
[2025-02-28 11:53:51,554] 109 great_expectations._docs_decorators - INFO - Skipping registering function DataSourceManager._bind_asset_factory_method_if_not_present.<locals>._add_asset_factory because it is a closure
[2025-02-28 11:53:51,554] 109 great_expectations._docs_decorators - INFO - Skipping registering function DataSourceManager._bind_asset_factory_method_if_not_present.<locals>._add_asset_factory because it is a closure
[2025-02-28 11:53:51,555] 109 great_expectations._docs_decorators - INFO - Skipping registering function DataSourceManager._bind_asset_factory_method_if_not_present.<locals>._add_asset_factory because it is a closure
[2025-02-28 11:53:51,555] 109 great_expectations._docs_decorators - INFO - Skipping registering function DataSourceManager._register_add_datasource.<locals>.crud_method_info because it is a closure
[2025-02-28 11:53:51,555] 109 great_expectations._docs_decorators - INFO - Skipping registering function DataSourceManager._register_update_datasource.<locals>.crud_method_info because it is a closure
[2025-02-28 11:53:51,556] 109 great_expectations._docs_decorators - INFO - Skipping registering function DataSourceManager._register_add_or_update_datasource.<locals>.crud_method_info because it is a closure
[2025-02-28 11:53:51,556] 109 great_expectations._docs_decorators - INFO - Skipping registering function DataSourceManager._register_delete_datasource.<locals>.crud_method_info because it is a closure
[2025-02-28 11:53:51,559] 109 great_expectations._docs_decorators - INFO - Skipping registering function DataSourceManager._register_add_datasource.<locals>.crud_method_info because it is a closure
[2025-02-28 11:53:51,560] 109 great_expectations._docs_decorators - INFO - Skipping registering function DataSourceManager._register_update_datasource.<locals>.crud_method_info because it is a closure
[2025-02-28 11:53:51,560] 109 great_expectations._docs_decorators - INFO - Skipping registering function DataSourceManager._register_add_or_update_datasource.<locals>.crud_method_info because it is a closure
[2025-02-28 11:53:51,560] 109 great_expectations._docs_decorators - INFO - Skipping registering function DataSourceManager._register_delete_datasource.<locals>.crud_method_info because it is a closure
[2025-02-28 11:53:51,564] 109 great_expectations._docs_decorators - INFO - Skipping registering function DataSourceManager._bind_asset_factory_method_if_not_present.<locals>._add_asset_factory because it is a closure
[2025-02-28 11:53:51,565] 109 great_expectations._docs_decorators - INFO - Skipping registering function DataSourceManager._bind_asset_factory_method_if_not_present.<locals>._add_asset_factory because it is a closure
[2025-02-28 11:53:51,565] 109 great_expectations._docs_decorators - INFO - Skipping registering function DataSourceManager._bind_asset_factory_method_if_not_present.<locals>._add_asset_factory because it is a closure
[2025-02-28 11:53:51,565] 109 great_expectations._docs_decorators - INFO - Skipping registering function DataSourceManager._bind_asset_factory_method_if_not_present.<locals>._add_asset_factory because it is a closure
[2025-02-28 11:53:51,566] 109 great_expectations._docs_decorators - INFO - Skipping registering function DataSourceManager._bind_asset_factory_method_if_not_present.<locals>._add_asset_factory because it is a closure
[2025-02-28 11:53:51,566] 109 great_expectations._docs_decorators - INFO - Skipping registering function DataSourceManager._bind_asset_factory_method_if_not_present.<locals>._add_asset_factory because it is a closure
[2025-02-28 11:53:51,567] 109 great_expectations._docs_decorators - INFO - Skipping registering function DataSourceManager._bind_asset_factory_method_if_not_present.<locals>._add_asset_factory because it is a closure
[2025-02-28 11:53:51,567] 109 great_expectations._docs_decorators - INFO - Skipping registering function DataSourceManager._bind_asset_factory_method_if_not_present.<locals>._add_asset_factory because it is a closure
[2025-02-28 11:53:51,568] 109 great_expectations._docs_decorators - INFO - Skipping registering function DataSourceManager._bind_asset_factory_method_if_not_present.<locals>._add_asset_factory because it is a closure
[2025-02-28 11:53:51,568] 109 great_expectations._docs_decorators - INFO - Skipping registering function DataSourceManager._bind_asset_factory_method_if_not_present.<locals>._add_asset_factory because it is a closure
[2025-02-28 11:53:51,569] 109 great_expectations._docs_decorators - INFO - Skipping registering function DataSourceManager._bind_asset_factory_method_if_not_present.<locals>._add_asset_factory because it is a closure
[2025-02-28 11:53:51,569] 109 great_expectations._docs_decorators - INFO - Skipping registering function DataSourceManager._bind_asset_factory_method_if_not_present.<locals>._add_asset_factory because it is a closure
[2025-02-28 11:53:51,569] 109 great_expectations._docs_decorators - INFO - Skipping registering function DataSourceManager._bind_asset_factory_method_if_not_present.<locals>._add_asset_factory because it is a closure
[2025-02-28 11:53:51,570] 109 great_expectations._docs_decorators - INFO - Skipping registering function DataSourceManager._bind_asset_factory_method_if_not_present.<locals>._add_asset_factory because it is a closure
[2025-02-28 11:53:51,571] 109 great_expectations._docs_decorators - INFO - Skipping registering function DataSourceManager._register_add_datasource.<locals>.crud_method_info because it is a closure
[2025-02-28 11:53:51,571] 109 great_expectations._docs_decorators - INFO - Skipping registering function DataSourceManager._register_update_datasource.<locals>.crud_method_info because it is a closure
[2025-02-28 11:53:51,571] 109 great_expectations._docs_decorators - INFO - Skipping registering function DataSourceManager._register_add_or_update_datasource.<locals>.crud_method_info because it is a closure
[2025-02-28 11:53:51,572] 109 great_expectations._docs_decorators - INFO - Skipping registering function DataSourceManager._register_delete_datasource.<locals>.crud_method_info because it is a closure
[2025-02-28 11:53:51,576] 109 great_expectations._docs_decorators - INFO - Skipping registering function DataSourceManager._bind_asset_factory_method_if_not_present.<locals>._add_asset_factory because it is a closure
[2025-02-28 11:53:51,577] 109 great_expectations._docs_decorators - INFO - Skipping registering function DataSourceManager._bind_asset_factory_method_if_not_present.<locals>._add_asset_factory because it is a closure
[2025-02-28 11:53:51,577] 109 great_expectations._docs_decorators - INFO - Skipping registering function DataSourceManager._bind_asset_factory_method_if_not_present.<locals>._add_asset_factory because it is a closure
[2025-02-28 11:53:51,578] 109 great_expectations._docs_decorators - INFO - Skipping registering function DataSourceManager._bind_asset_factory_method_if_not_present.<locals>._add_asset_factory because it is a closure
[2025-02-28 11:53:51,578] 109 great_expectations._docs_decorators - INFO - Skipping registering function DataSourceManager._bind_asset_factory_method_if_not_present.<locals>._add_asset_factory because it is a closure
[2025-02-28 11:53:51,578] 109 great_expectations._docs_decorators - INFO - Skipping registering function DataSourceManager._bind_asset_factory_method_if_not_present.<locals>._add_asset_factory because it is a closure
[2025-02-28 11:53:51,579] 109 great_expectations._docs_decorators - INFO - Skipping registering function DataSourceManager._bind_asset_factory_method_if_not_present.<locals>._add_asset_factory because it is a closure
[2025-02-28 11:53:51,579] 109 great_expectations._docs_decorators - INFO - Skipping registering function DataSourceManager._bind_asset_factory_method_if_not_present.<locals>._add_asset_factory because it is a closure
[2025-02-28 11:53:51,580] 109 great_expectations._docs_decorators - INFO - Skipping registering function DataSourceManager._bind_asset_factory_method_if_not_present.<locals>._add_asset_factory because it is a closure
[2025-02-28 11:53:51,580] 109 great_expectations._docs_decorators - INFO - Skipping registering function DataSourceManager._bind_asset_factory_method_if_not_present.<locals>._add_asset_factory because it is a closure
[2025-02-28 11:53:51,580] 109 great_expectations._docs_decorators - INFO - Skipping registering function DataSourceManager._bind_asset_factory_method_if_not_present.<locals>._add_asset_factory because it is a closure
[2025-02-28 11:53:51,581] 109 great_expectations._docs_decorators - INFO - Skipping registering function DataSourceManager._bind_asset_factory_method_if_not_present.<locals>._add_asset_factory because it is a closure
[2025-02-28 11:53:51,581] 109 great_expectations._docs_decorators - INFO - Skipping registering function DataSourceManager._bind_asset_factory_method_if_not_present.<locals>._add_asset_factory because it is a closure
[2025-02-28 11:53:51,582] 109 great_expectations._docs_decorators - INFO - Skipping registering function DataSourceManager._bind_asset_factory_method_if_not_present.<locals>._add_asset_factory because it is a closure
[2025-02-28 11:53:51,582] 109 great_expectations._docs_decorators - INFO - Skipping registering function DataSourceManager._register_add_datasource.<locals>.crud_method_info because it is a closure
[2025-02-28 11:53:51,582] 109 great_expectations._docs_decorators - INFO - Skipping registering function DataSourceManager._register_update_datasource.<locals>.crud_method_info because it is a closure
[2025-02-28 11:53:51,583] 109 great_expectations._docs_decorators - INFO - Skipping registering function DataSourceManager._register_add_or_update_datasource.<locals>.crud_method_info because it is a closure
[2025-02-28 11:53:51,583] 109 great_expectations._docs_decorators - INFO - Skipping registering function DataSourceManager._register_delete_datasource.<locals>.crud_method_info because it is a closure
[2025-02-28 11:53:51,587] 109 great_expectations._docs_decorators - INFO - Skipping registering function DataSourceManager._bind_asset_factory_method_if_not_present.<locals>._add_asset_factory because it is a closure
[2025-02-28 11:53:51,588] 109 great_expectations._docs_decorators - INFO - Skipping registering function DataSourceManager._bind_asset_factory_method_if_not_present.<locals>._add_asset_factory because it is a closure
[2025-02-28 11:53:51,588] 109 great_expectations._docs_decorators - INFO - Skipping registering function DataSourceManager._bind_asset_factory_method_if_not_present.<locals>._add_asset_factory because it is a closure
[2025-02-28 11:53:51,589] 109 great_expectations._docs_decorators - INFO - Skipping registering function DataSourceManager._bind_asset_factory_method_if_not_present.<locals>._add_asset_factory because it is a closure
[2025-02-28 11:53:51,589] 109 great_expectations._docs_decorators - INFO - Skipping registering function DataSourceManager._bind_asset_factory_method_if_not_present.<locals>._add_asset_factory because it is a closure
[2025-02-28 11:53:51,590] 109 great_expectations._docs_decorators - INFO - Skipping registering function DataSourceManager._bind_asset_factory_method_if_not_present.<locals>._add_asset_factory because it is a closure
[2025-02-28 11:53:51,590] 109 great_expectations._docs_decorators - INFO - Skipping registering function DataSourceManager._bind_asset_factory_method_if_not_present.<locals>._add_asset_factory because it is a closure
[2025-02-28 11:53:51,590] 109 great_expectations._docs_decorators - INFO - Skipping registering function DataSourceManager._bind_asset_factory_method_if_not_present.<locals>._add_asset_factory because it is a closure
[2025-02-28 11:53:51,591] 109 great_expectations._docs_decorators - INFO - Skipping registering function DataSourceManager._bind_asset_factory_method_if_not_present.<locals>._add_asset_factory because it is a closure
[2025-02-28 11:53:51,591] 109 great_expectations._docs_decorators - INFO - Skipping registering function DataSourceManager._bind_asset_factory_method_if_not_present.<locals>._add_asset_factory because it is a closure
[2025-02-28 11:53:51,592] 109 great_expectations._docs_decorators - INFO - Skipping registering function DataSourceManager._bind_asset_factory_method_if_not_present.<locals>._add_asset_factory because it is a closure
[2025-02-28 11:53:51,592] 109 great_expectations._docs_decorators - INFO - Skipping registering function DataSourceManager._bind_asset_factory_method_if_not_present.<locals>._add_asset_factory because it is a closure
[2025-02-28 11:53:51,592] 109 great_expectations._docs_decorators - INFO - Skipping registering function DataSourceManager._bind_asset_factory_method_if_not_present.<locals>._add_asset_factory because it is a closure
[2025-02-28 11:53:51,593] 109 great_expectations._docs_decorators - INFO - Skipping registering function DataSourceManager._bind_asset_factory_method_if_not_present.<locals>._add_asset_factory because it is a closure
[2025-02-28 11:53:51,593] 109 great_expectations._docs_decorators - INFO - Skipping registering function DataSourceManager._register_add_datasource.<locals>.crud_method_info because it is a closure
[2025-02-28 11:53:51,593] 109 great_expectations._docs_decorators - INFO - Skipping registering function DataSourceManager._register_update_datasource.<locals>.crud_method_info because it is a closure
[2025-02-28 11:53:51,593] 109 great_expectations._docs_decorators - INFO - Skipping registering function DataSourceManager._register_add_or_update_datasource.<locals>.crud_method_info because it is a closure
[2025-02-28 11:53:51,594] 109 great_expectations._docs_decorators - INFO - Skipping registering function DataSourceManager._register_delete_datasource.<locals>.crud_method_info because it is a closure
[2025-02-28 11:53:51,607] 109 great_expectations._docs_decorators - INFO - Skipping registering function DataSourceManager._register_add_datasource.<locals>.crud_method_info because it is a closure
[2025-02-28 11:53:51,608] 109 great_expectations._docs_decorators - INFO - Skipping registering function DataSourceManager._register_update_datasource.<locals>.crud_method_info because it is a closure
[2025-02-28 11:53:51,608] 109 great_expectations._docs_decorators - INFO - Skipping registering function DataSourceManager._register_add_or_update_datasource.<locals>.crud_method_info because it is a closure
[2025-02-28 11:53:51,608] 109 great_expectations._docs_decorators - INFO - Skipping registering function DataSourceManager._register_delete_datasource.<locals>.crud_method_info because it is a closure
[2025-02-28 11:53:51,635] 109 great_expectations._docs_decorators - INFO - Skipping registering function DataSourceManager._register_add_datasource.<locals>.crud_method_info because it is a closure
[2025-02-28 11:53:51,635] 109 great_expectations._docs_decorators - INFO - Skipping registering function DataSourceManager._register_update_datasource.<locals>.crud_method_info because it is a closure
[2025-02-28 11:53:51,636] 109 great_expectations._docs_decorators - INFO - Skipping registering function DataSourceManager._register_add_or_update_datasource.<locals>.crud_method_info because it is a closure
[2025-02-28 11:53:51,636] 109 great_expectations._docs_decorators - INFO - Skipping registering function DataSourceManager._register_delete_datasource.<locals>.crud_method_info because it is a closure
[2025-02-28 11:53:51,642] 109 great_expectations._docs_decorators - INFO - Skipping registering function DataSourceManager._register_add_datasource.<locals>.crud_method_info because it is a closure
[2025-02-28 11:53:51,642] 109 great_expectations._docs_decorators - INFO - Skipping registering function DataSourceManager._register_update_datasource.<locals>.crud_method_info because it is a closure
[2025-02-28 11:53:51,643] 109 great_expectations._docs_decorators - INFO - Skipping registering function DataSourceManager._register_add_or_update_datasource.<locals>.crud_method_info because it is a closure
[2025-02-28 11:53:51,643] 109 great_expectations._docs_decorators - INFO - Skipping registering function DataSourceManager._register_delete_datasource.<locals>.crud_method_info because it is a closure
[2025-02-28 11:53:51,651] 109 great_expectations._docs_decorators - INFO - Skipping registering function DataSourceManager._register_add_datasource.<locals>.crud_method_info because it is a closure
[2025-02-28 11:53:51,652] 109 great_expectations._docs_decorators - INFO - Skipping registering function DataSourceManager._register_update_datasource.<locals>.crud_method_info because it is a closure
[2025-02-28 11:53:51,652] 109 great_expectations._docs_decorators - INFO - Skipping registering function DataSourceManager._register_add_or_update_datasource.<locals>.crud_method_info because it is a closure
[2025-02-28 11:53:51,653] 109 great_expectations._docs_decorators - INFO - Skipping registering function DataSourceManager._register_delete_datasource.<locals>.crud_method_info because it is a closure
[2025-02-28 11:53:51,792] 109 great_expectations._docs_decorators - INFO - Skipping registering function DataSourceManager._bind_asset_factory_method_if_not_present.<locals>._add_asset_factory because it is a closure
[2025-02-28 11:53:51,793] 109 great_expectations._docs_decorators - INFO - Skipping registering function DataSourceManager._bind_asset_factory_method_if_not_present.<locals>._add_asset_factory because it is a closure
[2025-02-28 11:53:51,793] 109 great_expectations._docs_decorators - INFO - Skipping registering function DataSourceManager._bind_asset_factory_method_if_not_present.<locals>._add_asset_factory because it is a closure
[2025-02-28 11:53:51,794] 109 great_expectations._docs_decorators - INFO - Skipping registering function DataSourceManager._bind_asset_factory_method_if_not_present.<locals>._add_asset_factory because it is a closure
[2025-02-28 11:53:51,794] 109 great_expectations._docs_decorators - INFO - Skipping registering function DataSourceManager._bind_asset_factory_method_if_not_present.<locals>._add_asset_factory because it is a closure
[2025-02-28 11:53:51,795] 109 great_expectations._docs_decorators - INFO - Skipping registering function DataSourceManager._bind_asset_factory_method_if_not_present.<locals>._add_asset_factory because it is a closure
[2025-02-28 11:53:51,796] 109 great_expectations._docs_decorators - INFO - Skipping registering function DataSourceManager._bind_asset_factory_method_if_not_present.<locals>._add_asset_factory because it is a closure
[2025-02-28 11:53:51,796] 109 great_expectations._docs_decorators - INFO - Skipping registering function DataSourceManager._bind_asset_factory_method_if_not_present.<locals>._add_asset_factory because it is a closure
[2025-02-28 11:53:51,797] 109 great_expectations._docs_decorators - INFO - Skipping registering function DataSourceManager._bind_asset_factory_method_if_not_present.<locals>._add_asset_factory because it is a closure
[2025-02-28 11:53:51,797] 109 great_expectations._docs_decorators - INFO - Skipping registering function DataSourceManager._bind_asset_factory_method_if_not_present.<locals>._add_asset_factory because it is a closure
[2025-02-28 11:53:51,798] 109 great_expectations._docs_decorators - INFO - Skipping registering function DataSourceManager._bind_asset_factory_method_if_not_present.<locals>._add_asset_factory because it is a closure
[2025-02-28 11:53:51,798] 109 great_expectations._docs_decorators - INFO - Skipping registering function DataSourceManager._bind_asset_factory_method_if_not_present.<locals>._add_asset_factory because it is a closure
[2025-02-28 11:53:51,799] 109 great_expectations._docs_decorators - INFO - Skipping registering function DataSourceManager._register_add_datasource.<locals>.crud_method_info because it is a closure
[2025-02-28 11:53:51,799] 109 great_expectations._docs_decorators - INFO - Skipping registering function DataSourceManager._register_update_datasource.<locals>.crud_method_info because it is a closure
[2025-02-28 11:53:51,799] 109 great_expectations._docs_decorators - INFO - Skipping registering function DataSourceManager._register_add_or_update_datasource.<locals>.crud_method_info because it is a closure
[2025-02-28 11:53:51,800] 109 great_expectations._docs_decorators - INFO - Skipping registering function DataSourceManager._register_delete_datasource.<locals>.crud_method_info because it is a closure
[2025-02-28 11:53:51,805] 109 great_expectations._docs_decorators - INFO - Skipping registering function DataSourceManager._register_add_datasource.<locals>.crud_method_info because it is a closure
[2025-02-28 11:53:51,806] 109 great_expectations._docs_decorators - INFO - Skipping registering function DataSourceManager._register_update_datasource.<locals>.crud_method_info because it is a closure
[2025-02-28 11:53:51,806] 109 great_expectations._docs_decorators - INFO - Skipping registering function DataSourceManager._register_add_or_update_datasource.<locals>.crud_method_info because it is a closure
[2025-02-28 11:53:51,806] 109 great_expectations._docs_decorators - INFO - Skipping registering function DataSourceManager._register_delete_datasource.<locals>.crud_method_info because it is a closure
[2025-02-28 11:53:51,813] 109 great_expectations._docs_decorators - INFO - Skipping registering function DataSourceManager._bind_asset_factory_method_if_not_present.<locals>._add_asset_factory because it is a closure
[2025-02-28 11:53:51,813] 109 great_expectations._docs_decorators - INFO - Skipping registering function DataSourceManager._bind_asset_factory_method_if_not_present.<locals>._add_asset_factory because it is a closure
[2025-02-28 11:53:51,814] 109 great_expectations._docs_decorators - INFO - Skipping registering function DataSourceManager._bind_asset_factory_method_if_not_present.<locals>._add_asset_factory because it is a closure
[2025-02-28 11:53:51,814] 109 great_expectations._docs_decorators - INFO - Skipping registering function DataSourceManager._bind_asset_factory_method_if_not_present.<locals>._add_asset_factory because it is a closure
[2025-02-28 11:53:51,815] 109 great_expectations._docs_decorators - INFO - Skipping registering function DataSourceManager._bind_asset_factory_method_if_not_present.<locals>._add_asset_factory because it is a closure
[2025-02-28 11:53:51,815] 109 great_expectations._docs_decorators - INFO - Skipping registering function DataSourceManager._bind_asset_factory_method_if_not_present.<locals>._add_asset_factory because it is a closure
[2025-02-28 11:53:51,816] 109 great_expectations._docs_decorators - INFO - Skipping registering function DataSourceManager._bind_asset_factory_method_if_not_present.<locals>._add_asset_factory because it is a closure
[2025-02-28 11:53:51,816] 109 great_expectations._docs_decorators - INFO - Skipping registering function DataSourceManager._bind_asset_factory_method_if_not_present.<locals>._add_asset_factory because it is a closure
[2025-02-28 11:53:51,817] 109 great_expectations._docs_decorators - INFO - Skipping registering function DataSourceManager._bind_asset_factory_method_if_not_present.<locals>._add_asset_factory because it is a closure
[2025-02-28 11:53:51,817] 109 great_expectations._docs_decorators - INFO - Skipping registering function DataSourceManager._bind_asset_factory_method_if_not_present.<locals>._add_asset_factory because it is a closure
[2025-02-28 11:53:51,818] 109 great_expectations._docs_decorators - INFO - Skipping registering function DataSourceManager._bind_asset_factory_method_if_not_present.<locals>._add_asset_factory because it is a closure
[2025-02-28 11:53:51,818] 109 great_expectations._docs_decorators - INFO - Skipping registering function DataSourceManager._bind_asset_factory_method_if_not_present.<locals>._add_asset_factory because it is a closure
[2025-02-28 11:53:51,818] 109 great_expectations._docs_decorators - INFO - Skipping registering function DataSourceManager._register_add_datasource.<locals>.crud_method_info because it is a closure
[2025-02-28 11:53:51,819] 109 great_expectations._docs_decorators - INFO - Skipping registering function DataSourceManager._register_update_datasource.<locals>.crud_method_info because it is a closure
[2025-02-28 11:53:51,819] 109 great_expectations._docs_decorators - INFO - Skipping registering function DataSourceManager._register_add_or_update_datasource.<locals>.crud_method_info because it is a closure
[2025-02-28 11:53:51,819] 109 great_expectations._docs_decorators - INFO - Skipping registering function DataSourceManager._register_delete_datasource.<locals>.crud_method_info because it is a closure
[2025-02-28 11:53:51,825] 109 great_expectations._docs_decorators - INFO - Skipping registering function DataSourceManager._bind_asset_factory_method_if_not_present.<locals>._add_asset_factory because it is a closure
[2025-02-28 11:53:51,826] 109 great_expectations._docs_decorators - INFO - Skipping registering function DataSourceManager._bind_asset_factory_method_if_not_present.<locals>._add_asset_factory because it is a closure
[2025-02-28 11:53:51,826] 109 great_expectations._docs_decorators - INFO - Skipping registering function DataSourceManager._bind_asset_factory_method_if_not_present.<locals>._add_asset_factory because it is a closure
[2025-02-28 11:53:51,827] 109 great_expectations._docs_decorators - INFO - Skipping registering function DataSourceManager._bind_asset_factory_method_if_not_present.<locals>._add_asset_factory because it is a closure
[2025-02-28 11:53:51,828] 109 great_expectations._docs_decorators - INFO - Skipping registering function DataSourceManager._bind_asset_factory_method_if_not_present.<locals>._add_asset_factory because it is a closure
[2025-02-28 11:53:51,828] 109 great_expectations._docs_decorators - INFO - Skipping registering function DataSourceManager._bind_asset_factory_method_if_not_present.<locals>._add_asset_factory because it is a closure
[2025-02-28 11:53:51,829] 109 great_expectations._docs_decorators - INFO - Skipping registering function DataSourceManager._bind_asset_factory_method_if_not_present.<locals>._add_asset_factory because it is a closure
[2025-02-28 11:53:51,829] 109 great_expectations._docs_decorators - INFO - Skipping registering function DataSourceManager._bind_asset_factory_method_if_not_present.<locals>._add_asset_factory because it is a closure
[2025-02-28 11:53:51,830] 109 great_expectations._docs_decorators - INFO - Skipping registering function DataSourceManager._bind_asset_factory_method_if_not_present.<locals>._add_asset_factory because it is a closure
[2025-02-28 11:53:51,830] 109 great_expectations._docs_decorators - INFO - Skipping registering function DataSourceManager._bind_asset_factory_method_if_not_present.<locals>._add_asset_factory because it is a closure
[2025-02-28 11:53:51,831] 109 great_expectations._docs_decorators - INFO - Skipping registering function DataSourceManager._bind_asset_factory_method_if_not_present.<locals>._add_asset_factory because it is a closure
[2025-02-28 11:53:51,831] 109 great_expectations._docs_decorators - INFO - Skipping registering function DataSourceManager._bind_asset_factory_method_if_not_present.<locals>._add_asset_factory because it is a closure
[2025-02-28 11:53:51,831] 109 great_expectations._docs_decorators - INFO - Skipping registering function DataSourceManager._register_add_datasource.<locals>.crud_method_info because it is a closure
[2025-02-28 11:53:51,832] 109 great_expectations._docs_decorators - INFO - Skipping registering function DataSourceManager._register_update_datasource.<locals>.crud_method_info because it is a closure
[2025-02-28 11:53:51,832] 109 great_expectations._docs_decorators - INFO - Skipping registering function DataSourceManager._register_add_or_update_datasource.<locals>.crud_method_info because it is a closure
[2025-02-28 11:53:51,832] 109 great_expectations._docs_decorators - INFO - Skipping registering function DataSourceManager._register_delete_datasource.<locals>.crud_method_info because it is a closure
[2025-02-28 11:53:51,838] 109 great_expectations._docs_decorators - INFO - Skipping registering function DataSourceManager._bind_asset_factory_method_if_not_present.<locals>._add_asset_factory because it is a closure
[2025-02-28 11:53:51,839] 109 great_expectations._docs_decorators - INFO - Skipping registering function DataSourceManager._bind_asset_factory_method_if_not_present.<locals>._add_asset_factory because it is a closure
[2025-02-28 11:53:51,840] 109 great_expectations._docs_decorators - INFO - Skipping registering function DataSourceManager._bind_asset_factory_method_if_not_present.<locals>._add_asset_factory because it is a closure
[2025-02-28 11:53:51,840] 109 great_expectations._docs_decorators - INFO - Skipping registering function DataSourceManager._bind_asset_factory_method_if_not_present.<locals>._add_asset_factory because it is a closure
[2025-02-28 11:53:51,841] 109 great_expectations._docs_decorators - INFO - Skipping registering function DataSourceManager._bind_asset_factory_method_if_not_present.<locals>._add_asset_factory because it is a closure
[2025-02-28 11:53:51,841] 109 great_expectations._docs_decorators - INFO - Skipping registering function DataSourceManager._bind_asset_factory_method_if_not_present.<locals>._add_asset_factory because it is a closure
[2025-02-28 11:53:51,842] 109 great_expectations._docs_decorators - INFO - Skipping registering function DataSourceManager._bind_asset_factory_method_if_not_present.<locals>._add_asset_factory because it is a closure
[2025-02-28 11:53:51,842] 109 great_expectations._docs_decorators - INFO - Skipping registering function DataSourceManager._bind_asset_factory_method_if_not_present.<locals>._add_asset_factory because it is a closure
[2025-02-28 11:53:51,843] 109 great_expectations._docs_decorators - INFO - Skipping registering function DataSourceManager._bind_asset_factory_method_if_not_present.<locals>._add_asset_factory because it is a closure
[2025-02-28 11:53:51,844] 109 great_expectations._docs_decorators - INFO - Skipping registering function DataSourceManager._bind_asset_factory_method_if_not_present.<locals>._add_asset_factory because it is a closure
[2025-02-28 11:53:51,844] 109 great_expectations._docs_decorators - INFO - Skipping registering function DataSourceManager._bind_asset_factory_method_if_not_present.<locals>._add_asset_factory because it is a closure
[2025-02-28 11:53:51,845] 109 great_expectations._docs_decorators - INFO - Skipping registering function DataSourceManager._bind_asset_factory_method_if_not_present.<locals>._add_asset_factory because it is a closure
[2025-02-28 11:53:51,845] 109 great_expectations._docs_decorators - INFO - Skipping registering function DataSourceManager._register_add_datasource.<locals>.crud_method_info because it is a closure
[2025-02-28 11:53:51,846] 109 great_expectations._docs_decorators - INFO - Skipping registering function DataSourceManager._register_update_datasource.<locals>.crud_method_info because it is a closure
[2025-02-28 11:53:51,846] 109 great_expectations._docs_decorators - INFO - Skipping registering function DataSourceManager._register_add_or_update_datasource.<locals>.crud_method_info because it is a closure
[2025-02-28 11:53:51,847] 109 great_expectations._docs_decorators - INFO - Skipping registering function DataSourceManager._register_delete_datasource.<locals>.crud_method_info because it is a closure
[2025-02-28 11:53:51,856] 109 great_expectations._docs_decorators - INFO - Skipping registering function DataSourceManager._register_add_datasource.<locals>.crud_method_info because it is a closure
[2025-02-28 11:53:51,856] 109 great_expectations._docs_decorators - INFO - Skipping registering function DataSourceManager._register_update_datasource.<locals>.crud_method_info because it is a closure
[2025-02-28 11:53:51,857] 109 great_expectations._docs_decorators - INFO - Skipping registering function DataSourceManager._register_add_or_update_datasource.<locals>.crud_method_info because it is a closure
[2025-02-28 11:53:51,857] 109 great_expectations._docs_decorators - INFO - Skipping registering function DataSourceManager._register_delete_datasource.<locals>.crud_method_info because it is a closure
[2025-02-28 11:53:51,865] 109 great_expectations._docs_decorators - INFO - Skipping registering function DataSourceManager._register_add_datasource.<locals>.crud_method_info because it is a closure
[2025-02-28 11:53:51,866] 109 great_expectations._docs_decorators - INFO - Skipping registering function DataSourceManager._register_update_datasource.<locals>.crud_method_info because it is a closure
[2025-02-28 11:53:51,866] 109 great_expectations._docs_decorators - INFO - Skipping registering function DataSourceManager._register_add_or_update_datasource.<locals>.crud_method_info because it is a closure
[2025-02-28 11:53:51,867] 109 great_expectations._docs_decorators - INFO - Skipping registering function DataSourceManager._register_delete_datasource.<locals>.crud_method_info because it is a closure
[2025-02-28 11:53:51,874] 109 great_expectations._docs_decorators - INFO - Skipping registering function DataSourceManager._register_add_datasource.<locals>.crud_method_info because it is a closure
[2025-02-28 11:53:51,875] 109 great_expectations._docs_decorators - INFO - Skipping registering function DataSourceManager._register_update_datasource.<locals>.crud_method_info because it is a closure
[2025-02-28 11:53:51,875] 109 great_expectations._docs_decorators - INFO - Skipping registering function DataSourceManager._register_add_or_update_datasource.<locals>.crud_method_info because it is a closure
[2025-02-28 11:53:51,876] 109 great_expectations._docs_decorators - INFO - Skipping registering function DataSourceManager._register_delete_datasource.<locals>.crud_method_info because it is a closure
[2025-02-28 11:53:57,402] 176 yfinance - ERROR - 
1 Failed download:
[2025-02-28 11:53:57,403] 189 yfinance - ERROR - ['GC=F']: JSONDecodeError('Expecting value: line 1 column 1 (char 0)')
[2025-02-28 11:54:00,559] 176 yfinance - ERROR - 
1 Failed download:
[2025-02-28 11:54:00,560] 189 yfinance - ERROR - ['GC=F']: JSONDecodeError('Expecting value: line 1 column 1 (char 0)')
[2025-02-28 11:54:00,566] 57 root - ERROR - Error occurred in function get_data_from_yfinance
[2025-02-28 11:54:00,567] 25 root - ERROR - Error Occured in TrainingPipeline at Data Ingestion Stage
