[2025-03-06 21:22:10,333] 161 numexpr.utils - INFO - NumExpr defaulting to 4 threads.
[2025-03-06 21:22:48,645] 115 great_expectations._docs_decorators - INFO - Skipping registering function get_context because it does not have a class
[2025-03-06 21:22:57,866] 109 great_expectations._docs_decorators - INFO - Skipping registering function DataSourceManager._register_add_datasource.<locals>.crud_method_info because it is a closure
[2025-03-06 21:22:57,869] 109 great_expectations._docs_decorators - INFO - Skipping registering function DataSourceManager._register_update_datasource.<locals>.crud_method_info because it is a closure
[2025-03-06 21:22:58,021] 109 great_expectations._docs_decorators - INFO - Skipping registering function DataSourceManager._register_add_or_update_datasource.<locals>.crud_method_info because it is a closure
[2025-03-06 21:22:58,022] 109 great_expectations._docs_decorators - INFO - Skipping registering function DataSourceManager._register_delete_datasource.<locals>.crud_method_info because it is a closure
[2025-03-06 21:22:58,675] 109 great_expectations._docs_decorators - INFO - Skipping registering function DataSourceManager._bind_asset_factory_method_if_not_present.<locals>._add_asset_factory because it is a closure
[2025-03-06 21:22:58,685] 109 great_expectations._docs_decorators - INFO - Skipping registering function DataSourceManager._bind_asset_factory_method_if_not_present.<locals>._add_asset_factory because it is a closure
[2025-03-06 21:22:58,686] 109 great_expectations._docs_decorators - INFO - Skipping registering function DataSourceManager._bind_asset_factory_method_if_not_present.<locals>._add_asset_factory because it is a closure
[2025-03-06 21:22:58,687] 109 great_expectations._docs_decorators - INFO - Skipping registering function DataSourceManager._bind_asset_factory_method_if_not_present.<locals>._add_asset_factory because it is a closure
[2025-03-06 21:22:58,688] 109 great_expectations._docs_decorators - INFO - Skipping registering function DataSourceManager._bind_asset_factory_method_if_not_present.<locals>._add_asset_factory because it is a closure
[2025-03-06 21:22:58,689] 109 great_expectations._docs_decorators - INFO - Skipping registering function DataSourceManager._bind_asset_factory_method_if_not_present.<locals>._add_asset_factory because it is a closure
[2025-03-06 21:22:58,689] 109 great_expectations._docs_decorators - INFO - Skipping registering function DataSourceManager._bind_asset_factory_method_if_not_present.<locals>._add_asset_factory because it is a closure
[2025-03-06 21:22:58,690] 109 great_expectations._docs_decorators - INFO - Skipping registering function DataSourceManager._bind_asset_factory_method_if_not_present.<locals>._add_asset_factory because it is a closure
[2025-03-06 21:22:58,690] 109 great_expectations._docs_decorators - INFO - Skipping registering function DataSourceManager._bind_asset_factory_method_if_not_present.<locals>._add_asset_factory because it is a closure
[2025-03-06 21:22:58,691] 109 great_expectations._docs_decorators - INFO - Skipping registering function DataSourceManager._bind_asset_factory_method_if_not_present.<locals>._add_asset_factory because it is a closure
[2025-03-06 21:22:58,692] 109 great_expectations._docs_decorators - INFO - Skipping registering function DataSourceManager._bind_asset_factory_method_if_not_present.<locals>._add_asset_factory because it is a closure
[2025-03-06 21:22:58,693] 109 great_expectations._docs_decorators - INFO - Skipping registering function DataSourceManager._bind_asset_factory_method_if_not_present.<locals>._add_asset_factory because it is a closure
[2025-03-06 21:22:58,693] 109 great_expectations._docs_decorators - INFO - Skipping registering function DataSourceManager._bind_asset_factory_method_if_not_present.<locals>._add_asset_factory because it is a closure
[2025-03-06 21:22:58,694] 109 great_expectations._docs_decorators - INFO - Skipping registering function DataSourceManager._bind_asset_factory_method_if_not_present.<locals>._add_asset_factory because it is a closure
[2025-03-06 21:22:58,694] 109 great_expectations._docs_decorators - INFO - Skipping registering function DataSourceManager._register_add_datasource.<locals>.crud_method_info because it is a closure
[2025-03-06 21:22:58,695] 109 great_expectations._docs_decorators - INFO - Skipping registering function DataSourceManager._register_update_datasource.<locals>.crud_method_info because it is a closure
[2025-03-06 21:22:58,695] 109 great_expectations._docs_decorators - INFO - Skipping registering function DataSourceManager._register_add_or_update_datasource.<locals>.crud_method_info because it is a closure
[2025-03-06 21:22:58,695] 109 great_expectations._docs_decorators - INFO - Skipping registering function DataSourceManager._register_delete_datasource.<locals>.crud_method_info because it is a closure
[2025-03-06 21:22:58,717] 109 great_expectations._docs_decorators - INFO - Skipping registering function DataSourceManager._register_add_datasource.<locals>.crud_method_info because it is a closure
[2025-03-06 21:22:58,718] 109 great_expectations._docs_decorators - INFO - Skipping registering function DataSourceManager._register_update_datasource.<locals>.crud_method_info because it is a closure
[2025-03-06 21:22:58,718] 109 great_expectations._docs_decorators - INFO - Skipping registering function DataSourceManager._register_add_or_update_datasource.<locals>.crud_method_info because it is a closure
[2025-03-06 21:22:58,719] 109 great_expectations._docs_decorators - INFO - Skipping registering function DataSourceManager._register_delete_datasource.<locals>.crud_method_info because it is a closure
[2025-03-06 21:22:58,868] 109 great_expectations._docs_decorators - INFO - Skipping registering function DataSourceManager._bind_asset_factory_method_if_not_present.<locals>._add_asset_factory because it is a closure
[2025-03-06 21:22:58,869] 109 great_expectations._docs_decorators - INFO - Skipping registering function DataSourceManager._bind_asset_factory_method_if_not_present.<locals>._add_asset_factory because it is a closure
[2025-03-06 21:22:58,869] 109 great_expectations._docs_decorators - INFO - Skipping registering function DataSourceManager._bind_asset_factory_method_if_not_present.<locals>._add_asset_factory because it is a closure
[2025-03-06 21:22:58,870] 109 great_expectations._docs_decorators - INFO - Skipping registering function DataSourceManager._bind_asset_factory_method_if_not_present.<locals>._add_asset_factory because it is a closure
[2025-03-06 21:22:58,870] 109 great_expectations._docs_decorators - INFO - Skipping registering function DataSourceManager._bind_asset_factory_method_if_not_present.<locals>._add_asset_factory because it is a closure
[2025-03-06 21:22:58,870] 109 great_expectations._docs_decorators - INFO - Skipping registering function DataSourceManager._bind_asset_factory_method_if_not_present.<locals>._add_asset_factory because it is a closure
[2025-03-06 21:22:58,871] 109 great_expectations._docs_decorators - INFO - Skipping registering function DataSourceManager._bind_asset_factory_method_if_not_present.<locals>._add_asset_factory because it is a closure
[2025-03-06 21:22:58,871] 109 great_expectations._docs_decorators - INFO - Skipping registering function DataSourceManager._bind_asset_factory_method_if_not_present.<locals>._add_asset_factory because it is a closure
[2025-03-06 21:22:58,872] 109 great_expectations._docs_decorators - INFO - Skipping registering function DataSourceManager._bind_asset_factory_method_if_not_present.<locals>._add_asset_factory because it is a closure
[2025-03-06 21:22:58,872] 109 great_expectations._docs_decorators - INFO - Skipping registering function DataSourceManager._bind_asset_factory_method_if_not_present.<locals>._add_asset_factory because it is a closure
[2025-03-06 21:22:58,873] 109 great_expectations._docs_decorators - INFO - Skipping registering function DataSourceManager._bind_asset_factory_method_if_not_present.<locals>._add_asset_factory because it is a closure
[2025-03-06 21:22:58,873] 109 great_expectations._docs_decorators - INFO - Skipping registering function DataSourceManager._bind_asset_factory_method_if_not_present.<locals>._add_asset_factory because it is a closure
[2025-03-06 21:22:58,873] 109 great_expectations._docs_decorators - INFO - Skipping registering function DataSourceManager._bind_asset_factory_method_if_not_present.<locals>._add_asset_factory because it is a closure
[2025-03-06 21:22:58,874] 109 great_expectations._docs_decorators - INFO - Skipping registering function DataSourceManager._bind_asset_factory_method_if_not_present.<locals>._add_asset_factory because it is a closure
[2025-03-06 21:22:58,874] 109 great_expectations._docs_decorators - INFO - Skipping registering function DataSourceManager._register_add_datasource.<locals>.crud_method_info because it is a closure
[2025-03-06 21:22:58,875] 109 great_expectations._docs_decorators - INFO - Skipping registering function DataSourceManager._register_update_datasource.<locals>.crud_method_info because it is a closure
[2025-03-06 21:22:58,875] 109 great_expectations._docs_decorators - INFO - Skipping registering function DataSourceManager._register_add_or_update_datasource.<locals>.crud_method_info because it is a closure
[2025-03-06 21:22:58,875] 109 great_expectations._docs_decorators - INFO - Skipping registering function DataSourceManager._register_delete_datasource.<locals>.crud_method_info because it is a closure
[2025-03-06 21:22:58,908] 109 great_expectations._docs_decorators - INFO - Skipping registering function DataSourceManager._bind_asset_factory_method_if_not_present.<locals>._add_asset_factory because it is a closure
[2025-03-06 21:22:58,929] 109 great_expectations._docs_decorators - INFO - Skipping registering function DataSourceManager._bind_asset_factory_method_if_not_present.<locals>._add_asset_factory because it is a closure
[2025-03-06 21:22:58,930] 109 great_expectations._docs_decorators - INFO - Skipping registering function DataSourceManager._bind_asset_factory_method_if_not_present.<locals>._add_asset_factory because it is a closure
[2025-03-06 21:22:58,931] 109 great_expectations._docs_decorators - INFO - Skipping registering function DataSourceManager._bind_asset_factory_method_if_not_present.<locals>._add_asset_factory because it is a closure
[2025-03-06 21:22:58,932] 109 great_expectations._docs_decorators - INFO - Skipping registering function DataSourceManager._bind_asset_factory_method_if_not_present.<locals>._add_asset_factory because it is a closure
[2025-03-06 21:22:58,934] 109 great_expectations._docs_decorators - INFO - Skipping registering function DataSourceManager._bind_asset_factory_method_if_not_present.<locals>._add_asset_factory because it is a closure
[2025-03-06 21:22:58,936] 109 great_expectations._docs_decorators - INFO - Skipping registering function DataSourceManager._bind_asset_factory_method_if_not_present.<locals>._add_asset_factory because it is a closure
[2025-03-06 21:22:58,939] 109 great_expectations._docs_decorators - INFO - Skipping registering function DataSourceManager._bind_asset_factory_method_if_not_present.<locals>._add_asset_factory because it is a closure
[2025-03-06 21:22:58,941] 109 great_expectations._docs_decorators - INFO - Skipping registering function DataSourceManager._bind_asset_factory_method_if_not_present.<locals>._add_asset_factory because it is a closure
[2025-03-06 21:22:58,942] 109 great_expectations._docs_decorators - INFO - Skipping registering function DataSourceManager._bind_asset_factory_method_if_not_present.<locals>._add_asset_factory because it is a closure
[2025-03-06 21:22:58,943] 109 great_expectations._docs_decorators - INFO - Skipping registering function DataSourceManager._bind_asset_factory_method_if_not_present.<locals>._add_asset_factory because it is a closure
[2025-03-06 21:22:58,945] 109 great_expectations._docs_decorators - INFO - Skipping registering function DataSourceManager._bind_asset_factory_method_if_not_present.<locals>._add_asset_factory because it is a closure
[2025-03-06 21:22:58,948] 109 great_expectations._docs_decorators - INFO - Skipping registering function DataSourceManager._bind_asset_factory_method_if_not_present.<locals>._add_asset_factory because it is a closure
[2025-03-06 21:22:58,951] 109 great_expectations._docs_decorators - INFO - Skipping registering function DataSourceManager._bind_asset_factory_method_if_not_present.<locals>._add_asset_factory because it is a closure
[2025-03-06 21:22:58,958] 109 great_expectations._docs_decorators - INFO - Skipping registering function DataSourceManager._register_add_datasource.<locals>.crud_method_info because it is a closure
[2025-03-06 21:22:58,959] 109 great_expectations._docs_decorators - INFO - Skipping registering function DataSourceManager._register_update_datasource.<locals>.crud_method_info because it is a closure
[2025-03-06 21:22:58,959] 109 great_expectations._docs_decorators - INFO - Skipping registering function DataSourceManager._register_add_or_update_datasource.<locals>.crud_method_info because it is a closure
[2025-03-06 21:22:58,961] 109 great_expectations._docs_decorators - INFO - Skipping registering function DataSourceManager._register_delete_datasource.<locals>.crud_method_info because it is a closure
[2025-03-06 21:22:58,990] 109 great_expectations._docs_decorators - INFO - Skipping registering function DataSourceManager._bind_asset_factory_method_if_not_present.<locals>._add_asset_factory because it is a closure
[2025-03-06 21:22:58,993] 109 great_expectations._docs_decorators - INFO - Skipping registering function DataSourceManager._bind_asset_factory_method_if_not_present.<locals>._add_asset_factory because it is a closure
[2025-03-06 21:22:58,994] 109 great_expectations._docs_decorators - INFO - Skipping registering function DataSourceManager._bind_asset_factory_method_if_not_present.<locals>._add_asset_factory because it is a closure
[2025-03-06 21:22:58,994] 109 great_expectations._docs_decorators - INFO - Skipping registering function DataSourceManager._bind_asset_factory_method_if_not_present.<locals>._add_asset_factory because it is a closure
[2025-03-06 21:22:58,995] 109 great_expectations._docs_decorators - INFO - Skipping registering function DataSourceManager._bind_asset_factory_method_if_not_present.<locals>._add_asset_factory because it is a closure
[2025-03-06 21:22:58,995] 109 great_expectations._docs_decorators - INFO - Skipping registering function DataSourceManager._bind_asset_factory_method_if_not_present.<locals>._add_asset_factory because it is a closure
[2025-03-06 21:22:58,996] 109 great_expectations._docs_decorators - INFO - Skipping registering function DataSourceManager._bind_asset_factory_method_if_not_present.<locals>._add_asset_factory because it is a closure
[2025-03-06 21:22:58,996] 109 great_expectations._docs_decorators - INFO - Skipping registering function DataSourceManager._bind_asset_factory_method_if_not_present.<locals>._add_asset_factory because it is a closure
[2025-03-06 21:22:58,997] 109 great_expectations._docs_decorators - INFO - Skipping registering function DataSourceManager._bind_asset_factory_method_if_not_present.<locals>._add_asset_factory because it is a closure
[2025-03-06 21:22:58,998] 109 great_expectations._docs_decorators - INFO - Skipping registering function DataSourceManager._bind_asset_factory_method_if_not_present.<locals>._add_asset_factory because it is a closure
[2025-03-06 21:22:58,999] 109 great_expectations._docs_decorators - INFO - Skipping registering function DataSourceManager._bind_asset_factory_method_if_not_present.<locals>._add_asset_factory because it is a closure
[2025-03-06 21:22:58,999] 109 great_expectations._docs_decorators - INFO - Skipping registering function DataSourceManager._bind_asset_factory_method_if_not_present.<locals>._add_asset_factory because it is a closure
[2025-03-06 21:22:59,000] 109 great_expectations._docs_decorators - INFO - Skipping registering function DataSourceManager._bind_asset_factory_method_if_not_present.<locals>._add_asset_factory because it is a closure
[2025-03-06 21:22:59,000] 109 great_expectations._docs_decorators - INFO - Skipping registering function DataSourceManager._bind_asset_factory_method_if_not_present.<locals>._add_asset_factory because it is a closure
[2025-03-06 21:22:59,001] 109 great_expectations._docs_decorators - INFO - Skipping registering function DataSourceManager._register_add_datasource.<locals>.crud_method_info because it is a closure
[2025-03-06 21:22:59,001] 109 great_expectations._docs_decorators - INFO - Skipping registering function DataSourceManager._register_update_datasource.<locals>.crud_method_info because it is a closure
[2025-03-06 21:22:59,001] 109 great_expectations._docs_decorators - INFO - Skipping registering function DataSourceManager._register_add_or_update_datasource.<locals>.crud_method_info because it is a closure
[2025-03-06 21:22:59,002] 109 great_expectations._docs_decorators - INFO - Skipping registering function DataSourceManager._register_delete_datasource.<locals>.crud_method_info because it is a closure
[2025-03-06 21:22:59,035] 109 great_expectations._docs_decorators - INFO - Skipping registering function DataSourceManager._register_add_datasource.<locals>.crud_method_info because it is a closure
[2025-03-06 21:22:59,035] 109 great_expectations._docs_decorators - INFO - Skipping registering function DataSourceManager._register_update_datasource.<locals>.crud_method_info because it is a closure
[2025-03-06 21:22:59,036] 109 great_expectations._docs_decorators - INFO - Skipping registering function DataSourceManager._register_add_or_update_datasource.<locals>.crud_method_info because it is a closure
[2025-03-06 21:22:59,036] 109 great_expectations._docs_decorators - INFO - Skipping registering function DataSourceManager._register_delete_datasource.<locals>.crud_method_info because it is a closure
[2025-03-06 21:22:59,169] 109 great_expectations._docs_decorators - INFO - Skipping registering function DataSourceManager._register_add_datasource.<locals>.crud_method_info because it is a closure
[2025-03-06 21:22:59,169] 109 great_expectations._docs_decorators - INFO - Skipping registering function DataSourceManager._register_update_datasource.<locals>.crud_method_info because it is a closure
[2025-03-06 21:22:59,170] 109 great_expectations._docs_decorators - INFO - Skipping registering function DataSourceManager._register_add_or_update_datasource.<locals>.crud_method_info because it is a closure
[2025-03-06 21:22:59,170] 109 great_expectations._docs_decorators - INFO - Skipping registering function DataSourceManager._register_delete_datasource.<locals>.crud_method_info because it is a closure
[2025-03-06 21:22:59,183] 109 great_expectations._docs_decorators - INFO - Skipping registering function DataSourceManager._register_add_datasource.<locals>.crud_method_info because it is a closure
[2025-03-06 21:22:59,184] 109 great_expectations._docs_decorators - INFO - Skipping registering function DataSourceManager._register_update_datasource.<locals>.crud_method_info because it is a closure
[2025-03-06 21:22:59,184] 109 great_expectations._docs_decorators - INFO - Skipping registering function DataSourceManager._register_add_or_update_datasource.<locals>.crud_method_info because it is a closure
[2025-03-06 21:22:59,185] 109 great_expectations._docs_decorators - INFO - Skipping registering function DataSourceManager._register_delete_datasource.<locals>.crud_method_info because it is a closure
[2025-03-06 21:22:59,256] 109 great_expectations._docs_decorators - INFO - Skipping registering function DataSourceManager._register_add_datasource.<locals>.crud_method_info because it is a closure
[2025-03-06 21:22:59,257] 109 great_expectations._docs_decorators - INFO - Skipping registering function DataSourceManager._register_update_datasource.<locals>.crud_method_info because it is a closure
[2025-03-06 21:22:59,257] 109 great_expectations._docs_decorators - INFO - Skipping registering function DataSourceManager._register_add_or_update_datasource.<locals>.crud_method_info because it is a closure
[2025-03-06 21:22:59,257] 109 great_expectations._docs_decorators - INFO - Skipping registering function DataSourceManager._register_delete_datasource.<locals>.crud_method_info because it is a closure
[2025-03-06 21:22:59,952] 109 great_expectations._docs_decorators - INFO - Skipping registering function DataSourceManager._bind_asset_factory_method_if_not_present.<locals>._add_asset_factory because it is a closure
[2025-03-06 21:22:59,953] 109 great_expectations._docs_decorators - INFO - Skipping registering function DataSourceManager._bind_asset_factory_method_if_not_present.<locals>._add_asset_factory because it is a closure
[2025-03-06 21:22:59,954] 109 great_expectations._docs_decorators - INFO - Skipping registering function DataSourceManager._bind_asset_factory_method_if_not_present.<locals>._add_asset_factory because it is a closure
[2025-03-06 21:22:59,954] 109 great_expectations._docs_decorators - INFO - Skipping registering function DataSourceManager._bind_asset_factory_method_if_not_present.<locals>._add_asset_factory because it is a closure
[2025-03-06 21:22:59,955] 109 great_expectations._docs_decorators - INFO - Skipping registering function DataSourceManager._bind_asset_factory_method_if_not_present.<locals>._add_asset_factory because it is a closure
[2025-03-06 21:22:59,955] 109 great_expectations._docs_decorators - INFO - Skipping registering function DataSourceManager._bind_asset_factory_method_if_not_present.<locals>._add_asset_factory because it is a closure
[2025-03-06 21:22:59,956] 109 great_expectations._docs_decorators - INFO - Skipping registering function DataSourceManager._bind_asset_factory_method_if_not_present.<locals>._add_asset_factory because it is a closure
[2025-03-06 21:22:59,956] 109 great_expectations._docs_decorators - INFO - Skipping registering function DataSourceManager._bind_asset_factory_method_if_not_present.<locals>._add_asset_factory because it is a closure
[2025-03-06 21:22:59,957] 109 great_expectations._docs_decorators - INFO - Skipping registering function DataSourceManager._bind_asset_factory_method_if_not_present.<locals>._add_asset_factory because it is a closure
[2025-03-06 21:22:59,957] 109 great_expectations._docs_decorators - INFO - Skipping registering function DataSourceManager._bind_asset_factory_method_if_not_present.<locals>._add_asset_factory because it is a closure
[2025-03-06 21:22:59,957] 109 great_expectations._docs_decorators - INFO - Skipping registering function DataSourceManager._bind_asset_factory_method_if_not_present.<locals>._add_asset_factory because it is a closure
[2025-03-06 21:22:59,958] 109 great_expectations._docs_decorators - INFO - Skipping registering function DataSourceManager._bind_asset_factory_method_if_not_present.<locals>._add_asset_factory because it is a closure
[2025-03-06 21:22:59,958] 109 great_expectations._docs_decorators - INFO - Skipping registering function DataSourceManager._register_add_datasource.<locals>.crud_method_info because it is a closure
[2025-03-06 21:22:59,958] 109 great_expectations._docs_decorators - INFO - Skipping registering function DataSourceManager._register_update_datasource.<locals>.crud_method_info because it is a closure
[2025-03-06 21:22:59,959] 109 great_expectations._docs_decorators - INFO - Skipping registering function DataSourceManager._register_add_or_update_datasource.<locals>.crud_method_info because it is a closure
[2025-03-06 21:22:59,959] 109 great_expectations._docs_decorators - INFO - Skipping registering function DataSourceManager._register_delete_datasource.<locals>.crud_method_info because it is a closure
[2025-03-06 21:22:59,970] 109 great_expectations._docs_decorators - INFO - Skipping registering function DataSourceManager._register_add_datasource.<locals>.crud_method_info because it is a closure
[2025-03-06 21:22:59,971] 109 great_expectations._docs_decorators - INFO - Skipping registering function DataSourceManager._register_update_datasource.<locals>.crud_method_info because it is a closure
[2025-03-06 21:22:59,971] 109 great_expectations._docs_decorators - INFO - Skipping registering function DataSourceManager._register_add_or_update_datasource.<locals>.crud_method_info because it is a closure
[2025-03-06 21:22:59,971] 109 great_expectations._docs_decorators - INFO - Skipping registering function DataSourceManager._register_delete_datasource.<locals>.crud_method_info because it is a closure
[2025-03-06 21:22:59,978] 109 great_expectations._docs_decorators - INFO - Skipping registering function DataSourceManager._bind_asset_factory_method_if_not_present.<locals>._add_asset_factory because it is a closure
[2025-03-06 21:22:59,979] 109 great_expectations._docs_decorators - INFO - Skipping registering function DataSourceManager._bind_asset_factory_method_if_not_present.<locals>._add_asset_factory because it is a closure
[2025-03-06 21:22:59,979] 109 great_expectations._docs_decorators - INFO - Skipping registering function DataSourceManager._bind_asset_factory_method_if_not_present.<locals>._add_asset_factory because it is a closure
[2025-03-06 21:22:59,979] 109 great_expectations._docs_decorators - INFO - Skipping registering function DataSourceManager._bind_asset_factory_method_if_not_present.<locals>._add_asset_factory because it is a closure
[2025-03-06 21:22:59,980] 109 great_expectations._docs_decorators - INFO - Skipping registering function DataSourceManager._bind_asset_factory_method_if_not_present.<locals>._add_asset_factory because it is a closure
[2025-03-06 21:22:59,980] 109 great_expectations._docs_decorators - INFO - Skipping registering function DataSourceManager._bind_asset_factory_method_if_not_present.<locals>._add_asset_factory because it is a closure
[2025-03-06 21:22:59,981] 109 great_expectations._docs_decorators - INFO - Skipping registering function DataSourceManager._bind_asset_factory_method_if_not_present.<locals>._add_asset_factory because it is a closure
[2025-03-06 21:22:59,981] 109 great_expectations._docs_decorators - INFO - Skipping registering function DataSourceManager._bind_asset_factory_method_if_not_present.<locals>._add_asset_factory because it is a closure
[2025-03-06 21:22:59,981] 109 great_expectations._docs_decorators - INFO - Skipping registering function DataSourceManager._bind_asset_factory_method_if_not_present.<locals>._add_asset_factory because it is a closure
[2025-03-06 21:22:59,982] 109 great_expectations._docs_decorators - INFO - Skipping registering function DataSourceManager._bind_asset_factory_method_if_not_present.<locals>._add_asset_factory because it is a closure
[2025-03-06 21:22:59,982] 109 great_expectations._docs_decorators - INFO - Skipping registering function DataSourceManager._bind_asset_factory_method_if_not_present.<locals>._add_asset_factory because it is a closure
[2025-03-06 21:22:59,983] 109 great_expectations._docs_decorators - INFO - Skipping registering function DataSourceManager._bind_asset_factory_method_if_not_present.<locals>._add_asset_factory because it is a closure
[2025-03-06 21:22:59,983] 109 great_expectations._docs_decorators - INFO - Skipping registering function DataSourceManager._register_add_datasource.<locals>.crud_method_info because it is a closure
[2025-03-06 21:22:59,983] 109 great_expectations._docs_decorators - INFO - Skipping registering function DataSourceManager._register_update_datasource.<locals>.crud_method_info because it is a closure
[2025-03-06 21:22:59,983] 109 great_expectations._docs_decorators - INFO - Skipping registering function DataSourceManager._register_add_or_update_datasource.<locals>.crud_method_info because it is a closure
[2025-03-06 21:22:59,984] 109 great_expectations._docs_decorators - INFO - Skipping registering function DataSourceManager._register_delete_datasource.<locals>.crud_method_info because it is a closure
[2025-03-06 21:22:59,990] 109 great_expectations._docs_decorators - INFO - Skipping registering function DataSourceManager._bind_asset_factory_method_if_not_present.<locals>._add_asset_factory because it is a closure
[2025-03-06 21:22:59,991] 109 great_expectations._docs_decorators - INFO - Skipping registering function DataSourceManager._bind_asset_factory_method_if_not_present.<locals>._add_asset_factory because it is a closure
[2025-03-06 21:22:59,992] 109 great_expectations._docs_decorators - INFO - Skipping registering function DataSourceManager._bind_asset_factory_method_if_not_present.<locals>._add_asset_factory because it is a closure
[2025-03-06 21:22:59,992] 109 great_expectations._docs_decorators - INFO - Skipping registering function DataSourceManager._bind_asset_factory_method_if_not_present.<locals>._add_asset_factory because it is a closure
[2025-03-06 21:22:59,992] 109 great_expectations._docs_decorators - INFO - Skipping registering function DataSourceManager._bind_asset_factory_method_if_not_present.<locals>._add_asset_factory because it is a closure
[2025-03-06 21:22:59,993] 109 great_expectations._docs_decorators - INFO - Skipping registering function DataSourceManager._bind_asset_factory_method_if_not_present.<locals>._add_asset_factory because it is a closure
[2025-03-06 21:22:59,993] 109 great_expectations._docs_decorators - INFO - Skipping registering function DataSourceManager._bind_asset_factory_method_if_not_present.<locals>._add_asset_factory because it is a closure
[2025-03-06 21:22:59,994] 109 great_expectations._docs_decorators - INFO - Skipping registering function DataSourceManager._bind_asset_factory_method_if_not_present.<locals>._add_asset_factory because it is a closure
[2025-03-06 21:22:59,994] 109 great_expectations._docs_decorators - INFO - Skipping registering function DataSourceManager._bind_asset_factory_method_if_not_present.<locals>._add_asset_factory because it is a closure
[2025-03-06 21:22:59,995] 109 great_expectations._docs_decorators - INFO - Skipping registering function DataSourceManager._bind_asset_factory_method_if_not_present.<locals>._add_asset_factory because it is a closure
[2025-03-06 21:22:59,995] 109 great_expectations._docs_decorators - INFO - Skipping registering function DataSourceManager._bind_asset_factory_method_if_not_present.<locals>._add_asset_factory because it is a closure
[2025-03-06 21:22:59,995] 109 great_expectations._docs_decorators - INFO - Skipping registering function DataSourceManager._bind_asset_factory_method_if_not_present.<locals>._add_asset_factory because it is a closure
[2025-03-06 21:22:59,996] 109 great_expectations._docs_decorators - INFO - Skipping registering function DataSourceManager._register_add_datasource.<locals>.crud_method_info because it is a closure
[2025-03-06 21:22:59,996] 109 great_expectations._docs_decorators - INFO - Skipping registering function DataSourceManager._register_update_datasource.<locals>.crud_method_info because it is a closure
[2025-03-06 21:22:59,996] 109 great_expectations._docs_decorators - INFO - Skipping registering function DataSourceManager._register_add_or_update_datasource.<locals>.crud_method_info because it is a closure
[2025-03-06 21:22:59,996] 109 great_expectations._docs_decorators - INFO - Skipping registering function DataSourceManager._register_delete_datasource.<locals>.crud_method_info because it is a closure
[2025-03-06 21:23:00,003] 109 great_expectations._docs_decorators - INFO - Skipping registering function DataSourceManager._bind_asset_factory_method_if_not_present.<locals>._add_asset_factory because it is a closure
[2025-03-06 21:23:00,003] 109 great_expectations._docs_decorators - INFO - Skipping registering function DataSourceManager._bind_asset_factory_method_if_not_present.<locals>._add_asset_factory because it is a closure
[2025-03-06 21:23:00,004] 109 great_expectations._docs_decorators - INFO - Skipping registering function DataSourceManager._bind_asset_factory_method_if_not_present.<locals>._add_asset_factory because it is a closure
[2025-03-06 21:23:00,004] 109 great_expectations._docs_decorators - INFO - Skipping registering function DataSourceManager._bind_asset_factory_method_if_not_present.<locals>._add_asset_factory because it is a closure
[2025-03-06 21:23:00,005] 109 great_expectations._docs_decorators - INFO - Skipping registering function DataSourceManager._bind_asset_factory_method_if_not_present.<locals>._add_asset_factory because it is a closure
[2025-03-06 21:23:00,005] 109 great_expectations._docs_decorators - INFO - Skipping registering function DataSourceManager._bind_asset_factory_method_if_not_present.<locals>._add_asset_factory because it is a closure
[2025-03-06 21:23:00,005] 109 great_expectations._docs_decorators - INFO - Skipping registering function DataSourceManager._bind_asset_factory_method_if_not_present.<locals>._add_asset_factory because it is a closure
[2025-03-06 21:23:00,006] 109 great_expectations._docs_decorators - INFO - Skipping registering function DataSourceManager._bind_asset_factory_method_if_not_present.<locals>._add_asset_factory because it is a closure
[2025-03-06 21:23:00,006] 109 great_expectations._docs_decorators - INFO - Skipping registering function DataSourceManager._bind_asset_factory_method_if_not_present.<locals>._add_asset_factory because it is a closure
[2025-03-06 21:23:00,007] 109 great_expectations._docs_decorators - INFO - Skipping registering function DataSourceManager._bind_asset_factory_method_if_not_present.<locals>._add_asset_factory because it is a closure
[2025-03-06 21:23:00,007] 109 great_expectations._docs_decorators - INFO - Skipping registering function DataSourceManager._bind_asset_factory_method_if_not_present.<locals>._add_asset_factory because it is a closure
[2025-03-06 21:23:00,008] 109 great_expectations._docs_decorators - INFO - Skipping registering function DataSourceManager._bind_asset_factory_method_if_not_present.<locals>._add_asset_factory because it is a closure
[2025-03-06 21:23:00,008] 109 great_expectations._docs_decorators - INFO - Skipping registering function DataSourceManager._register_add_datasource.<locals>.crud_method_info because it is a closure
[2025-03-06 21:23:00,008] 109 great_expectations._docs_decorators - INFO - Skipping registering function DataSourceManager._register_update_datasource.<locals>.crud_method_info because it is a closure
[2025-03-06 21:23:00,008] 109 great_expectations._docs_decorators - INFO - Skipping registering function DataSourceManager._register_add_or_update_datasource.<locals>.crud_method_info because it is a closure
[2025-03-06 21:23:00,009] 109 great_expectations._docs_decorators - INFO - Skipping registering function DataSourceManager._register_delete_datasource.<locals>.crud_method_info because it is a closure
[2025-03-06 21:23:00,034] 109 great_expectations._docs_decorators - INFO - Skipping registering function DataSourceManager._register_add_datasource.<locals>.crud_method_info because it is a closure
[2025-03-06 21:23:00,035] 109 great_expectations._docs_decorators - INFO - Skipping registering function DataSourceManager._register_update_datasource.<locals>.crud_method_info because it is a closure
[2025-03-06 21:23:00,035] 109 great_expectations._docs_decorators - INFO - Skipping registering function DataSourceManager._register_add_or_update_datasource.<locals>.crud_method_info because it is a closure
[2025-03-06 21:23:00,035] 109 great_expectations._docs_decorators - INFO - Skipping registering function DataSourceManager._register_delete_datasource.<locals>.crud_method_info because it is a closure
[2025-03-06 21:23:00,045] 109 great_expectations._docs_decorators - INFO - Skipping registering function DataSourceManager._register_add_datasource.<locals>.crud_method_info because it is a closure
[2025-03-06 21:23:00,046] 109 great_expectations._docs_decorators - INFO - Skipping registering function DataSourceManager._register_update_datasource.<locals>.crud_method_info because it is a closure
[2025-03-06 21:23:00,046] 109 great_expectations._docs_decorators - INFO - Skipping registering function DataSourceManager._register_add_or_update_datasource.<locals>.crud_method_info because it is a closure
[2025-03-06 21:23:00,046] 109 great_expectations._docs_decorators - INFO - Skipping registering function DataSourceManager._register_delete_datasource.<locals>.crud_method_info because it is a closure
[2025-03-06 21:23:00,057] 109 great_expectations._docs_decorators - INFO - Skipping registering function DataSourceManager._register_add_datasource.<locals>.crud_method_info because it is a closure
[2025-03-06 21:23:00,058] 109 great_expectations._docs_decorators - INFO - Skipping registering function DataSourceManager._register_update_datasource.<locals>.crud_method_info because it is a closure
[2025-03-06 21:23:00,058] 109 great_expectations._docs_decorators - INFO - Skipping registering function DataSourceManager._register_add_or_update_datasource.<locals>.crud_method_info because it is a closure
[2025-03-06 21:23:00,059] 109 great_expectations._docs_decorators - INFO - Skipping registering function DataSourceManager._register_delete_datasource.<locals>.crud_method_info because it is a closure
[2025-03-06 21:23:35,298] 176 yfinance - ERROR - 
1 Failed download:
[2025-03-06 21:23:35,299] 189 yfinance - ERROR - ['GC=F']: JSONDecodeError('Expecting value: line 1 column 1 (char 0)')
[2025-03-06 21:23:37,981] 176 yfinance - ERROR - 
1 Failed download:
[2025-03-06 21:23:37,982] 189 yfinance - ERROR - ['GC=F']: JSONDecodeError('Expecting value: line 1 column 1 (char 0)')
[2025-03-06 21:23:43,702] 176 yfinance - ERROR - 
1 Failed download:
[2025-03-06 21:23:43,703] 189 yfinance - ERROR - ['GC=F']: JSONDecodeError('Expecting value: line 1 column 1 (char 0)')
[2025-03-06 21:23:43,707] 58 root - ERROR - Error occurred in function get_data_from_yfinance
[2025-03-06 21:23:43,708] 25 root - ERROR - Error Occured in TrainingPipeline at Data Ingestion Stage
