[2025-03-27 13:58:17,867] 52 hopsworks_common.client.external - INFO - Initializing external client
[2025-03-27 13:58:17,867] 59 hopsworks_common.client.external - INFO - Base URL: https://c.app.hopsworks.ai:443
[2025-03-27 13:58:20,219] 134 hsfs.engine.python - INFO - Python Engine initialized.
[2025-03-27 13:58:23,143] 163 root - INFO - Data Transformation has started
[2025-03-27 13:58:23,151] 90 root - INFO - Data Cleaning has started
[2025-03-27 13:58:23,164] 108 root - INFO - Data Cleaning is succesfully completed
[2025-03-27 13:58:23,164] 90 root - INFO - Data Cleaning has started
[2025-03-27 13:58:23,174] 108 root - INFO - Data Cleaning is succesfully completed
[2025-03-27 13:58:23,174] 49 root - INFO - Feature engineering has started
[2025-03-27 13:58:23,195] 80 root - INFO - Features Succesfully engineered
[2025-03-27 13:58:23,195] 49 root - INFO - Feature engineering has started
[2025-03-27 13:58:23,212] 80 root - INFO - Features Succesfully engineered
[2025-03-27 13:58:23,655] 122 root - INFO - Getting Hopsworks Feature Group
[2025-03-27 13:58:23,655] 130 root - INFO - Creating Hopworks Feature Group
[2025-03-27 13:58:23,658] 137 root - INFO - Feature Group Succesfully Created
[2025-03-27 13:58:23,659] 122 root - INFO - Getting Hopsworks Feature Group
[2025-03-27 13:58:23,659] 130 root - INFO - Creating Hopworks Feature Group
[2025-03-27 13:58:23,659] 137 root - INFO - Feature Group Succesfully Created
[2025-03-27 13:59:01,661] 134 root - INFO - Data Validation has started
[2025-03-27 13:59:01,676] 37 root - INFO - Checking data drift
[2025-03-27 13:59:01,707] 76 root - INFO - Pushing data drifts to dagshub
[2025-03-27 13:59:02,285] 1025 httpx - INFO - HTTP Request: GET https://dagshub.com/api/v1/user "HTTP/1.1 200 OK"
[2025-03-27 13:59:02,290] 107 dagshub - INFO - Accessing as peniel18
[2025-03-27 13:59:03,079] 1025 httpx - INFO - HTTP Request: GET https://dagshub.com/api/v1/repos/peniel18/gold-price-prediction-system "HTTP/1.1 200 OK"
[2025-03-27 13:59:03,666] 1025 httpx - INFO - HTTP Request: GET https://dagshub.com/api/v1/user "HTTP/1.1 200 OK"
[2025-03-27 13:59:03,668] 107 dagshub - INFO - Initialized MLflow to track repo "peniel18/gold-price-prediction-system"
[2025-03-27 13:59:03,668] 107 dagshub - INFO - Repository peniel18/gold-price-prediction-system initialized!
[2025-03-27 14:01:27,769] 107 root - INFO - Validation features and column names
[2025-03-27 14:01:27,770] 112 root - INFO - Expected Columns: ['Date', 'month', 'year', 'day', 'day_week_name', 'is_weekend', 'dayOfyear', 'quarter', 'Close', 'High', 'Low', 'Open', 'Volume', 'Agg_mean', 'Agg_max', 'Agg_std', 'Agg_min', 'Kurt', 'skewness', 'lag_1', 'lag_2', 'lag_3']
[2025-03-27 14:01:27,771] 113 root - INFO - Actual Columns: Index(['Date', 'Close', 'High', 'Low', 'Open', 'Volume', 'Agg_mean', 'Agg_max',
       'Agg_std', 'Agg_min', 'Kurt', 'skewness', 'month', 'year', 'day',
       'dayOfweek', 'is_weekend', 'dayOfyear', 'quarter', 'lag_1', 'lag_2',
       'lag_3'],
      dtype='object')
[2025-03-27 14:01:27,771] 120 root - INFO - Missing Columns Detected: day_week_name
[2025-03-27 14:01:27,771] 127 root - INFO - Column count matches expected configuration
[2025-03-27 14:01:27,771] 129 root - INFO - Feature and Columns Validated Succesfully
[2025-03-27 14:01:27,772] 150 root - INFO - Columns and feature Validation Status: True
[2025-03-27 14:01:27,775] 233 hopsworks_common.client.external - INFO - Closing external client and cleaning up certificates.
[2025-03-27 14:01:27,778] 52 hopsworks_common.client.external - INFO - Initializing external client
[2025-03-27 14:01:27,778] 59 hopsworks_common.client.external - INFO - Base URL: https://c.app.hopsworks.ai:443
[2025-03-27 14:01:29,948] 134 hsfs.engine.python - INFO - Python Engine initialized.
[2025-03-27 14:01:33,326] 53 root - INFO - Get Feature View on Hopsworks 
[2025-03-27 14:01:43,111] 267 root - INFO - Tuning parameters of lasso
[2025-03-27 14:01:43,114] 110 root - INFO - Tuning Hyperparameters of model: lasso
[2025-03-27 14:01:43,187] 110 root - INFO - Tuning Hyperparameters of model: lasso
[2025-03-27 14:01:43,239] 110 root - INFO - Tuning Hyperparameters of model: lasso
[2025-03-27 14:01:43,297] 110 root - INFO - Tuning Hyperparameters of model: lasso
[2025-03-27 14:01:43,334] 110 root - INFO - Tuning Hyperparameters of model: lasso
[2025-03-27 14:01:43,383] 110 root - INFO - Tuning Hyperparameters of model: lasso
[2025-03-27 14:01:43,418] 110 root - INFO - Tuning Hyperparameters of model: lasso
[2025-03-27 14:01:43,464] 110 root - INFO - Tuning Hyperparameters of model: lasso
[2025-03-27 14:01:43,493] 110 root - INFO - Tuning Hyperparameters of model: lasso
[2025-03-27 14:01:43,547] 110 root - INFO - Tuning Hyperparameters of model: lasso
[2025-03-27 14:01:43,591] 110 root - INFO - Tuning Hyperparameters of model: lasso
[2025-03-27 14:01:43,692] 110 root - INFO - Tuning Hyperparameters of model: lasso
[2025-03-27 14:01:43,777] 110 root - INFO - Tuning Hyperparameters of model: lasso
[2025-03-27 14:01:43,859] 110 root - INFO - Tuning Hyperparameters of model: lasso
[2025-03-27 14:01:43,915] 110 root - INFO - Tuning Hyperparameters of model: lasso
[2025-03-27 14:01:43,982] 110 root - INFO - Tuning Hyperparameters of model: lasso
[2025-03-27 14:01:44,046] 110 root - INFO - Tuning Hyperparameters of model: lasso
[2025-03-27 14:01:44,107] 110 root - INFO - Tuning Hyperparameters of model: lasso
[2025-03-27 14:01:44,169] 110 root - INFO - Tuning Hyperparameters of model: lasso
[2025-03-27 14:01:44,219] 110 root - INFO - Tuning Hyperparameters of model: lasso
[2025-03-27 14:01:44,279] 280 root - INFO - Training model with tuned hyperparameters
[2025-03-27 14:01:45,094] 1025 httpx - INFO - HTTP Request: GET https://dagshub.com/api/v1/repos/peniel18/gold-price-prediction-system "HTTP/1.1 200 OK"
[2025-03-27 14:01:45,097] 107 dagshub - INFO - Initialized MLflow to track repo "peniel18/gold-price-prediction-system"
[2025-03-27 14:01:45,097] 107 dagshub - INFO - Repository peniel18/gold-price-prediction-system initialized!
[2025-03-27 14:01:55,150] 233 hopsworks_common.client.external - INFO - Closing external client and cleaning up certificates.
