[2025-03-27 13:51:30,334] 52 hopsworks_common.client.external - INFO - Initializing external client
[2025-03-27 13:51:30,334] 59 hopsworks_common.client.external - INFO - Base URL: https://c.app.hopsworks.ai:443
[2025-03-27 13:51:31,485] 233 hopsworks_common.client.external - INFO - Closing external client and cleaning up certificates.
[2025-03-27 13:51:34,167] 52 hopsworks_common.client.external - INFO - Initializing external client
[2025-03-27 13:51:34,167] 59 hopsworks_common.client.external - INFO - Base URL: https://c.app.hopsworks.ai:443
[2025-03-27 13:51:36,601] 134 hsfs.engine.python - INFO - Python Engine initialized.
[2025-03-27 13:51:39,582] 163 root - INFO - Data Transformation has started
[2025-03-27 13:51:39,597] 90 root - INFO - Data Cleaning has started
[2025-03-27 13:51:39,605] 108 root - INFO - Data Cleaning is succesfully completed
[2025-03-27 13:51:39,606] 90 root - INFO - Data Cleaning has started
[2025-03-27 13:51:39,610] 108 root - INFO - Data Cleaning is succesfully completed
[2025-03-27 13:51:39,610] 49 root - INFO - Feature engineering has started
[2025-03-27 13:51:39,623] 80 root - INFO - Features Succesfully engineered
[2025-03-27 13:51:39,624] 49 root - INFO - Feature engineering has started
[2025-03-27 13:51:39,635] 80 root - INFO - Features Succesfully engineered
[2025-03-27 13:51:39,991] 122 root - INFO - Getting Hopsworks Feature Group
[2025-03-27 13:51:39,991] 130 root - INFO - Creating Hopworks Feature Group
[2025-03-27 13:51:39,992] 137 root - INFO - Feature Group Succesfully Created
[2025-03-27 13:51:39,992] 122 root - INFO - Getting Hopsworks Feature Group
[2025-03-27 13:51:39,992] 130 root - INFO - Creating Hopworks Feature Group
[2025-03-27 13:51:39,992] 137 root - INFO - Feature Group Succesfully Created
[2025-03-27 13:52:20,340] 134 root - INFO - Data Validation has started
[2025-03-27 13:52:20,354] 37 root - INFO - Checking data drift
[2025-03-27 13:52:20,379] 76 root - INFO - Pushing data drifts to dagshub
[2025-03-27 13:52:43,889] 1025 httpx - INFO - HTTP Request: POST https://dagshub.com/login/oauth/middleman "HTTP/1.1 200 OK"
[2025-03-27 13:52:44,386] 1025 httpx - INFO - HTTP Request: POST https://dagshub.com/login/oauth/access_token "HTTP/1.1 200 OK"
[2025-03-27 13:52:44,981] 1025 httpx - INFO - HTTP Request: GET https://dagshub.com/api/v1/user "HTTP/1.1 200 OK"
[2025-03-27 13:52:44,986] 107 dagshub - INFO - Accessing as peniel18
[2025-03-27 13:52:45,733] 1025 httpx - INFO - HTTP Request: GET https://dagshub.com/api/v1/repos/peniel18/gold-price-prediction-system "HTTP/1.1 200 OK"
[2025-03-27 13:52:46,325] 1025 httpx - INFO - HTTP Request: GET https://dagshub.com/api/v1/user "HTTP/1.1 200 OK"
[2025-03-27 13:52:46,329] 107 dagshub - INFO - Initialized MLflow to track repo "peniel18/gold-price-prediction-system"
[2025-03-27 13:52:46,330] 107 dagshub - INFO - Repository peniel18/gold-price-prediction-system initialized!
[2025-03-27 13:55:10,377] 107 root - INFO - Validation features and column names
[2025-03-27 13:55:10,378] 112 root - INFO - Expected Columns: ['Date', 'month', 'year', 'day', 'day_week_name', 'is_weekend', 'dayOfyear', 'quarter', 'Close', 'High', 'Low', 'Open', 'Volume', 'Agg_mean', 'Agg_max', 'Agg_std', 'Agg_min', 'Kurt', 'skewness', 'lag_1', 'lag_2', 'lag_3']
[2025-03-27 13:55:10,379] 113 root - INFO - Actual Columns: Index(['Date', 'Close', 'High', 'Low', 'Open', 'Volume', 'Agg_mean', 'Agg_max',
       'Agg_std', 'Agg_min', 'Kurt', 'skewness', 'month', 'year', 'day',
       'dayOfweek', 'is_weekend', 'dayOfyear', 'quarter', 'lag_1', 'lag_2',
       'lag_3'],
      dtype='object')
[2025-03-27 13:55:10,380] 120 root - INFO - Missing Columns Detected: day_week_name
[2025-03-27 13:55:10,380] 127 root - INFO - Column count matches expected configuration
[2025-03-27 13:55:10,380] 129 root - INFO - Feature and Columns Validated Succesfully
[2025-03-27 13:55:10,380] 150 root - INFO - Columns and feature Validation Status: True
[2025-03-27 13:55:10,385] 233 hopsworks_common.client.external - INFO - Closing external client and cleaning up certificates.
[2025-03-27 13:55:10,389] 52 hopsworks_common.client.external - INFO - Initializing external client
[2025-03-27 13:55:10,390] 59 hopsworks_common.client.external - INFO - Base URL: https://c.app.hopsworks.ai:443
[2025-03-27 13:55:12,536] 134 hsfs.engine.python - INFO - Python Engine initialized.
[2025-03-27 13:55:15,954] 53 root - INFO - Get Feature View on Hopsworks 
[2025-03-27 13:55:26,497] 267 root - INFO - Tuning parameters of lasso
[2025-03-27 13:55:26,499] 110 root - INFO - Tuning Hyperparameters of model: lasso
[2025-03-27 13:55:26,566] 110 root - INFO - Tuning Hyperparameters of model: lasso
[2025-03-27 13:55:26,614] 110 root - INFO - Tuning Hyperparameters of model: lasso
[2025-03-27 13:55:26,640] 110 root - INFO - Tuning Hyperparameters of model: lasso
[2025-03-27 13:55:26,680] 110 root - INFO - Tuning Hyperparameters of model: lasso
[2025-03-27 13:55:26,732] 110 root - INFO - Tuning Hyperparameters of model: lasso
[2025-03-27 13:55:26,767] 110 root - INFO - Tuning Hyperparameters of model: lasso
[2025-03-27 13:55:26,799] 110 root - INFO - Tuning Hyperparameters of model: lasso
[2025-03-27 13:55:26,824] 110 root - INFO - Tuning Hyperparameters of model: lasso
[2025-03-27 13:55:26,846] 110 root - INFO - Tuning Hyperparameters of model: lasso
[2025-03-27 13:55:26,894] 110 root - INFO - Tuning Hyperparameters of model: lasso
[2025-03-27 13:55:26,948] 110 root - INFO - Tuning Hyperparameters of model: lasso
[2025-03-27 13:55:27,005] 110 root - INFO - Tuning Hyperparameters of model: lasso
[2025-03-27 13:55:27,059] 110 root - INFO - Tuning Hyperparameters of model: lasso
[2025-03-27 13:55:27,110] 110 root - INFO - Tuning Hyperparameters of model: lasso
[2025-03-27 13:55:27,155] 110 root - INFO - Tuning Hyperparameters of model: lasso
[2025-03-27 13:55:27,205] 110 root - INFO - Tuning Hyperparameters of model: lasso
[2025-03-27 13:55:27,261] 110 root - INFO - Tuning Hyperparameters of model: lasso
[2025-03-27 13:55:27,309] 110 root - INFO - Tuning Hyperparameters of model: lasso
[2025-03-27 13:55:27,365] 110 root - INFO - Tuning Hyperparameters of model: lasso
[2025-03-27 13:55:27,402] 280 root - INFO - Training model with tuned hyperparameters
[2025-03-27 13:55:28,034] 1025 httpx - INFO - HTTP Request: GET https://dagshub.com/api/v1/repos/peniel18/gold-price-prediction-system "HTTP/1.1 200 OK"
[2025-03-27 13:55:28,036] 107 dagshub - INFO - Initialized MLflow to track repo "peniel18/gold-price-prediction-system"
[2025-03-27 13:55:28,037] 107 dagshub - INFO - Repository peniel18/gold-price-prediction-system initialized!
[2025-03-27 13:56:49,242] 233 hopsworks_common.client.external - INFO - Closing external client and cleaning up certificates.
